{"/home/runner/work/kinguniformsefficiency/kinguniformsefficiency/src/App.tsx": {"path":"/home/runner/work/kinguniformsefficiency/kinguniformsefficiency/src/App.tsx","statementMap":{"0":{"start":{"line":1,"column":0},"end":{"line":1,"column":46}},"1":{"start":{"line":2,"column":0},"end":{"line":2,"column":50}},"2":{"start":{"line":3,"column":0},"end":{"line":3,"column":19}},"3":{"start":{"line":4,"column":0},"end":{"line":4,"column":55}},"4":{"start":{"line":5,"column":0},"end":{"line":5,"column":53}},"5":{"start":{"line":6,"column":0},"end":{"line":6,"column":57}},"6":{"start":{"line":7,"column":0},"end":{"line":7,"column":55}},"7":{"start":{"line":8,"column":0},"end":{"line":8,"column":43}},"8":{"start":{"line":9,"column":0},"end":{"line":9,"column":51}},"9":{"start":{"line":10,"column":0},"end":{"line":10,"column":null}},"10":{"start":{"line":29,"column":0},"end":{"line":29,"column":68}},"11":{"start":{"line":30,"column":0},"end":{"line":30,"column":37}},"12":{"start":{"line":38,"column":0},"end":{"line":38,"column":51}},"13":{"start":{"line":39,"column":0},"end":{"line":39,"column":57}},"14":{"start":{"line":40,"column":0},"end":{"line":40,"column":57}},"15":{"start":{"line":41,"column":0},"end":{"line":41,"column":61}},"16":{"start":{"line":42,"column":0},"end":{"line":42,"column":44}},"17":{"start":{"line":44,"column":0},"end":{"line":44,"column":null}},"18":{"start":{"line":52,"column":0},"end":{"line":52,"column":32}},"19":{"start":{"line":53,"column":0},"end":{"line":53,"column":41}},"20":{"start":{"line":54,"column":0},"end":{"line":54,"column":51}},"21":{"start":{"line":55,"column":0},"end":{"line":55,"column":26}},"22":{"start":{"line":56,"column":0},"end":{"line":56,"column":69}},"23":{"start":{"line":57,"column":0},"end":{"line":57,"column":42}},"24":{"start":{"line":58,"column":0},"end":{"line":58,"column":44}},"25":{"start":{"line":59,"column":0},"end":{"line":59,"column":50}},"26":{"start":{"line":60,"column":0},"end":{"line":60,"column":50}},"27":{"start":{"line":61,"column":0},"end":{"line":61,"column":38}},"28":{"start":{"line":62,"column":0},"end":{"line":62,"column":46}},"29":{"start":{"line":63,"column":0},"end":{"line":63,"column":48}},"30":{"start":{"line":65,"column":0},"end":{"line":65,"column":42}},"31":{"start":{"line":66,"column":0},"end":{"line":66,"column":42}},"32":{"start":{"line":67,"column":0},"end":{"line":67,"column":36}},"33":{"start":{"line":68,"column":0},"end":{"line":68,"column":42}},"34":{"start":{"line":69,"column":0},"end":{"line":69,"column":38}},"35":{"start":{"line":70,"column":0},"end":{"line":70,"column":46}},"36":{"start":{"line":71,"column":0},"end":{"line":71,"column":58}},"37":{"start":{"line":72,"column":0},"end":{"line":72,"column":54}},"38":{"start":{"line":73,"column":0},"end":{"line":73,"column":54}},"39":{"start":{"line":75,"column":0},"end":{"line":75,"column":54}},"40":{"start":{"line":76,"column":0},"end":{"line":76,"column":78}},"41":{"start":{"line":77,"column":0},"end":{"line":77,"column":56}},"42":{"start":{"line":78,"column":0},"end":{"line":78,"column":52}},"43":{"start":{"line":79,"column":0},"end":{"line":79,"column":60}},"44":{"start":{"line":80,"column":0},"end":{"line":80,"column":58}},"45":{"start":{"line":81,"column":0},"end":{"line":81,"column":66}},"46":{"start":{"line":84,"column":0},"end":{"line":84,"column":57}},"47":{"start":{"line":85,"column":0},"end":{"line":85,"column":63}},"48":{"start":{"line":86,"column":0},"end":{"line":86,"column":51}},"49":{"start":{"line":87,"column":0},"end":{"line":87,"column":59}},"50":{"start":{"line":88,"column":0},"end":{"line":88,"column":55}},"51":{"start":{"line":89,"column":0},"end":{"line":89,"column":74}},"52":{"start":{"line":108,"column":2},"end":{"line":108,"column":69}},"53":{"start":{"line":108,"column":38},"end":{"line":108,"column":67}},"54":{"start":{"line":116,"column":2},"end":{"line":123,"column":6}},"55":{"start":{"line":116,"column":36},"end":{"line":123,"column":4}},"56":{"start":{"line":118,"column":45},"end":{"line":118,"column":63}},"57":{"start":{"line":119,"column":40},"end":{"line":122,"column":6}},"58":{"start":{"line":121,"column":41},"end":{"line":121,"column":69}},"59":{"start":{"line":131,"column":2},"end":{"line":144,"column":6}},"60":{"start":{"line":131,"column":36},"end":{"line":144,"column":4}},"61":{"start":{"line":134,"column":6},"end":{"line":134,"column":52}},"62":{"start":{"line":136,"column":40},"end":{"line":143,"column":6}},"63":{"start":{"line":139,"column":8},"end":{"line":141,"column":16}},"64":{"start":{"line":152,"column":2},"end":{"line":156,"column":4}},"65":{"start":{"line":153,"column":4},"end":{"line":155,"column":15}},"66":{"start":{"line":160,"column":27},"end":{"line":160,"column":36}},"67":{"start":{"line":161,"column":38},"end":{"line":171,"column":11}},"68":{"start":{"line":172,"column":34},"end":{"line":172,"column":57}},"69":{"start":{"line":173,"column":32},"end":{"line":173,"column":54}},"70":{"start":{"line":174,"column":34},"end":{"line":174,"column":57}},"71":{"start":{"line":175,"column":28},"end":{"line":175,"column":54}},"72":{"start":{"line":176,"column":32},"end":{"line":176,"column":76}},"73":{"start":{"line":177,"column":46},"end":{"line":177,"column":61}},"74":{"start":{"line":178,"column":40},"end":{"line":178,"column":54}},"75":{"start":{"line":179,"column":52},"end":{"line":180,"column":null}},"76":{"start":{"line":182,"column":34},"end":{"line":182,"column":49}},"77":{"start":{"line":183,"column":44},"end":{"line":183,"column":63}},"78":{"start":{"line":184,"column":38},"end":{"line":184,"column":53}},"79":{"start":{"line":185,"column":44},"end":{"line":186,"column":null}},"80":{"start":{"line":188,"column":52},"end":{"line":189,"column":null}},"81":{"start":{"line":191,"column":52},"end":{"line":193,"column":14}},"82":{"start":{"line":196,"column":48},"end":{"line":196,"column":77}},"83":{"start":{"line":199,"column":4},"end":{"line":199,"column":38}},"84":{"start":{"line":200,"column":31},"end":{"line":200,"column":59}},"85":{"start":{"line":203,"column":17},"end":{"line":204,"column":48}},"86":{"start":{"line":204,"column":4},"end":{"line":204,"column":48}},"87":{"start":{"line":207,"column":2},"end":{"line":237,"column":9}},"88":{"start":{"line":209,"column":26},"end":{"line":215,"column":6}},"89":{"start":{"line":210,"column":23},"end":{"line":213,"column":9}},"90":{"start":{"line":210,"column":51},"end":{"line":213,"column":8}},"91":{"start":{"line":214,"column":6},"end":{"line":214,"column":41}},"92":{"start":{"line":217,"column":26},"end":{"line":223,"column":6}},"93":{"start":{"line":218,"column":23},"end":{"line":221,"column":9}},"94":{"start":{"line":218,"column":51},"end":{"line":221,"column":8}},"95":{"start":{"line":222,"column":6},"end":{"line":222,"column":41}},"96":{"start":{"line":225,"column":25},"end":{"line":231,"column":6}},"97":{"start":{"line":226,"column":22},"end":{"line":229,"column":9}},"98":{"start":{"line":226,"column":50},"end":{"line":229,"column":8}},"99":{"start":{"line":230,"column":6},"end":{"line":230,"column":38}},"100":{"start":{"line":232,"column":4},"end":{"line":236,"column":6}},"101":{"start":{"line":233,"column":6},"end":{"line":233,"column":22}},"102":{"start":{"line":234,"column":6},"end":{"line":234,"column":22}},"103":{"start":{"line":235,"column":6},"end":{"line":235,"column":21}},"104":{"start":{"line":239,"column":2},"end":{"line":258,"column":9}},"105":{"start":{"line":240,"column":22},"end":{"line":256,"column":5}},"106":{"start":{"line":241,"column":6},"end":{"line":255,"column":null}},"107":{"start":{"line":243,"column":31},"end":{"line":243,"column":62}},"108":{"start":{"line":244,"column":8},"end":{"line":244,"column":31}},"109":{"start":{"line":246,"column":31},"end":{"line":246,"column":71}},"110":{"start":{"line":247,"column":8},"end":{"line":252,"column":10}},"111":{"start":{"line":250,"column":15},"end":{"line":250,"column":77}},"112":{"start":{"line":254,"column":8},"end":{"line":254,"column":53}},"113":{"start":{"line":257,"column":4},"end":{"line":257,"column":16}},"114":{"start":{"line":260,"column":2},"end":{"line":284,"column":13}},"115":{"start":{"line":261,"column":4},"end":{"line":283,"column":null}},"116":{"start":{"line":263,"column":6},"end":{"line":282,"column":null}},"117":{"start":{"line":264,"column":8},"end":{"line":278,"column":10}},"118":{"start":{"line":279,"column":8},"end":{"line":279,"column":30}},"119":{"start":{"line":281,"column":8},"end":{"line":281,"column":29}},"120":{"start":{"line":286,"column":2},"end":{"line":292,"column":13}},"121":{"start":{"line":287,"column":4},"end":{"line":291,"column":null}},"122":{"start":{"line":288,"column":6},"end":{"line":288,"column":27}},"123":{"start":{"line":289,"column":20},"end":{"line":289,"column":65}},"124":{"start":{"line":289,"column":37},"end":{"line":289,"column":58}},"125":{"start":{"line":290,"column":6},"end":{"line":290,"column":39}},"126":{"start":{"line":290,"column":19},"end":{"line":290,"column":38}},"127":{"start":{"line":295,"column":2},"end":{"line":308,"column":9}},"128":{"start":{"line":296,"column":24},"end":{"line":305,"column":null}},"129":{"start":{"line":299,"column":8},"end":{"line":304,"column":10}},"130":{"start":{"line":302,"column":15},"end":{"line":302,"column":77}},"131":{"start":{"line":307,"column":4},"end":{"line":307,"column":31}},"132":{"start":{"line":307,"column":17},"end":{"line":307,"column":30}},"133":{"start":{"line":311,"column":73},"end":{"line":340,"column":3}},"134":{"start":{"line":314,"column":4},"end":{"line":339,"column":null}},"135":{"start":{"line":315,"column":21},"end":{"line":315,"column":23}},"136":{"start":{"line":318,"column":8},"end":{"line":318,"column":56}},"137":{"start":{"line":319,"column":6},"end":{"line":323,"column":null}},"138":{"start":{"line":320,"column":25},"end":{"line":320,"column":76}},"139":{"start":{"line":321,"column":8},"end":{"line":321,"column":43}},"140":{"start":{"line":322,"column":8},"end":{"line":322,"column":50}},"141":{"start":{"line":324,"column":29},"end":{"line":328,"column":8}},"142":{"start":{"line":329,"column":6},"end":{"line":333,"column":9}},"143":{"start":{"line":330,"column":8},"end":{"line":332,"column":null}},"144":{"start":{"line":331,"column":10},"end":{"line":331,"column":32}},"145":{"start":{"line":334,"column":23},"end":{"line":334,"column":49}},"146":{"start":{"line":335,"column":6},"end":{"line":335,"column":63}},"147":{"start":{"line":336,"column":6},"end":{"line":336,"column":31}},"148":{"start":{"line":338,"column":6},"end":{"line":338,"column":51}},"149":{"start":{"line":342,"column":29},"end":{"line":380,"column":3}},"150":{"start":{"line":346,"column":4},"end":{"line":379,"column":null}},"151":{"start":{"line":347,"column":21},"end":{"line":347,"column":43}},"152":{"start":{"line":348,"column":6},"end":{"line":353,"column":null}},"153":{"start":{"line":349,"column":8},"end":{"line":352,"column":10}},"154":{"start":{"line":355,"column":29},"end":{"line":358,"column":8}},"155":{"start":{"line":360,"column":6},"end":{"line":360,"column":51}},"156":{"start":{"line":361,"column":6},"end":{"line":365,"column":8}},"157":{"start":{"line":362,"column":8},"end":{"line":363,"column":null}},"158":{"start":{"line":363,"column":10},"end":{"line":363,"column":76}},"159":{"start":{"line":367,"column":6},"end":{"line":376,"column":9}},"160":{"start":{"line":368,"column":27},"end":{"line":368,"column":65}},"161":{"start":{"line":368,"column":47},"end":{"line":368,"column":64}},"162":{"start":{"line":369,"column":8},"end":{"line":374,"column":null}},"163":{"start":{"line":370,"column":10},"end":{"line":373,"column":12}},"164":{"start":{"line":375,"column":8},"end":{"line":375,"column":20}},"165":{"start":{"line":378,"column":6},"end":{"line":378,"column":53}},"166":{"start":{"line":382,"column":29},"end":{"line":390,"column":3}},"167":{"start":{"line":383,"column":4},"end":{"line":389,"column":null}},"168":{"start":{"line":384,"column":6},"end":{"line":384,"column":35}},"169":{"start":{"line":385,"column":6},"end":{"line":385,"column":69}},"170":{"start":{"line":385,"column":44},"end":{"line":385,"column":66}},"171":{"start":{"line":386,"column":6},"end":{"line":386,"column":70}},"172":{"start":{"line":386,"column":28},"end":{"line":386,"column":68}},"173":{"start":{"line":388,"column":6},"end":{"line":388,"column":53}},"174":{"start":{"line":395,"column":23},"end":{"line":419,"column":3}},"175":{"start":{"line":396,"column":4},"end":{"line":418,"column":null}},"176":{"start":{"line":399,"column":8},"end":{"line":399,"column":58}},"177":{"start":{"line":402,"column":9},"end":{"line":402,"column":73}},"178":{"start":{"line":403,"column":6},"end":{"line":408,"column":null}},"179":{"start":{"line":404,"column":8},"end":{"line":407,"column":10}},"180":{"start":{"line":409,"column":25},"end":{"line":414,"column":8}},"181":{"start":{"line":415,"column":6},"end":{"line":415,"column":35}},"182":{"start":{"line":417,"column":6},"end":{"line":417,"column":52}},"183":{"start":{"line":421,"column":30},"end":{"line":443,"column":3}},"184":{"start":{"line":425,"column":4},"end":{"line":442,"column":null}},"185":{"start":{"line":426,"column":21},"end":{"line":426,"column":44}},"186":{"start":{"line":427,"column":6},"end":{"line":432,"column":null}},"187":{"start":{"line":428,"column":8},"end":{"line":431,"column":10}},"188":{"start":{"line":433,"column":30},"end":{"line":436,"column":8}},"189":{"start":{"line":437,"column":6},"end":{"line":437,"column":54}},"190":{"start":{"line":439,"column":6},"end":{"line":439,"column":73}},"191":{"start":{"line":441,"column":6},"end":{"line":441,"column":54}},"192":{"start":{"line":445,"column":30},"end":{"line":451,"column":3}},"193":{"start":{"line":446,"column":4},"end":{"line":450,"column":null}},"194":{"start":{"line":447,"column":6},"end":{"line":447,"column":37}},"195":{"start":{"line":449,"column":6},"end":{"line":449,"column":54}},"196":{"start":{"line":453,"column":27},"end":{"line":460,"column":3}},"197":{"start":{"line":454,"column":4},"end":{"line":459,"column":null}},"198":{"start":{"line":455,"column":6},"end":{"line":455,"column":39}},"199":{"start":{"line":457,"column":6},"end":{"line":457,"column":52}},"200":{"start":{"line":458,"column":6},"end":{"line":458,"column":18}},"201":{"start":{"line":462,"column":30},"end":{"line":473,"column":3}},"202":{"start":{"line":466,"column":4},"end":{"line":472,"column":null}},"203":{"start":{"line":467,"column":6},"end":{"line":467,"column":53}},"204":{"start":{"line":469,"column":6},"end":{"line":469,"column":54}},"205":{"start":{"line":470,"column":6},"end":{"line":470,"column":57}},"206":{"start":{"line":471,"column":6},"end":{"line":471,"column":18}},"207":{"start":{"line":475,"column":30},"end":{"line":481,"column":3}},"208":{"start":{"line":476,"column":4},"end":{"line":480,"column":null}},"209":{"start":{"line":477,"column":6},"end":{"line":477,"column":37}},"210":{"start":{"line":479,"column":6},"end":{"line":479,"column":54}},"211":{"start":{"line":484,"column":2},"end":{"line":489,"column":41}},"212":{"start":{"line":485,"column":4},"end":{"line":485,"column":62}},"213":{"start":{"line":486,"column":4},"end":{"line":488,"column":null}},"214":{"start":{"line":487,"column":6},"end":{"line":487,"column":72}},"215":{"start":{"line":492,"column":2},"end":{"line":539,"column":9}},"216":{"start":{"line":494,"column":18},"end":{"line":494,"column":28}},"217":{"start":{"line":495,"column":4},"end":{"line":495,"column":31}},"218":{"start":{"line":496,"column":21},"end":{"line":496,"column":36}},"219":{"start":{"line":497,"column":4},"end":{"line":497,"column":42}},"220":{"start":{"line":499,"column":20},"end":{"line":502,"column":null}},"221":{"start":{"line":504,"column":21},"end":{"line":507,"column":null}},"222":{"start":{"line":510,"column":49},"end":{"line":510,"column":51}},"223":{"start":{"line":511,"column":28},"end":{"line":511,"column":30}},"224":{"start":{"line":514,"column":20},"end":{"line":520,"column":11}},"225":{"start":{"line":515,"column":23},"end":{"line":515,"column":52}},"226":{"start":{"line":516,"column":8},"end":{"line":518,"column":null}},"227":{"start":{"line":517,"column":10},"end":{"line":517,"column":77}},"228":{"start":{"line":519,"column":8},"end":{"line":519,"column":19}},"229":{"start":{"line":521,"column":6},"end":{"line":521,"column":30}},"230":{"start":{"line":523,"column":4},"end":{"line":530,"column":7}},"231":{"start":{"line":524,"column":6},"end":{"line":524,"column":26}},"232":{"start":{"line":525,"column":6},"end":{"line":528,"column":9}},"233":{"start":{"line":526,"column":21},"end":{"line":526,"column":31}},"234":{"start":{"line":527,"column":8},"end":{"line":527,"column":51}},"235":{"start":{"line":529,"column":6},"end":{"line":529,"column":20}},"236":{"start":{"line":531,"column":4},"end":{"line":534,"column":7}},"237":{"start":{"line":532,"column":6},"end":{"line":532,"column":59}},"238":{"start":{"line":532,"column":47},"end":{"line":532,"column":57}},"239":{"start":{"line":533,"column":6},"end":{"line":533,"column":20}},"240":{"start":{"line":535,"column":4},"end":{"line":538,"column":6}},"241":{"start":{"line":536,"column":6},"end":{"line":536,"column":35}},"242":{"start":{"line":537,"column":6},"end":{"line":537,"column":37}},"243":{"start":{"line":542,"column":2},"end":{"line":563,"column":49}},"244":{"start":{"line":543,"column":4},"end":{"line":543,"column":22}},"245":{"start":{"line":543,"column":15},"end":{"line":543,"column":22}},"246":{"start":{"line":544,"column":4},"end":{"line":544,"column":35}},"247":{"start":{"line":544,"column":28},"end":{"line":544,"column":35}},"248":{"start":{"line":547,"column":20},"end":{"line":547,"column":53}},"249":{"start":{"line":548,"column":23},"end":{"line":554,"column":5}},"250":{"start":{"line":549,"column":6},"end":{"line":549,"column":26}},"251":{"start":{"line":550,"column":6},"end":{"line":553,"column":18}},"252":{"start":{"line":551,"column":8},"end":{"line":551,"column":17}},"253":{"start":{"line":556,"column":19},"end":{"line":556,"column":70}},"254":{"start":{"line":557,"column":4},"end":{"line":557,"column":74}},"255":{"start":{"line":557,"column":30},"end":{"line":557,"column":72}},"256":{"start":{"line":558,"column":4},"end":{"line":558,"column":17}},"257":{"start":{"line":559,"column":4},"end":{"line":562,"column":6}},"258":{"start":{"line":560,"column":6},"end":{"line":560,"column":26}},"259":{"start":{"line":561,"column":6},"end":{"line":561,"column":79}},"260":{"start":{"line":561,"column":32},"end":{"line":561,"column":77}},"261":{"start":{"line":565,"column":2},"end":{"line":568,"column":null}},"262":{"start":{"line":567,"column":4},"end":{"line":567,"column":30}},"263":{"start":{"line":570,"column":2},"end":{"line":588,"column":null}},"264":{"start":{"line":571,"column":4},"end":{"line":587,"column":6}},"265":{"start":{"line":575,"column":23},"end":{"line":575,"column":44}},"266":{"start":{"line":591,"column":25},"end":{"line":591,"column":49}},"267":{"start":{"line":592,"column":28},"end":{"line":592,"column":44}},"268":{"start":{"line":593,"column":27},"end":{"line":593,"column":31}},"269":{"start":{"line":596,"column":19},"end":{"line":663,"column":4}},"270":{"start":{"line":666,"column":20},"end":{"line":700,"column":4}},"271":{"start":{"line":704,"column":50},"end":{"line":704,"column":69}},"272":{"start":{"line":705,"column":34},"end":{"line":705,"column":48}},"273":{"start":{"line":707,"column":4},"end":{"line":746,"column":11}},"274":{"start":{"line":708,"column":20},"end":{"line":744,"column":8}},"275":{"start":{"line":709,"column":32},"end":{"line":709,"column":34}},"276":{"start":{"line":710,"column":8},"end":{"line":741,"column":11}},"277":{"start":{"line":711,"column":20},"end":{"line":711,"column":58}},"278":{"start":{"line":712,"column":10},"end":{"line":712,"column":40}},"279":{"start":{"line":712,"column":33},"end":{"line":712,"column":40}},"280":{"start":{"line":713,"column":10},"end":{"line":713,"column":78}},"281":{"start":{"line":713,"column":71},"end":{"line":713,"column":78}},"282":{"start":{"line":715,"column":10},"end":{"line":724,"column":null}},"283":{"start":{"line":716,"column":12},"end":{"line":722,"column":15}},"284":{"start":{"line":723,"column":12},"end":{"line":723,"column":19}},"285":{"start":{"line":726,"column":10},"end":{"line":740,"column":null}},"286":{"start":{"line":727,"column":12},"end":{"line":739,"column":15}},"287":{"start":{"line":728,"column":14},"end":{"line":738,"column":null}},"288":{"start":{"line":729,"column":16},"end":{"line":737,"column":19}},"289":{"start":{"line":730,"column":18},"end":{"line":736,"column":21}},"290":{"start":{"line":742,"column":8},"end":{"line":742,"column":37}},"291":{"start":{"line":743,"column":8},"end":{"line":743,"column":26}},"292":{"start":{"line":745,"column":6},"end":{"line":745,"column":27}},"293":{"start":{"line":745,"column":19},"end":{"line":745,"column":26}},"294":{"start":{"line":748,"column":4},"end":{"line":749,"column":78}},"295":{"start":{"line":749,"column":6},"end":{"line":749,"column":78}},"296":{"start":{"line":750,"column":4},"end":{"line":751,"column":71}},"297":{"start":{"line":751,"column":6},"end":{"line":751,"column":71}},"298":{"start":{"line":753,"column":4},"end":{"line":772,"column":6}},"299":{"start":{"line":758,"column":12},"end":{"line":758,"column":null}},"300":{"start":{"line":788,"column":47},"end":{"line":789,"column":null}},"301":{"start":{"line":789,"column":35},"end":{"line":789,"column":49}},"302":{"start":{"line":792,"column":58},"end":{"line":792,"column":60}},"303":{"start":{"line":793,"column":4},"end":{"line":797,"column":7}},"304":{"start":{"line":794,"column":6},"end":{"line":796,"column":null}},"305":{"start":{"line":795,"column":8},"end":{"line":795,"column":49}},"306":{"start":{"line":799,"column":72},"end":{"line":799,"column":74}},"307":{"start":{"line":800,"column":4},"end":{"line":819,"column":7}},"308":{"start":{"line":801,"column":22},"end":{"line":801,"column":53}},"309":{"start":{"line":802,"column":6},"end":{"line":802,"column":27}},"310":{"start":{"line":802,"column":20},"end":{"line":802,"column":27}},"311":{"start":{"line":804,"column":32},"end":{"line":804,"column":49}},"312":{"start":{"line":805,"column":6},"end":{"line":809,"column":9}},"313":{"start":{"line":806,"column":8},"end":{"line":808,"column":11}},"314":{"start":{"line":807,"column":10},"end":{"line":807,"column":48}},"315":{"start":{"line":811,"column":6},"end":{"line":818,"column":9}},"316":{"start":{"line":812,"column":8},"end":{"line":817,"column":null}},"317":{"start":{"line":813,"column":10},"end":{"line":816,"column":13}},"318":{"start":{"line":820,"column":4},"end":{"line":820,"column":47}},"319":{"start":{"line":820,"column":35},"end":{"line":820,"column":47}},"320":{"start":{"line":821,"column":4},"end":{"line":835,"column":6}},"321":{"start":{"line":828,"column":12},"end":{"line":828,"column":null}},"322":{"start":{"line":839,"column":48},"end":{"line":839,"column":73}},"323":{"start":{"line":840,"column":34},"end":{"line":840,"column":54}},"324":{"start":{"line":842,"column":4},"end":{"line":853,"column":11}},"325":{"start":{"line":843,"column":20},"end":{"line":843,"column":24}},"326":{"start":{"line":844,"column":6},"end":{"line":849,"column":9}},"327":{"start":{"line":845,"column":8},"end":{"line":848,"column":null}},"328":{"start":{"line":846,"column":10},"end":{"line":846,"column":38}},"329":{"start":{"line":847,"column":10},"end":{"line":847,"column":28}},"330":{"start":{"line":850,"column":6},"end":{"line":852,"column":8}},"331":{"start":{"line":851,"column":8},"end":{"line":851,"column":24}},"332":{"start":{"line":855,"column":4},"end":{"line":856,"column":77}},"333":{"start":{"line":856,"column":6},"end":{"line":856,"column":77}},"334":{"start":{"line":857,"column":4},"end":{"line":857,"column":49}},"335":{"start":{"line":857,"column":37},"end":{"line":857,"column":49}},"336":{"start":{"line":859,"column":4},"end":{"line":883,"column":6}},"337":{"start":{"line":864,"column":12},"end":{"line":864,"column":null}},"338":{"start":{"line":886,"column":2},"end":{"line":1616,"column":4}},"339":{"start":{"line":931,"column":29},"end":{"line":931,"column":48}},"340":{"start":{"line":946,"column":29},"end":{"line":946,"column":50}},"341":{"start":{"line":989,"column":34},"end":{"line":989,"column":43}},"342":{"start":{"line":991,"column":16},"end":{"line":1122,"column":null}},"343":{"start":{"line":995,"column":56},"end":{"line":995,"column":78}},"344":{"start":{"line":1003,"column":39},"end":{"line":1003,"column":61}},"345":{"start":{"line":1008,"column":39},"end":{"line":1008,"column":61}},"346":{"start":{"line":1017,"column":39},"end":{"line":1017,"column":61}},"347":{"start":{"line":1022,"column":39},"end":{"line":1022,"column":61}},"348":{"start":{"line":1032,"column":38},"end":{"line":1032,"column":77}},"349":{"start":{"line":1045,"column":37},"end":{"line":1045,"column":65}},"350":{"start":{"line":1058,"column":45},"end":{"line":1058,"column":55}},"351":{"start":{"line":1060,"column":26},"end":{"line":1061,"column":null}},"352":{"start":{"line":1064,"column":30},"end":{"line":1064,"column":74}},"353":{"start":{"line":1065,"column":30},"end":{"line":1065,"column":59}},"354":{"start":{"line":1119,"column":35},"end":{"line":1119,"column":59}},"355":{"start":{"line":1169,"column":23},"end":{"line":1169,"column":43}},"356":{"start":{"line":1174,"column":25},"end":{"line":1174,"column":45}},"357":{"start":{"line":1178,"column":29},"end":{"line":1178,"column":38}},"358":{"start":{"line":1180,"column":16},"end":{"line":1208,"column":null}},"359":{"start":{"line":1186,"column":43},"end":{"line":1186,"column":53}},"360":{"start":{"line":1188,"column":24},"end":{"line":1188,"column":48}},"361":{"start":{"line":1191,"column":43},"end":{"line":1191,"column":86}},"362":{"start":{"line":1203,"column":37},"end":{"line":1203,"column":61}},"363":{"start":{"line":1279,"column":31},"end":{"line":1279,"column":62}},"364":{"start":{"line":1305,"column":31},"end":{"line":1305,"column":63}},"365":{"start":{"line":1333,"column":31},"end":{"line":1333,"column":62}},"366":{"start":{"line":1359,"column":31},"end":{"line":1359,"column":60}},"367":{"start":{"line":1385,"column":31},"end":{"line":1385,"column":67}},"368":{"start":{"line":1414,"column":31},"end":{"line":1414,"column":60}},"369":{"start":{"line":1481,"column":39},"end":{"line":1481,"column":71}},"370":{"start":{"line":1506,"column":39},"end":{"line":1506,"column":75}},"371":{"start":{"line":1540,"column":18},"end":{"line":1542,"column":39}},"372":{"start":{"line":1540,"column":39},"end":{"line":1540,"column":69}},"373":{"start":{"line":1545,"column":16},"end":{"line":1546,"column":null}},"374":{"start":{"line":1565,"column":35},"end":{"line":1565,"column":77}},"375":{"start":{"line":1568,"column":22},"end":{"line":1569,"column":67}},"376":{"start":{"line":1569,"column":24},"end":{"line":1569,"column":67}},"377":{"start":{"line":1619,"column":0},"end":{"line":1619,"column":19}}},"fnMap":{"0":{"name":"removeClientFromInvoices","decl":{"start":{"line":104,"column":9},"end":{"line":104,"column":33}},"loc":{"start":{"line":106,"column":21},"end":{"line":109,"column":1}}},"1":{"name":"(anonymous_1)","decl":{"start":{"line":108,"column":25},"end":{"line":108,"column":26}},"loc":{"start":{"line":108,"column":38},"end":{"line":108,"column":67}}},"2":{"name":"removeProductFromInvoices","decl":{"start":{"line":112,"column":9},"end":{"line":112,"column":34}},"loc":{"start":{"line":114,"column":21},"end":{"line":124,"column":1}}},"3":{"name":"(anonymous_3)","decl":{"start":{"line":116,"column":22},"end":{"line":116,"column":23}},"loc":{"start":{"line":116,"column":36},"end":{"line":123,"column":4}}},"4":{"name":"(anonymous_4)","decl":{"start":{"line":118,"column":38},"end":{"line":118,"column":39}},"loc":{"start":{"line":118,"column":45},"end":{"line":118,"column":63}}},"5":{"name":"(anonymous_5)","decl":{"start":{"line":119,"column":29},"end":{"line":119,"column":30}},"loc":{"start":{"line":119,"column":40},"end":{"line":122,"column":6}}},"6":{"name":"(anonymous_6)","decl":{"start":{"line":121,"column":31},"end":{"line":121,"column":32}},"loc":{"start":{"line":121,"column":41},"end":{"line":121,"column":69}}},"7":{"name":"updateProductInInvoices","decl":{"start":{"line":127,"column":9},"end":{"line":127,"column":32}},"loc":{"start":{"line":129,"column":21},"end":{"line":145,"column":1}}},"8":{"name":"(anonymous_8)","decl":{"start":{"line":131,"column":22},"end":{"line":131,"column":23}},"loc":{"start":{"line":131,"column":36},"end":{"line":144,"column":4}}},"9":{"name":"(anonymous_9)","decl":{"start":{"line":133,"column":35},"end":{"line":133,"column":36}},"loc":{"start":{"line":134,"column":6},"end":{"line":134,"column":52}}},"10":{"name":"(anonymous_10)","decl":{"start":{"line":136,"column":29},"end":{"line":136,"column":30}},"loc":{"start":{"line":136,"column":40},"end":{"line":143,"column":6}}},"11":{"name":"(anonymous_11)","decl":{"start":{"line":138,"column":28},"end":{"line":138,"column":29}},"loc":{"start":{"line":139,"column":8},"end":{"line":141,"column":16}}},"12":{"name":"updateClientInInvoices","decl":{"start":{"line":148,"column":9},"end":{"line":148,"column":31}},"loc":{"start":{"line":150,"column":21},"end":{"line":157,"column":1}}},"13":{"name":"(anonymous_13)","decl":{"start":{"line":152,"column":22},"end":{"line":152,"column":23}},"loc":{"start":{"line":153,"column":4},"end":{"line":155,"column":15}}},"14":{"name":"App","decl":{"start":{"line":159,"column":9},"end":{"line":159,"column":12}},"loc":{"start":{"line":159,"column":12},"end":{"line":1617,"column":1}}},"15":{"name":"(anonymous_15)","decl":{"start":{"line":203,"column":17},"end":{"line":203,"column":18}},"loc":{"start":{"line":204,"column":4},"end":{"line":204,"column":48}}},"16":{"name":"(anonymous_16)","decl":{"start":{"line":207,"column":12},"end":{"line":207,"column":15}},"loc":{"start":{"line":207,"column":17},"end":{"line":237,"column":3}}},"17":{"name":"(anonymous_17)","decl":{"start":{"line":209,"column":65},"end":{"line":209,"column":66}},"loc":{"start":{"line":209,"column":78},"end":{"line":215,"column":5}}},"18":{"name":"(anonymous_18)","decl":{"start":{"line":210,"column":41},"end":{"line":210,"column":42}},"loc":{"start":{"line":210,"column":51},"end":{"line":213,"column":8}}},"19":{"name":"(anonymous_19)","decl":{"start":{"line":217,"column":65},"end":{"line":217,"column":66}},"loc":{"start":{"line":217,"column":78},"end":{"line":223,"column":5}}},"20":{"name":"(anonymous_20)","decl":{"start":{"line":218,"column":41},"end":{"line":218,"column":42}},"loc":{"start":{"line":218,"column":51},"end":{"line":221,"column":8}}},"21":{"name":"(anonymous_21)","decl":{"start":{"line":225,"column":63},"end":{"line":225,"column":64}},"loc":{"start":{"line":225,"column":76},"end":{"line":231,"column":5}}},"22":{"name":"(anonymous_22)","decl":{"start":{"line":226,"column":40},"end":{"line":226,"column":41}},"loc":{"start":{"line":226,"column":50},"end":{"line":229,"column":8}}},"23":{"name":"(anonymous_23)","decl":{"start":{"line":232,"column":11},"end":{"line":232,"column":14}},"loc":{"start":{"line":232,"column":16},"end":{"line":236,"column":5}}},"24":{"name":"(anonymous_24)","decl":{"start":{"line":239,"column":12},"end":{"line":239,"column":15}},"loc":{"start":{"line":239,"column":17},"end":{"line":258,"column":3}}},"25":{"name":"(anonymous_25)","decl":{"start":{"line":240,"column":22},"end":{"line":240,"column":27}},"loc":{"start":{"line":240,"column":33},"end":{"line":256,"column":5}}},"26":{"name":"(anonymous_26)","decl":{"start":{"line":249,"column":12},"end":{"line":249,"column":13}},"loc":{"start":{"line":250,"column":15},"end":{"line":250,"column":77}}},"27":{"name":"(anonymous_27)","decl":{"start":{"line":260,"column":12},"end":{"line":260,"column":15}},"loc":{"start":{"line":260,"column":17},"end":{"line":284,"column":3}}},"28":{"name":"(anonymous_28)","decl":{"start":{"line":286,"column":12},"end":{"line":286,"column":15}},"loc":{"start":{"line":286,"column":17},"end":{"line":292,"column":3}}},"29":{"name":"(anonymous_29)","decl":{"start":{"line":289,"column":31},"end":{"line":289,"column":34}},"loc":{"start":{"line":289,"column":37},"end":{"line":289,"column":58}}},"30":{"name":"(anonymous_30)","decl":{"start":{"line":290,"column":13},"end":{"line":290,"column":16}},"loc":{"start":{"line":290,"column":19},"end":{"line":290,"column":38}}},"31":{"name":"(anonymous_31)","decl":{"start":{"line":295,"column":12},"end":{"line":295,"column":15}},"loc":{"start":{"line":295,"column":17},"end":{"line":308,"column":3}}},"32":{"name":"(anonymous_32)","decl":{"start":{"line":298,"column":6},"end":{"line":298,"column":7}},"loc":{"start":{"line":298,"column":29},"end":{"line":305,"column":7}}},"33":{"name":"(anonymous_33)","decl":{"start":{"line":301,"column":12},"end":{"line":301,"column":13}},"loc":{"start":{"line":302,"column":15},"end":{"line":302,"column":77}}},"34":{"name":"(anonymous_34)","decl":{"start":{"line":307,"column":11},"end":{"line":307,"column":14}},"loc":{"start":{"line":307,"column":17},"end":{"line":307,"column":30}}},"35":{"name":"(anonymous_35)","decl":{"start":{"line":311,"column":73},"end":{"line":311,"column":78}},"loc":{"start":{"line":313,"column":6},"end":{"line":340,"column":3}}},"36":{"name":"(anonymous_36)","decl":{"start":{"line":329,"column":37},"end":{"line":329,"column":38}},"loc":{"start":{"line":329,"column":45},"end":{"line":333,"column":7}}},"37":{"name":"(anonymous_37)","decl":{"start":{"line":342,"column":29},"end":{"line":342,"column":34}},"loc":{"start":{"line":345,"column":6},"end":{"line":380,"column":3}}},"38":{"name":"(anonymous_38)","decl":{"start":{"line":361,"column":17},"end":{"line":361,"column":18}},"loc":{"start":{"line":362,"column":8},"end":{"line":363,"column":null}}},"39":{"name":"(anonymous_39)","decl":{"start":{"line":362,"column":24},"end":{"line":362,"column":25}},"loc":{"start":{"line":363,"column":10},"end":{"line":363,"column":76}}},"40":{"name":"(anonymous_40)","decl":{"start":{"line":367,"column":18},"end":{"line":367,"column":19}},"loc":{"start":{"line":367,"column":27},"end":{"line":376,"column":7}}},"41":{"name":"(anonymous_41)","decl":{"start":{"line":368,"column":40},"end":{"line":368,"column":41}},"loc":{"start":{"line":368,"column":47},"end":{"line":368,"column":64}}},"42":{"name":"(anonymous_42)","decl":{"start":{"line":382,"column":29},"end":{"line":382,"column":34}},"loc":{"start":{"line":382,"column":56},"end":{"line":390,"column":3}}},"43":{"name":"(anonymous_43)","decl":{"start":{"line":385,"column":32},"end":{"line":385,"column":33}},"loc":{"start":{"line":385,"column":44},"end":{"line":385,"column":66}}},"44":{"name":"(anonymous_44)","decl":{"start":{"line":386,"column":18},"end":{"line":386,"column":19}},"loc":{"start":{"line":386,"column":28},"end":{"line":386,"column":68}}},"45":{"name":"(anonymous_45)","decl":{"start":{"line":395,"column":23},"end":{"line":395,"column":28}},"loc":{"start":{"line":395,"column":41},"end":{"line":419,"column":3}}},"46":{"name":"(anonymous_46)","decl":{"start":{"line":421,"column":30},"end":{"line":421,"column":35}},"loc":{"start":{"line":424,"column":6},"end":{"line":443,"column":3}}},"47":{"name":"(anonymous_47)","decl":{"start":{"line":445,"column":30},"end":{"line":445,"column":35}},"loc":{"start":{"line":445,"column":58},"end":{"line":451,"column":3}}},"48":{"name":"(anonymous_48)","decl":{"start":{"line":453,"column":27},"end":{"line":453,"column":32}},"loc":{"start":{"line":453,"column":66},"end":{"line":460,"column":3}}},"49":{"name":"(anonymous_49)","decl":{"start":{"line":462,"column":30},"end":{"line":462,"column":35}},"loc":{"start":{"line":465,"column":6},"end":{"line":473,"column":3}}},"50":{"name":"(anonymous_50)","decl":{"start":{"line":475,"column":30},"end":{"line":475,"column":35}},"loc":{"start":{"line":475,"column":58},"end":{"line":481,"column":3}}},"51":{"name":"(anonymous_51)","decl":{"start":{"line":484,"column":12},"end":{"line":484,"column":15}},"loc":{"start":{"line":484,"column":17},"end":{"line":489,"column":3}}},"52":{"name":"(anonymous_52)","decl":{"start":{"line":492,"column":12},"end":{"line":492,"column":15}},"loc":{"start":{"line":492,"column":17},"end":{"line":539,"column":3}}},"53":{"name":"updateTotal","decl":{"start":{"line":512,"column":13},"end":{"line":512,"column":24}},"loc":{"start":{"line":512,"column":24},"end":{"line":522,"column":5}}},"54":{"name":"(anonymous_54)","decl":{"start":{"line":514,"column":38},"end":{"line":514,"column":39}},"loc":{"start":{"line":514,"column":53},"end":{"line":520,"column":7}}},"55":{"name":"(anonymous_55)","decl":{"start":{"line":523,"column":38},"end":{"line":523,"column":39}},"loc":{"start":{"line":523,"column":47},"end":{"line":530,"column":5}}},"56":{"name":"(anonymous_56)","decl":{"start":{"line":525,"column":24},"end":{"line":525,"column":25}},"loc":{"start":{"line":525,"column":37},"end":{"line":528,"column":7}}},"57":{"name":"(anonymous_57)","decl":{"start":{"line":531,"column":40},"end":{"line":531,"column":41}},"loc":{"start":{"line":531,"column":49},"end":{"line":534,"column":5}}},"58":{"name":"(anonymous_58)","decl":{"start":{"line":532,"column":33},"end":{"line":532,"column":34}},"loc":{"start":{"line":532,"column":47},"end":{"line":532,"column":57}}},"59":{"name":"(anonymous_59)","decl":{"start":{"line":535,"column":11},"end":{"line":535,"column":14}},"loc":{"start":{"line":535,"column":16},"end":{"line":538,"column":5}}},"60":{"name":"(anonymous_60)","decl":{"start":{"line":542,"column":18},"end":{"line":542,"column":21}},"loc":{"start":{"line":542,"column":23},"end":{"line":563,"column":3}}},"61":{"name":"(anonymous_61)","decl":{"start":{"line":548,"column":23},"end":{"line":548,"column":26}},"loc":{"start":{"line":548,"column":28},"end":{"line":554,"column":5}}},"62":{"name":"(anonymous_62)","decl":{"start":{"line":550,"column":25},"end":{"line":550,"column":28}},"loc":{"start":{"line":550,"column":30},"end":{"line":553,"column":7}}},"63":{"name":"(anonymous_63)","decl":{"start":{"line":557,"column":19},"end":{"line":557,"column":20}},"loc":{"start":{"line":557,"column":30},"end":{"line":557,"column":72}}},"64":{"name":"(anonymous_64)","decl":{"start":{"line":559,"column":11},"end":{"line":559,"column":14}},"loc":{"start":{"line":559,"column":16},"end":{"line":562,"column":5}}},"65":{"name":"(anonymous_65)","decl":{"start":{"line":561,"column":21},"end":{"line":561,"column":22}},"loc":{"start":{"line":561,"column":32},"end":{"line":561,"column":77}}},"66":{"name":"(anonymous_66)","decl":{"start":{"line":575,"column":17},"end":{"line":575,"column":20}},"loc":{"start":{"line":575,"column":23},"end":{"line":575,"column":44}}},"67":{"name":"PendingProductsWidget","decl":{"start":{"line":703,"column":11},"end":{"line":703,"column":32}},"loc":{"start":{"line":703,"column":32},"end":{"line":773,"column":3}}},"68":{"name":"(anonymous_68)","decl":{"start":{"line":707,"column":14},"end":{"line":707,"column":17}},"loc":{"start":{"line":707,"column":19},"end":{"line":746,"column":5}}},"69":{"name":"(anonymous_69)","decl":{"start":{"line":708,"column":64},"end":{"line":708,"column":65}},"loc":{"start":{"line":708,"column":73},"end":{"line":744,"column":7}}},"70":{"name":"(anonymous_70)","decl":{"start":{"line":710,"column":26},"end":{"line":710,"column":27}},"loc":{"start":{"line":710,"column":34},"end":{"line":741,"column":9}}},"71":{"name":"(anonymous_71)","decl":{"start":{"line":727,"column":28},"end":{"line":727,"column":29}},"loc":{"start":{"line":727,"column":42},"end":{"line":739,"column":13}}},"72":{"name":"(anonymous_72)","decl":{"start":{"line":729,"column":35},"end":{"line":729,"column":36}},"loc":{"start":{"line":729,"column":49},"end":{"line":737,"column":17}}},"73":{"name":"(anonymous_73)","decl":{"start":{"line":745,"column":13},"end":{"line":745,"column":16}},"loc":{"start":{"line":745,"column":19},"end":{"line":745,"column":26}}},"74":{"name":"(anonymous_74)","decl":{"start":{"line":757,"column":31},"end":{"line":757,"column":32}},"loc":{"start":{"line":758,"column":12},"end":{"line":758,"column":null}}},"75":{"name":"MissingRequiredItemsSection","decl":{"start":{"line":782,"column":11},"end":{"line":782,"column":38}},"loc":{"start":{"line":786,"column":37},"end":{"line":836,"column":3}}},"76":{"name":"(anonymous_76)","decl":{"start":{"line":789,"column":19},"end":{"line":789,"column":20}},"loc":{"start":{"line":789,"column":35},"end":{"line":789,"column":49}}},"77":{"name":"(anonymous_77)","decl":{"start":{"line":793,"column":21},"end":{"line":793,"column":22}},"loc":{"start":{"line":793,"column":38},"end":{"line":797,"column":5}}},"78":{"name":"(anonymous_78)","decl":{"start":{"line":800,"column":20},"end":{"line":800,"column":21}},"loc":{"start":{"line":800,"column":39},"end":{"line":819,"column":5}}},"79":{"name":"(anonymous_79)","decl":{"start":{"line":805,"column":28},"end":{"line":805,"column":29}},"loc":{"start":{"line":805,"column":43},"end":{"line":809,"column":7}}},"80":{"name":"(anonymous_80)","decl":{"start":{"line":806,"column":27},"end":{"line":806,"column":28}},"loc":{"start":{"line":806,"column":46},"end":{"line":808,"column":9}}},"81":{"name":"(anonymous_81)","decl":{"start":{"line":811,"column":46},"end":{"line":811,"column":47}},"loc":{"start":{"line":811,"column":68},"end":{"line":818,"column":7}}},"82":{"name":"(anonymous_82)","decl":{"start":{"line":827,"column":28},"end":{"line":827,"column":29}},"loc":{"start":{"line":828,"column":12},"end":{"line":828,"column":null}}},"83":{"name":"ManualConventionalProductsWidget","decl":{"start":{"line":838,"column":11},"end":{"line":838,"column":43}},"loc":{"start":{"line":838,"column":43},"end":{"line":884,"column":3}}},"84":{"name":"(anonymous_84)","decl":{"start":{"line":842,"column":20},"end":{"line":842,"column":23}},"loc":{"start":{"line":842,"column":25},"end":{"line":853,"column":5}}},"85":{"name":"(anonymous_85)","decl":{"start":{"line":844,"column":60},"end":{"line":844,"column":61}},"loc":{"start":{"line":844,"column":73},"end":{"line":849,"column":7}}},"86":{"name":"(anonymous_86)","decl":{"start":{"line":850,"column":13},"end":{"line":850,"column":16}},"loc":{"start":{"line":850,"column":18},"end":{"line":852,"column":7}}},"87":{"name":"(anonymous_87)","decl":{"start":{"line":863,"column":30},"end":{"line":863,"column":31}},"loc":{"start":{"line":864,"column":12},"end":{"line":864,"column":null}}},"88":{"name":"(anonymous_88)","decl":{"start":{"line":931,"column":23},"end":{"line":931,"column":26}},"loc":{"start":{"line":931,"column":29},"end":{"line":931,"column":48}}},"89":{"name":"(anonymous_89)","decl":{"start":{"line":946,"column":23},"end":{"line":946,"column":26}},"loc":{"start":{"line":946,"column":29},"end":{"line":946,"column":50}}},"90":{"name":"(anonymous_90)","decl":{"start":{"line":989,"column":22},"end":{"line":989,"column":23}},"loc":{"start":{"line":989,"column":34},"end":{"line":989,"column":43}}},"91":{"name":"(anonymous_91)","decl":{"start":{"line":990,"column":19},"end":{"line":990,"column":20}},"loc":{"start":{"line":991,"column":16},"end":{"line":1122,"column":null}}},"92":{"name":"(anonymous_92)","decl":{"start":{"line":995,"column":43},"end":{"line":995,"column":44}},"loc":{"start":{"line":995,"column":56},"end":{"line":995,"column":78}}},"93":{"name":"(anonymous_93)","decl":{"start":{"line":1003,"column":26},"end":{"line":1003,"column":27}},"loc":{"start":{"line":1003,"column":39},"end":{"line":1003,"column":61}}},"94":{"name":"(anonymous_94)","decl":{"start":{"line":1008,"column":26},"end":{"line":1008,"column":27}},"loc":{"start":{"line":1008,"column":39},"end":{"line":1008,"column":61}}},"95":{"name":"(anonymous_95)","decl":{"start":{"line":1017,"column":26},"end":{"line":1017,"column":27}},"loc":{"start":{"line":1017,"column":39},"end":{"line":1017,"column":61}}},"96":{"name":"(anonymous_96)","decl":{"start":{"line":1022,"column":26},"end":{"line":1022,"column":27}},"loc":{"start":{"line":1022,"column":39},"end":{"line":1022,"column":61}}},"97":{"name":"(anonymous_97)","decl":{"start":{"line":1032,"column":31},"end":{"line":1032,"column":32}},"loc":{"start":{"line":1032,"column":38},"end":{"line":1032,"column":77}}},"98":{"name":"(anonymous_98)","decl":{"start":{"line":1045,"column":31},"end":{"line":1045,"column":34}},"loc":{"start":{"line":1045,"column":37},"end":{"line":1045,"column":65}}},"99":{"name":"(anonymous_99)","decl":{"start":{"line":1058,"column":32},"end":{"line":1058,"column":33}},"loc":{"start":{"line":1058,"column":45},"end":{"line":1058,"column":55}}},"100":{"name":"(anonymous_100)","decl":{"start":{"line":1059,"column":29},"end":{"line":1059,"column":30}},"loc":{"start":{"line":1060,"column":26},"end":{"line":1061,"column":null}}},"101":{"name":"(anonymous_101)","decl":{"start":{"line":1063,"column":37},"end":{"line":1063,"column":40}},"loc":{"start":{"line":1063,"column":42},"end":{"line":1066,"column":29}}},"102":{"name":"(anonymous_102)","decl":{"start":{"line":1119,"column":29},"end":{"line":1119,"column":32}},"loc":{"start":{"line":1119,"column":35},"end":{"line":1119,"column":59}}},"103":{"name":"(anonymous_103)","decl":{"start":{"line":1169,"column":17},"end":{"line":1169,"column":20}},"loc":{"start":{"line":1169,"column":23},"end":{"line":1169,"column":43}}},"104":{"name":"(anonymous_104)","decl":{"start":{"line":1174,"column":19},"end":{"line":1174,"column":22}},"loc":{"start":{"line":1174,"column":25},"end":{"line":1174,"column":45}}},"105":{"name":"(anonymous_105)","decl":{"start":{"line":1178,"column":22},"end":{"line":1178,"column":23}},"loc":{"start":{"line":1178,"column":29},"end":{"line":1178,"column":38}}},"106":{"name":"(anonymous_106)","decl":{"start":{"line":1179,"column":19},"end":{"line":1179,"column":20}},"loc":{"start":{"line":1180,"column":16},"end":{"line":1208,"column":null}}},"107":{"name":"(anonymous_107)","decl":{"start":{"line":1186,"column":30},"end":{"line":1186,"column":31}},"loc":{"start":{"line":1186,"column":43},"end":{"line":1186,"column":53}}},"108":{"name":"(anonymous_108)","decl":{"start":{"line":1187,"column":27},"end":{"line":1187,"column":28}},"loc":{"start":{"line":1188,"column":24},"end":{"line":1188,"column":48}}},"109":{"name":"(anonymous_109)","decl":{"start":{"line":1191,"column":37},"end":{"line":1191,"column":40}},"loc":{"start":{"line":1191,"column":43},"end":{"line":1191,"column":86}}},"110":{"name":"(anonymous_110)","decl":{"start":{"line":1203,"column":31},"end":{"line":1203,"column":34}},"loc":{"start":{"line":1203,"column":37},"end":{"line":1203,"column":61}}},"111":{"name":"(anonymous_111)","decl":{"start":{"line":1279,"column":25},"end":{"line":1279,"column":28}},"loc":{"start":{"line":1279,"column":31},"end":{"line":1279,"column":62}}},"112":{"name":"(anonymous_112)","decl":{"start":{"line":1305,"column":25},"end":{"line":1305,"column":28}},"loc":{"start":{"line":1305,"column":31},"end":{"line":1305,"column":63}}},"113":{"name":"(anonymous_113)","decl":{"start":{"line":1333,"column":25},"end":{"line":1333,"column":28}},"loc":{"start":{"line":1333,"column":31},"end":{"line":1333,"column":62}}},"114":{"name":"(anonymous_114)","decl":{"start":{"line":1359,"column":25},"end":{"line":1359,"column":28}},"loc":{"start":{"line":1359,"column":31},"end":{"line":1359,"column":60}}},"115":{"name":"(anonymous_115)","decl":{"start":{"line":1385,"column":25},"end":{"line":1385,"column":28}},"loc":{"start":{"line":1385,"column":31},"end":{"line":1385,"column":67}}},"116":{"name":"(anonymous_116)","decl":{"start":{"line":1414,"column":25},"end":{"line":1414,"column":28}},"loc":{"start":{"line":1414,"column":31},"end":{"line":1414,"column":60}}},"117":{"name":"(anonymous_117)","decl":{"start":{"line":1481,"column":32},"end":{"line":1481,"column":33}},"loc":{"start":{"line":1481,"column":39},"end":{"line":1481,"column":71}}},"118":{"name":"(anonymous_118)","decl":{"start":{"line":1506,"column":32},"end":{"line":1506,"column":33}},"loc":{"start":{"line":1506,"column":39},"end":{"line":1506,"column":75}}},"119":{"name":"(anonymous_119)","decl":{"start":{"line":1539,"column":16},"end":{"line":1539,"column":17}},"loc":{"start":{"line":1540,"column":18},"end":{"line":1542,"column":39}}},"120":{"name":"(anonymous_120)","decl":{"start":{"line":1540,"column":32},"end":{"line":1540,"column":33}},"loc":{"start":{"line":1540,"column":39},"end":{"line":1540,"column":69}}},"121":{"name":"(anonymous_121)","decl":{"start":{"line":1544,"column":19},"end":{"line":1544,"column":20}},"loc":{"start":{"line":1545,"column":16},"end":{"line":1546,"column":null}}},"122":{"name":"(anonymous_122)","decl":{"start":{"line":1565,"column":29},"end":{"line":1565,"column":32}},"loc":{"start":{"line":1565,"column":35},"end":{"line":1565,"column":77}}},"123":{"name":"(anonymous_123)","decl":{"start":{"line":1567,"column":31},"end":{"line":1567,"column":32}},"loc":{"start":{"line":1567,"column":37},"end":{"line":1570,"column":21}}}},"branchMap":{"0":{"loc":{"start":{"line":134,"column":6},"end":{"line":134,"column":52}},"type":"cond-expr","locations":[{"start":{"line":134,"column":28},"end":{"line":134,"column":48}},{"start":{"line":134,"column":51},"end":{"line":134,"column":52}}]},"1":{"loc":{"start":{"line":139,"column":8},"end":{"line":141,"column":16}},"type":"cond-expr","locations":[{"start":{"line":140,"column":12},"end":{"line":140,"column":72}},{"start":{"line":141,"column":12},"end":{"line":141,"column":16}}]},"2":{"loc":{"start":{"line":153,"column":4},"end":{"line":155,"column":15}},"type":"cond-expr","locations":[{"start":{"line":154,"column":8},"end":{"line":154,"column":47}},{"start":{"line":155,"column":8},"end":{"line":155,"column":15}}]},"3":{"loc":{"start":{"line":186,"column":4},"end":{"line":186,"column":52}},"type":"binary-expr","locations":[{"start":{"line":186,"column":4},"end":{"line":186,"column":46}},{"start":{"line":186,"column":50},"end":{"line":186,"column":52}}]},"4":{"loc":{"start":{"line":189,"column":4},"end":{"line":189,"column":58}},"type":"binary-expr","locations":[{"start":{"line":189,"column":4},"end":{"line":189,"column":50}},{"start":{"line":189,"column":54},"end":{"line":189,"column":58}}]},"5":{"loc":{"start":{"line":204,"column":4},"end":{"line":204,"column":48}},"type":"binary-expr","locations":[{"start":{"line":204,"column":4},"end":{"line":204,"column":8}},{"start":{"line":204,"column":12},"end":{"line":204,"column":48}}]},"6":{"loc":{"start":{"line":261,"column":4},"end":{"line":283,"column":null}},"type":"if","locations":[{"start":{"line":261,"column":4},"end":{"line":283,"column":null}},{"start":{},"end":{}}]},"7":{"loc":{"start":{"line":263,"column":6},"end":{"line":282,"column":null}},"type":"if","locations":[{"start":{"line":263,"column":6},"end":{"line":282,"column":null}},{"start":{"line":280,"column":13},"end":{"line":282,"column":null}}]},"8":{"loc":{"start":{"line":265,"column":10},"end":{"line":277,"column":20}},"type":"cond-expr","locations":[{"start":{"line":266,"column":14},"end":{"line":266,"column":20}},{"start":{"line":267,"column":14},"end":{"line":277,"column":20}}]},"9":{"loc":{"start":{"line":267,"column":14},"end":{"line":277,"column":20}},"type":"cond-expr","locations":[{"start":{"line":268,"column":14},"end":{"line":268,"column":24}},{"start":{"line":269,"column":14},"end":{"line":277,"column":20}}]},"10":{"loc":{"start":{"line":269,"column":14},"end":{"line":277,"column":20}},"type":"cond-expr","locations":[{"start":{"line":270,"column":14},"end":{"line":270,"column":23}},{"start":{"line":271,"column":14},"end":{"line":277,"column":20}}]},"11":{"loc":{"start":{"line":271,"column":14},"end":{"line":277,"column":20}},"type":"cond-expr","locations":[{"start":{"line":272,"column":14},"end":{"line":272,"column":27}},{"start":{"line":273,"column":14},"end":{"line":277,"column":20}}]},"12":{"loc":{"start":{"line":273,"column":14},"end":{"line":277,"column":20}},"type":"cond-expr","locations":[{"start":{"line":274,"column":14},"end":{"line":274,"column":23}},{"start":{"line":275,"column":14},"end":{"line":277,"column":20}}]},"13":{"loc":{"start":{"line":275,"column":14},"end":{"line":277,"column":20}},"type":"cond-expr","locations":[{"start":{"line":276,"column":14},"end":{"line":276,"column":24}},{"start":{"line":277,"column":14},"end":{"line":277,"column":20}}]},"14":{"loc":{"start":{"line":287,"column":4},"end":{"line":291,"column":null}},"type":"if","locations":[{"start":{"line":287,"column":4},"end":{"line":291,"column":null}},{"start":{},"end":{}}]},"15":{"loc":{"start":{"line":318,"column":8},"end":{"line":318,"column":56}},"type":"cond-expr","locations":[{"start":{"line":318,"column":37},"end":{"line":318,"column":41}},{"start":{"line":318,"column":44},"end":{"line":318,"column":56}}]},"16":{"loc":{"start":{"line":319,"column":6},"end":{"line":323,"column":null}},"type":"if","locations":[{"start":{"line":319,"column":6},"end":{"line":323,"column":null}},{"start":{},"end":{}}]},"17":{"loc":{"start":{"line":327,"column":12},"end":{"line":327,"column":40}},"type":"cond-expr","locations":[{"start":{"line":327,"column":23},"end":{"line":327,"column":35}},{"start":{"line":327,"column":38},"end":{"line":327,"column":40}}]},"18":{"loc":{"start":{"line":330,"column":8},"end":{"line":332,"column":null}},"type":"if","locations":[{"start":{"line":330,"column":8},"end":{"line":332,"column":null}},{"start":{},"end":{}}]},"19":{"loc":{"start":{"line":348,"column":6},"end":{"line":353,"column":null}},"type":"if","locations":[{"start":{"line":348,"column":6},"end":{"line":353,"column":null}},{"start":{},"end":{}}]},"20":{"loc":{"start":{"line":363,"column":10},"end":{"line":363,"column":76}},"type":"cond-expr","locations":[{"start":{"line":363,"column":35},"end":{"line":363,"column":67}},{"start":{"line":363,"column":70},"end":{"line":363,"column":76}}]},"21":{"loc":{"start":{"line":369,"column":8},"end":{"line":374,"column":null}},"type":"if","locations":[{"start":{"line":369,"column":8},"end":{"line":374,"column":null}},{"start":{},"end":{}}]},"22":{"loc":{"start":{"line":399,"column":8},"end":{"line":399,"column":58}},"type":"cond-expr","locations":[{"start":{"line":399,"column":38},"end":{"line":399,"column":42}},{"start":{"line":399,"column":45},"end":{"line":399,"column":58}}]},"23":{"loc":{"start":{"line":402,"column":9},"end":{"line":402,"column":73}},"type":"cond-expr","locations":[{"start":{"line":402,"column":48},"end":{"line":402,"column":69}},{"start":{"line":402,"column":72},"end":{"line":402,"column":73}}]},"24":{"loc":{"start":{"line":403,"column":6},"end":{"line":408,"column":null}},"type":"if","locations":[{"start":{"line":403,"column":6},"end":{"line":408,"column":null}},{"start":{},"end":{}}]},"25":{"loc":{"start":{"line":427,"column":6},"end":{"line":432,"column":null}},"type":"if","locations":[{"start":{"line":427,"column":6},"end":{"line":432,"column":null}},{"start":{},"end":{}}]},"26":{"loc":{"start":{"line":486,"column":4},"end":{"line":488,"column":null}},"type":"if","locations":[{"start":{"line":486,"column":4},"end":{"line":488,"column":null}},{"start":{},"end":{}}]},"27":{"loc":{"start":{"line":516,"column":8},"end":{"line":518,"column":null}},"type":"if","locations":[{"start":{"line":516,"column":8},"end":{"line":518,"column":null}},{"start":{},"end":{}}]},"28":{"loc":{"start":{"line":516,"column":12},"end":{"line":516,"column":65}},"type":"binary-expr","locations":[{"start":{"line":516,"column":12},"end":{"line":516,"column":41}},{"start":{"line":516,"column":45},"end":{"line":516,"column":65}}]},"29":{"loc":{"start":{"line":517,"column":24},"end":{"line":517,"column":75}},"type":"cond-expr","locations":[{"start":{"line":517,"column":59},"end":{"line":517,"column":71}},{"start":{"line":517,"column":74},"end":{"line":517,"column":75}}]},"30":{"loc":{"start":{"line":527,"column":33},"end":{"line":527,"column":50}},"type":"binary-expr","locations":[{"start":{"line":527,"column":33},"end":{"line":527,"column":44}},{"start":{"line":527,"column":48},"end":{"line":527,"column":50}}]},"31":{"loc":{"start":{"line":536,"column":6},"end":{"line":536,"column":34}},"type":"binary-expr","locations":[{"start":{"line":536,"column":6},"end":{"line":536,"column":17}},{"start":{"line":536,"column":21},"end":{"line":536,"column":34}}]},"32":{"loc":{"start":{"line":537,"column":6},"end":{"line":537,"column":36}},"type":"binary-expr","locations":[{"start":{"line":537,"column":6},"end":{"line":537,"column":18}},{"start":{"line":537,"column":22},"end":{"line":537,"column":36}}]},"33":{"loc":{"start":{"line":543,"column":4},"end":{"line":543,"column":22}},"type":"if","locations":[{"start":{"line":543,"column":4},"end":{"line":543,"column":22}},{"start":{},"end":{}}]},"34":{"loc":{"start":{"line":544,"column":4},"end":{"line":544,"column":35}},"type":"if","locations":[{"start":{"line":544,"column":4},"end":{"line":544,"column":35}},{"start":{},"end":{}}]},"35":{"loc":{"start":{"line":547,"column":21},"end":{"line":547,"column":45}},"type":"binary-expr","locations":[{"start":{"line":547,"column":21},"end":{"line":547,"column":39}},{"start":{"line":547,"column":43},"end":{"line":547,"column":45}}]},"36":{"loc":{"start":{"line":563,"column":20},"end":{"line":563,"column":46}},"type":"binary-expr","locations":[{"start":{"line":563,"column":20},"end":{"line":563,"column":24}},{"start":{"line":563,"column":28},"end":{"line":563,"column":46}}]},"37":{"loc":{"start":{"line":565,"column":2},"end":{"line":568,"column":null}},"type":"if","locations":[{"start":{"line":565,"column":2},"end":{"line":568,"column":null}},{"start":{},"end":{}}]},"38":{"loc":{"start":{"line":570,"column":2},"end":{"line":588,"column":null}},"type":"if","locations":[{"start":{"line":570,"column":2},"end":{"line":588,"column":null}},{"start":{},"end":{}}]},"39":{"loc":{"start":{"line":602,"column":8},"end":{"line":602,"column":77}},"type":"binary-expr","locations":[{"start":{"line":602,"column":8},"end":{"line":602,"column":31}},{"start":{"line":602,"column":35},"end":{"line":602,"column":56}},{"start":{"line":602,"column":60},"end":{"line":602,"column":77}}]},"40":{"loc":{"start":{"line":712,"column":10},"end":{"line":712,"column":40}},"type":"if","locations":[{"start":{"line":712,"column":10},"end":{"line":712,"column":40}},{"start":{},"end":{}}]},"41":{"loc":{"start":{"line":713,"column":10},"end":{"line":713,"column":78}},"type":"if","locations":[{"start":{"line":713,"column":10},"end":{"line":713,"column":78}},{"start":{},"end":{}}]},"42":{"loc":{"start":{"line":713,"column":14},"end":{"line":713,"column":69}},"type":"binary-expr","locations":[{"start":{"line":713,"column":14},"end":{"line":713,"column":36}},{"start":{"line":713,"column":40},"end":{"line":713,"column":69}}]},"43":{"loc":{"start":{"line":715,"column":10},"end":{"line":724,"column":null}},"type":"if","locations":[{"start":{"line":715,"column":10},"end":{"line":724,"column":null}},{"start":{},"end":{}}]},"44":{"loc":{"start":{"line":715,"column":14},"end":{"line":715,"column":76}},"type":"binary-expr","locations":[{"start":{"line":715,"column":14},"end":{"line":715,"column":44}},{"start":{"line":715,"column":48},"end":{"line":715,"column":59}},{"start":{"line":715,"column":63},"end":{"line":715,"column":76}}]},"45":{"loc":{"start":{"line":726,"column":10},"end":{"line":740,"column":null}},"type":"if","locations":[{"start":{"line":726,"column":10},"end":{"line":740,"column":null}},{"start":{},"end":{}}]},"46":{"loc":{"start":{"line":726,"column":14},"end":{"line":726,"column":58}},"type":"binary-expr","locations":[{"start":{"line":726,"column":14},"end":{"line":726,"column":36}},{"start":{"line":726,"column":40},"end":{"line":726,"column":58}}]},"47":{"loc":{"start":{"line":728,"column":14},"end":{"line":738,"column":null}},"type":"if","locations":[{"start":{"line":728,"column":14},"end":{"line":738,"column":null}},{"start":{},"end":{}}]},"48":{"loc":{"start":{"line":728,"column":18},"end":{"line":728,"column":68}},"type":"binary-expr","locations":[{"start":{"line":728,"column":18},"end":{"line":728,"column":43}},{"start":{"line":728,"column":47},"end":{"line":728,"column":68}}]},"49":{"loc":{"start":{"line":748,"column":4},"end":{"line":749,"column":78}},"type":"if","locations":[{"start":{"line":748,"column":4},"end":{"line":749,"column":78}},{"start":{},"end":{}}]},"50":{"loc":{"start":{"line":750,"column":4},"end":{"line":751,"column":71}},"type":"if","locations":[{"start":{"line":750,"column":4},"end":{"line":751,"column":71}},{"start":{},"end":{}}]},"51":{"loc":{"start":{"line":761,"column":15},"end":{"line":766,"column":null}},"type":"binary-expr","locations":[{"start":{"line":761,"column":15},"end":{"line":761,"column":29}},{"start":{"line":762,"column":16},"end":{"line":765,"column":null}}]},"52":{"loc":{"start":{"line":758,"column":43},"end":{"line":758,"column":65}},"type":"binary-expr","locations":[{"start":{"line":758,"column":43},"end":{"line":758,"column":54}},{"start":{"line":758,"column":58},"end":{"line":758,"column":65}}]},"53":{"loc":{"start":{"line":794,"column":6},"end":{"line":796,"column":null}},"type":"if","locations":[{"start":{"line":794,"column":6},"end":{"line":796,"column":null}},{"start":{},"end":{}}]},"54":{"loc":{"start":{"line":802,"column":6},"end":{"line":802,"column":27}},"type":"if","locations":[{"start":{"line":802,"column":6},"end":{"line":802,"column":27}},{"start":{},"end":{}}]},"55":{"loc":{"start":{"line":811,"column":7},"end":{"line":811,"column":36}},"type":"binary-expr","locations":[{"start":{"line":811,"column":7},"end":{"line":811,"column":30}},{"start":{"line":811,"column":34},"end":{"line":811,"column":36}}]},"56":{"loc":{"start":{"line":812,"column":8},"end":{"line":817,"column":null}},"type":"if","locations":[{"start":{"line":812,"column":8},"end":{"line":817,"column":null}},{"start":{},"end":{}}]},"57":{"loc":{"start":{"line":815,"column":25},"end":{"line":815,"column":59}},"type":"binary-expr","locations":[{"start":{"line":815,"column":25},"end":{"line":815,"column":46}},{"start":{"line":815,"column":50},"end":{"line":815,"column":59}}]},"58":{"loc":{"start":{"line":820,"column":4},"end":{"line":820,"column":47}},"type":"if","locations":[{"start":{"line":820,"column":4},"end":{"line":820,"column":47}},{"start":{},"end":{}}]},"59":{"loc":{"start":{"line":845,"column":8},"end":{"line":848,"column":null}},"type":"if","locations":[{"start":{"line":845,"column":8},"end":{"line":848,"column":null}},{"start":{},"end":{}}]},"60":{"loc":{"start":{"line":855,"column":4},"end":{"line":856,"column":77}},"type":"if","locations":[{"start":{"line":855,"column":4},"end":{"line":856,"column":77}},{"start":{},"end":{}}]},"61":{"loc":{"start":{"line":857,"column":4},"end":{"line":857,"column":49}},"type":"if","locations":[{"start":{"line":857,"column":4},"end":{"line":857,"column":49}},{"start":{},"end":{}}]},"62":{"loc":{"start":{"line":868,"column":15},"end":{"line":877,"column":null}},"type":"binary-expr","locations":[{"start":{"line":868,"column":15},"end":{"line":868,"column":29}},{"start":{"line":869,"column":16},"end":{"line":876,"column":null}}]},"63":{"loc":{"start":{"line":873,"column":20},"end":{"line":875,"column":38}},"type":"cond-expr","locations":[{"start":{"line":874,"column":24},"end":{"line":874,"column":53}},{"start":{"line":875,"column":24},"end":{"line":875,"column":38}}]},"64":{"loc":{"start":{"line":864,"column":21},"end":{"line":864,"column":35}},"type":"binary-expr","locations":[{"start":{"line":864,"column":21},"end":{"line":864,"column":28}},{"start":{"line":864,"column":32},"end":{"line":864,"column":35}}]},"65":{"loc":{"start":{"line":991,"column":16},"end":{"line":1122,"column":null}},"type":"cond-expr","locations":[{"start":{"line":992,"column":18},"end":{"line":992,"column":39}},{"start":{"line":1089,"column":18},"end":{"line":1090,"column":null}}]},"66":{"loc":{"start":{"line":995,"column":24},"end":{"line":997,"column":37}},"type":"cond-expr","locations":[{"start":{"line":996,"column":28},"end":{"line":996,"column":37}},{"start":{"line":997,"column":28},"end":{"line":997,"column":37}}]},"67":{"loc":{"start":{"line":1002,"column":31},"end":{"line":1006,"column":34}},"type":"cond-expr","locations":[{"start":{"line":1005,"column":28},"end":{"line":1005,"column":46}},{"start":{"line":1006,"column":28},"end":{"line":1006,"column":34}}]},"68":{"loc":{"start":{"line":1007,"column":33},"end":{"line":1011,"column":41}},"type":"cond-expr","locations":[{"start":{"line":1010,"column":28},"end":{"line":1010,"column":52}},{"start":{"line":1011,"column":28},"end":{"line":1011,"column":41}}]},"69":{"loc":{"start":{"line":1016,"column":35},"end":{"line":1020,"column":34}},"type":"cond-expr","locations":[{"start":{"line":1019,"column":28},"end":{"line":1019,"column":61}},{"start":{"line":1020,"column":28},"end":{"line":1020,"column":34}}]},"70":{"loc":{"start":{"line":1021,"column":38},"end":{"line":1025,"column":51}},"type":"cond-expr","locations":[{"start":{"line":1024,"column":28},"end":{"line":1024,"column":56}},{"start":{"line":1025,"column":28},"end":{"line":1025,"column":51}}]},"71":{"loc":{"start":{"line":1039,"column":24},"end":{"line":1043,"column":33}},"type":"cond-expr","locations":[{"start":{"line":1042,"column":28},"end":{"line":1042,"column":32}},{"start":{"line":1043,"column":28},"end":{"line":1043,"column":33}}]},"72":{"loc":{"start":{"line":1039,"column":24},"end":{"line":1041,"column":70}},"type":"binary-expr","locations":[{"start":{"line":1039,"column":24},"end":{"line":1039,"column":44}},{"start":{"line":1040,"column":24},"end":{"line":1040,"column":43}},{"start":{"line":1041,"column":24},"end":{"line":1041,"column":70}}]},"73":{"loc":{"start":{"line":1070,"column":37},"end":{"line":1070,"column":89}},"type":"cond-expr","locations":[{"start":{"line":1070,"column":62},"end":{"line":1070,"column":80}},{"start":{"line":1070,"column":83},"end":{"line":1070,"column":89}}]},"74":{"loc":{"start":{"line":1071,"column":39},"end":{"line":1071,"column":104}},"type":"cond-expr","locations":[{"start":{"line":1071,"column":64},"end":{"line":1071,"column":88}},{"start":{"line":1071,"column":91},"end":{"line":1071,"column":104}}]},"75":{"loc":{"start":{"line":1072,"column":44},"end":{"line":1072,"column":123}},"type":"cond-expr","locations":[{"start":{"line":1072,"column":69},"end":{"line":1072,"column":97}},{"start":{"line":1072,"column":100},"end":{"line":1072,"column":123}}]},"76":{"loc":{"start":{"line":1091,"column":27},"end":{"line":1091,"column":75}},"type":"cond-expr","locations":[{"start":{"line":1091,"column":54},"end":{"line":1091,"column":63}},{"start":{"line":1091,"column":66},"end":{"line":1091,"column":75}}]},"77":{"loc":{"start":{"line":1096,"column":24},"end":{"line":1096,"column":78}},"type":"cond-expr","locations":[{"start":{"line":1096,"column":51},"end":{"line":1096,"column":69}},{"start":{"line":1096,"column":72},"end":{"line":1096,"column":78}}]},"78":{"loc":{"start":{"line":1098,"column":24},"end":{"line":1100,"column":41}},"type":"cond-expr","locations":[{"start":{"line":1099,"column":28},"end":{"line":1099,"column":52}},{"start":{"line":1100,"column":28},"end":{"line":1100,"column":41}}]},"79":{"loc":{"start":{"line":1106,"column":24},"end":{"line":1108,"column":34}},"type":"cond-expr","locations":[{"start":{"line":1107,"column":28},"end":{"line":1107,"column":61}},{"start":{"line":1108,"column":28},"end":{"line":1108,"column":34}}]},"80":{"loc":{"start":{"line":1110,"column":24},"end":{"line":1112,"column":51}},"type":"cond-expr","locations":[{"start":{"line":1111,"column":28},"end":{"line":1111,"column":56}},{"start":{"line":1112,"column":28},"end":{"line":1112,"column":51}}]},"81":{"loc":{"start":{"line":1180,"column":16},"end":{"line":1208,"column":null}},"type":"cond-expr","locations":[{"start":{"line":1181,"column":18},"end":{"line":1181,"column":null}},{"start":{"line":1200,"column":18},"end":{"line":1200,"column":44}}]},"82":{"loc":{"start":{"line":1223,"column":7},"end":{"line":1233,"column":null}},"type":"binary-expr","locations":[{"start":{"line":1223,"column":7},"end":{"line":1223,"column":28}},{"start":{"line":1224,"column":8},"end":{"line":1232,"column":null}}]},"83":{"loc":{"start":{"line":1235,"column":7},"end":{"line":1236,"column":null}},"type":"binary-expr","locations":[{"start":{"line":1235,"column":7},"end":{"line":1235,"column":32}},{"start":{"line":1235,"column":36},"end":{"line":1235,"column":59}},{"start":{"line":1236,"column":8},"end":{"line":1236,"column":61}}]},"84":{"loc":{"start":{"line":1238,"column":7},"end":{"line":1239,"column":null}},"type":"binary-expr","locations":[{"start":{"line":1238,"column":7},"end":{"line":1238,"column":31}},{"start":{"line":1238,"column":35},"end":{"line":1238,"column":52}},{"start":{"line":1239,"column":8},"end":{"line":1239,"column":63}}]},"85":{"loc":{"start":{"line":1241,"column":7},"end":{"line":1241,"column":79}},"type":"binary-expr","locations":[{"start":{"line":1241,"column":7},"end":{"line":1241,"column":35}},{"start":{"line":1241,"column":39},"end":{"line":1241,"column":60}},{"start":{"line":1241,"column":64},"end":{"line":1241,"column":79}}]},"86":{"loc":{"start":{"line":1242,"column":7},"end":{"line":1242,"column":50}},"type":"binary-expr","locations":[{"start":{"line":1242,"column":7},"end":{"line":1242,"column":31}},{"start":{"line":1242,"column":35},"end":{"line":1242,"column":50}}]},"87":{"loc":{"start":{"line":1243,"column":7},"end":{"line":1243,"column":54}},"type":"binary-expr","locations":[{"start":{"line":1243,"column":7},"end":{"line":1243,"column":33}},{"start":{"line":1243,"column":37},"end":{"line":1243,"column":54}}]},"88":{"loc":{"start":{"line":1244,"column":7},"end":{"line":1529,"column":null}},"type":"binary-expr","locations":[{"start":{"line":1244,"column":7},"end":{"line":1244,"column":32}},{"start":{"line":1244,"column":36},"end":{"line":1244,"column":50}},{"start":{"line":1245,"column":8},"end":{"line":1528,"column":null}}]},"89":{"loc":{"start":{"line":1275,"column":18},"end":{"line":1277,"column":null}},"type":"cond-expr","locations":[{"start":{"line":1276,"column":22},"end":{"line":1276,"column":36}},{"start":{"line":1277,"column":22},"end":{"line":1277,"column":null}}]},"90":{"loc":{"start":{"line":1287,"column":20},"end":{"line":1289,"column":30}},"type":"cond-expr","locations":[{"start":{"line":1288,"column":24},"end":{"line":1288,"column":56}},{"start":{"line":1289,"column":24},"end":{"line":1289,"column":30}}]},"91":{"loc":{"start":{"line":1291,"column":20},"end":{"line":1291,"column":79}},"type":"cond-expr","locations":[{"start":{"line":1291,"column":54},"end":{"line":1291,"column":70}},{"start":{"line":1291,"column":73},"end":{"line":1291,"column":79}}]},"92":{"loc":{"start":{"line":1292,"column":25},"end":{"line":1292,"column":77}},"type":"cond-expr","locations":[{"start":{"line":1292,"column":59},"end":{"line":1292,"column":65}},{"start":{"line":1292,"column":68},"end":{"line":1292,"column":77}}]},"93":{"loc":{"start":{"line":1301,"column":18},"end":{"line":1303,"column":null}},"type":"cond-expr","locations":[{"start":{"line":1302,"column":22},"end":{"line":1302,"column":36}},{"start":{"line":1303,"column":22},"end":{"line":1303,"column":null}}]},"94":{"loc":{"start":{"line":1313,"column":20},"end":{"line":1315,"column":30}},"type":"cond-expr","locations":[{"start":{"line":1314,"column":24},"end":{"line":1314,"column":56}},{"start":{"line":1315,"column":24},"end":{"line":1315,"column":30}}]},"95":{"loc":{"start":{"line":1317,"column":20},"end":{"line":1319,"column":30}},"type":"cond-expr","locations":[{"start":{"line":1318,"column":24},"end":{"line":1318,"column":40}},{"start":{"line":1319,"column":24},"end":{"line":1319,"column":30}}]},"96":{"loc":{"start":{"line":1320,"column":25},"end":{"line":1320,"column":78}},"type":"cond-expr","locations":[{"start":{"line":1320,"column":60},"end":{"line":1320,"column":66}},{"start":{"line":1320,"column":69},"end":{"line":1320,"column":78}}]},"97":{"loc":{"start":{"line":1329,"column":18},"end":{"line":1331,"column":null}},"type":"cond-expr","locations":[{"start":{"line":1330,"column":22},"end":{"line":1330,"column":36}},{"start":{"line":1331,"column":22},"end":{"line":1331,"column":null}}]},"98":{"loc":{"start":{"line":1341,"column":20},"end":{"line":1343,"column":30}},"type":"cond-expr","locations":[{"start":{"line":1342,"column":24},"end":{"line":1342,"column":56}},{"start":{"line":1343,"column":24},"end":{"line":1343,"column":30}}]},"99":{"loc":{"start":{"line":1345,"column":20},"end":{"line":1345,"column":79}},"type":"cond-expr","locations":[{"start":{"line":1345,"column":54},"end":{"line":1345,"column":70}},{"start":{"line":1345,"column":73},"end":{"line":1345,"column":79}}]},"100":{"loc":{"start":{"line":1346,"column":25},"end":{"line":1346,"column":77}},"type":"cond-expr","locations":[{"start":{"line":1346,"column":59},"end":{"line":1346,"column":65}},{"start":{"line":1346,"column":68},"end":{"line":1346,"column":77}}]},"101":{"loc":{"start":{"line":1355,"column":18},"end":{"line":1357,"column":null}},"type":"cond-expr","locations":[{"start":{"line":1356,"column":22},"end":{"line":1356,"column":36}},{"start":{"line":1357,"column":22},"end":{"line":1357,"column":null}}]},"102":{"loc":{"start":{"line":1367,"column":20},"end":{"line":1369,"column":30}},"type":"cond-expr","locations":[{"start":{"line":1368,"column":24},"end":{"line":1368,"column":56}},{"start":{"line":1369,"column":24},"end":{"line":1369,"column":30}}]},"103":{"loc":{"start":{"line":1371,"column":20},"end":{"line":1371,"column":77}},"type":"cond-expr","locations":[{"start":{"line":1371,"column":52},"end":{"line":1371,"column":68}},{"start":{"line":1371,"column":71},"end":{"line":1371,"column":77}}]},"104":{"loc":{"start":{"line":1372,"column":25},"end":{"line":1372,"column":75}},"type":"cond-expr","locations":[{"start":{"line":1372,"column":57},"end":{"line":1372,"column":63}},{"start":{"line":1372,"column":66},"end":{"line":1372,"column":75}}]},"105":{"loc":{"start":{"line":1381,"column":18},"end":{"line":1383,"column":null}},"type":"cond-expr","locations":[{"start":{"line":1382,"column":22},"end":{"line":1382,"column":36}},{"start":{"line":1383,"column":22},"end":{"line":1383,"column":null}}]},"106":{"loc":{"start":{"line":1393,"column":20},"end":{"line":1395,"column":30}},"type":"cond-expr","locations":[{"start":{"line":1394,"column":24},"end":{"line":1394,"column":56}},{"start":{"line":1395,"column":24},"end":{"line":1395,"column":30}}]},"107":{"loc":{"start":{"line":1397,"column":20},"end":{"line":1399,"column":30}},"type":"cond-expr","locations":[{"start":{"line":1398,"column":24},"end":{"line":1398,"column":40}},{"start":{"line":1399,"column":24},"end":{"line":1399,"column":30}}]},"108":{"loc":{"start":{"line":1401,"column":20},"end":{"line":1401,"column":77}},"type":"cond-expr","locations":[{"start":{"line":1401,"column":59},"end":{"line":1401,"column":65}},{"start":{"line":1401,"column":68},"end":{"line":1401,"column":77}}]},"109":{"loc":{"start":{"line":1410,"column":18},"end":{"line":1412,"column":null}},"type":"cond-expr","locations":[{"start":{"line":1411,"column":22},"end":{"line":1411,"column":36}},{"start":{"line":1412,"column":22},"end":{"line":1412,"column":null}}]},"110":{"loc":{"start":{"line":1422,"column":20},"end":{"line":1424,"column":30}},"type":"cond-expr","locations":[{"start":{"line":1423,"column":24},"end":{"line":1423,"column":56}},{"start":{"line":1424,"column":24},"end":{"line":1424,"column":30}}]},"111":{"loc":{"start":{"line":1426,"column":20},"end":{"line":1426,"column":77}},"type":"cond-expr","locations":[{"start":{"line":1426,"column":52},"end":{"line":1426,"column":68}},{"start":{"line":1426,"column":71},"end":{"line":1426,"column":77}}]},"112":{"loc":{"start":{"line":1427,"column":25},"end":{"line":1427,"column":75}},"type":"cond-expr","locations":[{"start":{"line":1427,"column":57},"end":{"line":1427,"column":63}},{"start":{"line":1427,"column":66},"end":{"line":1427,"column":75}}]},"113":{"loc":{"start":{"line":1438,"column":13},"end":{"line":1447,"column":null}},"type":"binary-expr","locations":[{"start":{"line":1438,"column":13},"end":{"line":1438,"column":44}},{"start":{"line":1438,"column":48},"end":{"line":1438,"column":64}},{"start":{"line":1439,"column":14},"end":{"line":1446,"column":null}}]},"114":{"loc":{"start":{"line":1449,"column":13},"end":{"line":1457,"column":null}},"type":"binary-expr","locations":[{"start":{"line":1449,"column":13},"end":{"line":1449,"column":45}},{"start":{"line":1449,"column":49},"end":{"line":1449,"column":66}},{"start":{"line":1450,"column":14},"end":{"line":1456,"column":null}}]},"115":{"loc":{"start":{"line":1459,"column":13},"end":{"line":1462,"column":null}},"type":"binary-expr","locations":[{"start":{"line":1459,"column":13},"end":{"line":1459,"column":44}},{"start":{"line":1460,"column":14},"end":{"line":1461,"column":null}}]},"116":{"loc":{"start":{"line":1464,"column":13},"end":{"line":1467,"column":null}},"type":"binary-expr","locations":[{"start":{"line":1464,"column":13},"end":{"line":1464,"column":42}},{"start":{"line":1464,"column":46},"end":{"line":1464,"column":60}},{"start":{"line":1465,"column":14},"end":{"line":1466,"column":null}}]},"117":{"loc":{"start":{"line":1469,"column":13},"end":{"line":1520,"column":null}},"type":"binary-expr","locations":[{"start":{"line":1469,"column":13},"end":{"line":1469,"column":49}},{"start":{"line":1470,"column":14},"end":{"line":1519,"column":null}}]},"118":{"loc":{"start":{"line":1505,"column":29},"end":{"line":1505,"column":52}},"type":"binary-expr","locations":[{"start":{"line":1505,"column":29},"end":{"line":1505,"column":46}},{"start":{"line":1505,"column":50},"end":{"line":1505,"column":52}}]},"119":{"loc":{"start":{"line":1510,"column":19},"end":{"line":1517,"column":null}},"type":"binary-expr","locations":[{"start":{"line":1510,"column":19},"end":{"line":1510,"column":36}},{"start":{"line":1511,"column":20},"end":{"line":1516,"column":null}}]},"120":{"loc":{"start":{"line":1522,"column":13},"end":{"line":1526,"column":null}},"type":"binary-expr","locations":[{"start":{"line":1522,"column":13},"end":{"line":1522,"column":42}},{"start":{"line":1523,"column":14},"end":{"line":1525,"column":null}}]},"121":{"loc":{"start":{"line":1531,"column":7},"end":{"line":1587,"column":null}},"type":"binary-expr","locations":[{"start":{"line":1531,"column":7},"end":{"line":1531,"column":28}},{"start":{"line":1532,"column":8},"end":{"line":1586,"column":null}}]},"122":{"loc":{"start":{"line":1540,"column":18},"end":{"line":1542,"column":39}},"type":"binary-expr","locations":[{"start":{"line":1540,"column":18},"end":{"line":1540,"column":70}},{"start":{"line":1541,"column":18},"end":{"line":1541,"column":38}},{"start":{"line":1542,"column":18},"end":{"line":1542,"column":39}}]},"123":{"loc":{"start":{"line":1540,"column":39},"end":{"line":1540,"column":69}},"type":"binary-expr","locations":[{"start":{"line":1540,"column":39},"end":{"line":1540,"column":56}},{"start":{"line":1540,"column":60},"end":{"line":1540,"column":69}}]},"124":{"loc":{"start":{"line":1568,"column":22},"end":{"line":1569,"column":67}},"type":"if","locations":[{"start":{"line":1568,"column":22},"end":{"line":1569,"column":67}},{"start":{},"end":{}}]},"125":{"loc":{"start":{"line":1590,"column":7},"end":{"line":1593,"column":null}},"type":"binary-expr","locations":[{"start":{"line":1590,"column":7},"end":{"line":1590,"column":28}},{"start":{"line":1591,"column":8},"end":{"line":1591,"column":null}}]},"126":{"loc":{"start":{"line":1595,"column":7},"end":{"line":1599,"column":null}},"type":"binary-expr","locations":[{"start":{"line":1595,"column":7},"end":{"line":1595,"column":32}},{"start":{"line":1596,"column":8},"end":{"line":1597,"column":null}}]},"127":{"loc":{"start":{"line":1601,"column":7},"end":{"line":1601,"column":45}},"type":"binary-expr","locations":[{"start":{"line":1601,"column":7},"
[...]
d":{"line":368,"column":44}},"loc":{"start":{"line":368,"column":81},"end":{"line":375,"column":1}}},"31":{"name":"(anonymous_31)","decl":{"start":{"line":377,"column":36},"end":{"line":377,"column":41}},"loc":{"start":{"line":377,"column":47},"end":{"line":397,"column":1}}},"32":{"name":"(anonymous_32)","decl":{"start":{"line":388,"column":23},"end":{"line":388,"column":26}},"loc":{"start":{"line":388,"column":29},"end":{"line":396,"column":3}}},"33":{"name":"(anonymous_33)","decl":{"start":{"line":399,"column":34},"end":{"line":399,"column":39}},"loc":{"start":{"line":399,"column":45},"end":{"line":410,"column":1}}},"34":{"name":"(anonymous_34)","decl":{"start":{"line":401,"column":23},"end":{"line":401,"column":26}},"loc":{"start":{"line":401,"column":29},"end":{"line":409,"column":3}}},"35":{"name":"(anonymous_35)","decl":{"start":{"line":413,"column":44},"end":{"line":413,"column":49}},"loc":{"start":{"line":421,"column":5},"end":{"line":433,"column":1}}},"36":{"name":"(anonymous_36)","decl":{"start":{"line":436,"column":52},"end":{"line":436,"column":57}},"loc":{"start":{"line":436,"column":86},"end":{"line":448,"column":1}}},"37":{"name":"(anonymous_37)","decl":{"start":{"line":447,"column":23},"end":{"line":447,"column":26}},"loc":{"start":{"line":447,"column":31},"end":{"line":447,"column":60}}},"38":{"name":"(anonymous_38)","decl":{"start":{"line":451,"column":47},"end":{"line":451,"column":52}},"loc":{"start":{"line":451,"column":81},"end":{"line":453,"column":1}}},"39":{"name":"autoFixSegregatedCartsForTunnelClients","decl":{"start":{"line":456,"column":16},"end":{"line":456,"column":54}},"loc":{"start":{"line":456,"column":54},"end":{"line":479,"column":1}}},"40":{"name":"(anonymous_40)","decl":{"start":{"line":482,"column":50},"end":{"line":482,"column":55}},"loc":{"start":{"line":482,"column":76},"end":{"line":499,"column":1}}},"41":{"name":"(anonymous_41)","decl":{"start":{"line":502,"column":34},"end":{"line":502,"column":39}},"loc":{"start":{"line":505,"column":19},"end":{"line":509,"column":1}}},"42":{"name":"getClientAvatarUrl","decl":{"start":{"line":512,"column":16},"end":{"line":512,"column":34}},"loc":{"start":{"line":512,"column":64},"end":{"line":517,"column":1}}},"43":{"name":"(anonymous_43)","decl":{"start":{"line":520,"column":48},"end":{"line":520,"column":53}},"loc":{"start":{"line":520,"column":110},"end":{"line":559,"column":1}}},"44":{"name":"(anonymous_44)","decl":{"start":{"line":524,"column":27},"end":{"line":524,"column":28}},"loc":{"start":{"line":524,"column":39},"end":{"line":557,"column":3}}},"45":{"name":"(anonymous_45)","decl":{"start":{"line":528,"column":53},"end":{"line":528,"column":54}},"loc":{"start":{"line":528,"column":64},"end":{"line":534,"column":5}}},"46":{"name":"(anonymous_46)","decl":{"start":{"line":536,"column":47},"end":{"line":536,"column":48}},"loc":{"start":{"line":536,"column":63},"end":{"line":549,"column":6}}},"47":{"name":"(anonymous_47)","decl":{"start":{"line":538,"column":36},"end":{"line":538,"column":37}},"loc":{"start":{"line":538,"column":50},"end":{"line":548,"column":7}}}},"branchMap":{"0":{"loc":{"start":{"line":36,"column":22},"end":{"line":36,"column":51}},"type":"binary-expr","locations":[{"start":{"line":36,"column":22},"end":{"line":36,"column":45}},{"start":{"line":36,"column":49},"end":{"line":36,"column":51}}]},"1":{"loc":{"start":{"line":37,"column":14},"end":{"line":37,"column":38}},"type":"binary-expr","locations":[{"start":{"line":37,"column":14},"end":{"line":37,"column":29}},{"start":{"line":37,"column":33},"end":{"line":37,"column":38}}]},"2":{"loc":{"start":{"line":111,"column":4},"end":{"line":113,"column":null}},"type":"if","locations":[{"start":{"line":111,"column":4},"end":{"line":113,"column":null}},{"start":{},"end":{}}]},"3":{"loc":{"start":{"line":111,"column":8},"end":{"line":111,"column":74}},"type":"binary-expr","locations":[{"start":{"line":111,"column":8},"end":{"line":111,"column":46}},{"start":{"line":111,"column":50},"end":{"line":111,"column":74}}]},"4":{"loc":{"start":{"line":120,"column":27},"end":{"line":120,"column":88}},"type":"binary-expr","locations":[{"start":{"line":120,"column":27},"end":{"line":120,"column":56}},{"start":{"line":120,"column":60},"end":{"line":120,"column":88}}]},"5":{"loc":{"start":{"line":152,"column":25},"end":{"line":152,"column":60}},"type":"binary-expr","locations":[{"start":{"line":152,"column":25},"end":{"line":152,"column":47}},{"start":{"line":152,"column":51},"end":{"line":152,"column":60}}]},"6":{"loc":{"start":{"line":153,"column":19},"end":{"line":153,"column":48}},"type":"binary-expr","locations":[{"start":{"line":153,"column":19},"end":{"line":153,"column":35}},{"start":{"line":153,"column":39},"end":{"line":153,"column":48}}]},"7":{"loc":{"start":{"line":177,"column":2},"end":{"line":192,"column":null}},"type":"if","locations":[{"start":{"line":177,"column":2},"end":{"line":192,"column":null}},{"start":{"line":179,"column":9},"end":{"line":192,"column":null}}]},"8":{"loc":{"start":{"line":179,"column":9},"end":{"line":192,"column":null}},"type":"if","locations":[{"start":{"line":179,"column":9},"end":{"line":192,"column":null}},{"start":{},"end":{}}]},"9":{"loc":{"start":{"line":179,"column":13},"end":{"line":179,"column":43}},"type":"binary-expr","locations":[{"start":{"line":179,"column":13},"end":{"line":179,"column":16}},{"start":{"line":179,"column":20},"end":{"line":179,"column":43}}]},"10":{"loc":{"start":{"line":182,"column":6},"end":{"line":182,"column":40}},"type":"if","locations":[{"start":{"line":182,"column":6},"end":{"line":182,"column":40}},{"start":{},"end":{}}]},"11":{"loc":{"start":{"line":183,"column":6},"end":{"line":189,"column":null}},"type":"if","locations":[{"start":{"line":183,"column":6},"end":{"line":189,"column":null}},{"start":{"line":185,"column":13},"end":{"line":189,"column":null}}]},"12":{"loc":{"start":{"line":185,"column":13},"end":{"line":189,"column":null}},"type":"if","locations":[{"start":{"line":185,"column":13},"end":{"line":189,"column":null}},{"start":{"line":187,"column":13},"end":{"line":189,"column":null}}]},"13":{"loc":{"start":{"line":204,"column":4},"end":{"line":206,"column":null}},"type":"if","locations":[{"start":{"line":204,"column":4},"end":{"line":206,"column":null}},{"start":{},"end":{}}]},"14":{"loc":{"start":{"line":265,"column":12},"end":{"line":265,"column":24}},"type":"binary-expr","locations":[{"start":{"line":265,"column":12},"end":{"line":265,"column":16}},{"start":{"line":265,"column":20},"end":{"line":265,"column":24}}]},"15":{"loc":{"start":{"line":286,"column":17},"end":{"line":286,"column":104}},"type":"cond-expr","locations":[{"start":{"line":286,"column":51},"end":{"line":286,"column":86}},{"start":{"line":286,"column":89},"end":{"line":286,"column":104}}]},"16":{"loc":{"start":{"line":338,"column":21},"end":{"line":338,"column":76}},"type":"cond-expr","locations":[{"start":{"line":338,"column":52},"end":{"line":338,"column":72}},{"start":{"line":338,"column":75},"end":{"line":338,"column":76}}]},"17":{"loc":{"start":{"line":343,"column":21},"end":{"line":343,"column":67}},"type":"cond-expr","locations":[{"start":{"line":343,"column":43},"end":{"line":343,"column":60}},{"start":{"line":343,"column":63},"end":{"line":343,"column":67}}]},"18":{"loc":{"start":{"line":345,"column":6},"end":{"line":349,"column":null}},"type":"if","locations":[{"start":{"line":345,"column":6},"end":{"line":349,"column":null}},{"start":{"line":347,"column":13},"end":{"line":349,"column":null}}]},"19":{"loc":{"start":{"line":345,"column":10},"end":{"line":345,"column":83}},"type":"binary-expr","locations":[{"start":{"line":345,"column":10},"end":{"line":345,"column":16}},{"start":{"line":345,"column":20},"end":{"line":345,"column":51}},{"start":{"line":345,"column":55},"end":{"line":345,"column":83}}]},"20":{"loc":{"start":{"line":358,"column":17},"end":{"line":358,"column":119}},"type":"cond-expr","locations":[{"start":{"line":358,"column":56},"end":{"line":358,"column":71}},{"start":{"line":358,"column":74},"end":{"line":358,"column":119}}]},"21":{"loc":{"start":{"line":359,"column":15},"end":{"line":359,"column":111}},"type":"cond-expr","locations":[{"start":{"line":359,"column":52},"end":{"line":359,"column":65}},{"start":{"line":359,"column":68},"end":{"line":359,"column":111}}]},"22":{"loc":{"start":{"line":393,"column":17},"end":{"line":393,"column":105}},"type":"cond-expr","locations":[{"start":{"line":393,"column":55},"end":{"line":393,"column":78}},{"start":{"line":393,"column":81},"end":{"line":393,"column":105}}]},"23":{"loc":{"start":{"line":394,"column":15},"end":{"line":394,"column":97}},"type":"cond-expr","locations":[{"start":{"line":394,"column":51},"end":{"line":394,"column":72}},{"start":{"line":394,"column":75},"end":{"line":394,"column":97}}]},"24":{"loc":{"start":{"line":406,"column":17},"end":{"line":406,"column":105}},"type":"cond-expr","locations":[{"start":{"line":406,"column":55},"end":{"line":406,"column":78}},{"start":{"line":406,"column":81},"end":{"line":406,"column":105}}]},"25":{"loc":{"start":{"line":407,"column":15},"end":{"line":407,"column":97}},"type":"cond-expr","locations":[{"start":{"line":407,"column":51},"end":{"line":407,"column":72}},{"start":{"line":407,"column":75},"end":{"line":407,"column":97}}]},"26":{"loc":{"start":{"line":430,"column":15},"end":{"line":430,"column":124}},"type":"cond-expr","locations":[{"start":{"line":430,"column":48},"end":{"line":430,"column":57}},{"start":{"line":430,"column":60},"end":{"line":430,"column":124}}]},"27":{"loc":{"start":{"line":430,"column":79},"end":{"line":430,"column":123}},"type":"cond-expr","locations":[{"start":{"line":430,"column":91},"end":{"line":430,"column":110}},{"start":{"line":430,"column":113},"end":{"line":430,"column":123}}]},"28":{"loc":{"start":{"line":436,"column":59},"end":{"line":436,"column":82}},"type":"default-arg","locations":[{"start":{"line":436,"column":72},"end":{"line":436,"column":82}}]},"29":{"loc":{"start":{"line":461,"column":6},"end":{"line":461,"column":36}},"type":"if","locations":[{"start":{"line":461,"column":6},"end":{"line":461,"column":36}},{"start":{},"end":{}}]},"30":{"loc":{"start":{"line":463,"column":6},"end":{"line":463,"column":41}},"type":"if","locations":[{"start":{"line":463,"column":6},"end":{"line":463,"column":41}},{"start":{},"end":{}}]},"31":{"loc":{"start":{"line":465,"column":6},"end":{"line":474,"column":null}},"type":"if","locations":[{"start":{"line":465,"column":6},"end":{"line":474,"column":null}},{"start":{},"end":{}}]},"32":{"loc":{"start":{"line":466,"column":8},"end":{"line":469,"column":48}},"type":"binary-expr","locations":[{"start":{"line":466,"column":8},"end":{"line":466,"column":39}},{"start":{"line":467,"column":8},"end":{"line":467,"column":36}},{"start":{"line":468,"column":8},"end":{"line":468,"column":42}},{"start":{"line":469,"column":8},"end":{"line":469,"column":48}}]},"33":{"loc":{"start":{"line":484,"column":2},"end":{"line":484,"column":34}},"type":"if","locations":[{"start":{"line":484,"column":2},"end":{"line":484,"column":34}},{"start":{},"end":{}}]},"34":{"loc":{"start":{"line":486,"column":2},"end":{"line":486,"column":30}},"type":"if","locations":[{"start":{"line":486,"column":2},"end":{"line":486,"column":30}},{"start":{},"end":{}}]},"35":{"loc":{"start":{"line":488,"column":2},"end":{"line":488,"column":35}},"type":"if","locations":[{"start":{"line":488,"column":2},"end":{"line":488,"column":35}},{"start":{},"end":{}}]},"36":{"loc":{"start":{"line":490,"column":2},"end":{"line":498,"column":null}},"type":"if","locations":[{"start":{"line":490,"column":2},"end":{"line":498,"column":null}},{"start":{},"end":{}}]},"37":{"loc":{"start":{"line":491,"column":4},"end":{"line":493,"column":30}},"type":"binary-expr","locations":[{"start":{"line":491,"column":4},"end":{"line":491,"column":35}},{"start":{"line":492,"column":4},"end":{"line":492,"column":32}},{"start":{"line":493,"column":4},"end":{"line":493,"column":30}}]},"38":{"loc":{"start":{"line":513,"column":2},"end":{"line":515,"column":null}},"type":"if","locations":[{"start":{"line":513,"column":2},"end":{"line":515,"column":null}},{"start":{},"end":{}}]},"39":{"loc":{"start":{"line":513,"column":6},"end":{"line":513,"column":84}},"type":"binary-expr","locations":[{"start":{"line":513,"column":6},"end":{"line":513,"column":12}},{"start":{"line":513,"column":16},"end":{"line":513,"column":51}},{"start":{"line":513,"column":55},"end":{"line":513,"column":84}}]},"40":{"loc":{"start":{"line":528,"column":25},"end":{"line":528,"column":47}},"type":"binary-expr","locations":[{"start":{"line":528,"column":25},"end":{"line":528,"column":41}},{"start":{"line":528,"column":45},"end":{"line":528,"column":47}}]},"41":{"loc":{"start":{"line":529,"column":6},"end":{"line":532,"column":null}},"type":"if","locations":[{"start":{"line":529,"column":6},"end":{"line":532,"column":null}},{"start":{},"end":{}}]},"42":{"loc":{"start":{"line":536,"column":22},"end":{"line":536,"column":41}},"type":"binary-expr","locations":[{"start":{"line":536,"column":22},"end":{"line":536,"column":35}},{"start":{"line":536,"column":39},"end":{"line":536,"column":41}}]},"43":{"loc":{"start":{"line":538,"column":14},"end":{"line":538,"column":30}},"type":"binary-expr","locations":[{"start":{"line":538,"column":14},"end":{"line":538,"column":24}},{"start":{"line":538,"column":28},"end":{"line":538,"column":30}}]},"44":{"loc":{"start":{"line":539,"column":8},"end":{"line":546,"column":null}},"type":"if","locations":[{"start":{"line":539,"column":8},"end":{"line":546,"column":null}},{"start":{},"end":{}}]},"45":{"loc":{"start":{"line":543,"column":25},"end":{"line":543,"column":64}},"type":"binary-expr","locations":[{"start":{"line":543,"column":25},"end":{"line":543,"column":44}},{"start":{"line":543,"column":48},"end":{"line":543,"column":64}}]},"46":{"loc":{"start":{"line":544,"column":19},"end":{"line":544,"column":53}},"type":"binary-expr","locations":[{"start":{"line":544,"column":19},"end":{"line":544,"column":39}},{"start":{"line":544,"column":43},"end":{"line":544,"column":53}}]},"47":{"loc":{"start":{"line":550,"column":4},"end":{"line":556,"column":null}},"type":"if","locations":[{"start":{"line":550,"column":4},"end":{"line":556,"column":null}},{"start":{},"end":{}}]}},"s":{"0":1,"1":1,"2":1,"3":1,"4":0,"5":0,"6":0,"7":0,"8":0,"9":0,"10":0,"11":1,"12":1,"13":0,"14":0,"15":0,"16":1,"17":1,"18":0,"19":1,"20":1,"21":0,"22":0,"23":0,"24":0,"25":0,"26":0,"27":0,"28":0,"29":0,"30":1,"31":1,"32":0,"33":0,"34":0,"35":0,"36":0,"37":0,"38":0,"39":0,"40":1,"41":1,"42":0,"43":0,"44":1,"45":1,"46":0,"47":1,"48":1,"49":0,"50":0,"51":0,"52":0,"53":0,"54":0,"55":0,"56":0,"57":0,"58":1,"59":1,"60":1,"61":0,"62":0,"63":0,"64":0,"65":0,"66":0,"67":0,"68":1,"69":1,"70":0,"71":0,"72":0,"73":0,"74":0,"75":1,"76":1,"77":0,"78":0,"79":1,"80":1,"81":0,"82":0,"83":0,"84":0,"85":1,"86":1,"87":0,"88":0,"89":0,"90":0,"91":1,"92":1,"93":0,"94":0,"95":0,"96":0,"97":0,"98":1,"99":0,"100":0,"101":0,"102":0,"103":0,"104":0,"105":0,"106":0,"107":0,"108":0,"109":0,"110":0,"111":0,"112":0,"113":1,"114":0,"115":0,"116":0,"117":0,"118":0,"119":0,"120":0,"121":0,"122":0,"123":0,"124":0,"125":1,"126":1,"127":0,"128":0,"129":1,"130":1,"131":0,"132":1,"133":1,"134":0,"135":0,"136":0,"137":0,"138":0,"139":0,"140":0,"141":0,"142":0,"143":1,"144":1,"145":0,"146":0,"147":0,"148":1,"149":0,"150":0,"151":1,"152":1,"153":0,"154":0,"155":0,"156":0,"157":0,"158":0,"159":0,"160":0,"161":1,"162":1,"163":0,"164":0,"165":0,"166":0,"167":1,"168":1,"169":0,"170":0,"171":0,"172":0,"173":1,"174":1,"175":0,"176":0,"177":0,"178":0,"179":0,"180":0,"181":0,"182":0,"183":0,"184":0,"185":0,"186":0,"187":0,"188":0,"189":1,"190":1,"191":0,"192":0,"193":0,"194":0,"195":1,"196":1,"197":0,"198":0,"199":0,"200":0,"201":0,"202":0,"203":0,"204":0,"205":0,"206":1,"207":1,"208":0,"209":0,"210":0,"211":0,"212":1,"213":1,"214":0,"215":0,"216":0,"217":1,"218":1,"219":0,"220":0,"221":0,"222":0,"223":0,"224":0,"225":0,"226":0,"227":1,"228":1,"229":0,"230":1,"231":1,"232":1,"233":1,"234":1,"235":0,"236":0,"237":0,"238":0,"239":0,"240":0,"241":0,"242":0,"243":0,"244":1,"245":0,"246":0,"247":0,"248":0,"249":0,"250":0,"251":0,"252":0,"253":0,"254":0,"255":0,"256":0,"257":1,"258":1,"259":0,"260":1,"261":6,"262":2,"263":4,"264":1,"265":1,"266":0,"267":0,"268":0,"269":0,"270":0,"271":0,"272":0,"273":0,"274":0,"275":0,"276":0,"277":0,"278":0,"279":0,"280":0,"281":0,"282":0,"283":0,"284":0,"285":1},"f":{"0":0,"1":0,"2":0,"3":0,"4":0,"5":0,"6":0,"7":0,"8":0,"9":0,"10":0,"11":0,"12":0,"13":0,"14":0,"15":0,"16":0,"17":0,"18":0,"19":0,"20":0,"21":0,"22":0,"23":0,"24":0,"25":0,"26":0,"27":0,"28":0,"29":0,"30":0,"31":0,"32":0,"33":0,"34":0,"35":0,"36":0,"37":0,"38":0,"39":1,"40":0,"41":0,"42":6,"43":0,"44":0,"45":0,"46":0,"47":0},"b":{"0":[0,0],"1":[0,0],"2":[0,0],"3":[0,0],"4":[0,0],"5":[0,0],"6":[0,0],"7":[0,0],"8":[0,0],"9":[0,0],"10":[0,0],"11":[0,0],"12":[0,0],"13":[0,0],"14":[0,0],"15":[0,0],"16":[0,0],"17":[0,0],"18":[0,0],"19":[0,0,0],"20":[0,0],"21":[0,0],"22":[0,0],"23":[0,0],"24":[0,0],"25":[0,0],"26":[0,0],"27":[0,0],"28":[0],"29":[0,0],"30":[0,0],"31":[0,0],"32":[0,0,0,0],"33":[0,0],"34":[0,0],"35":[0,0],"36":[0,0],"37":[0,0,0],"38":[2,4],"39":[6,5,4],"40":[0,0],"41":[0,0],"42":[0,0],"43":[0,0],"44":[0,0],"45":[0,0],"46":[0,0],"47":[0,0]}}
,"/home/runner/work/kinguniformsefficiency/kinguniformsefficiency/src/services/themeService.ts": {"path":"/home/runner/work/kinguniformsefficiency/kinguniformsefficiency/src/services/themeService.ts","statementMap":{"0":{"start":{"line":2,"column":0},"end":{"line":2,"column":69}},"1":{"start":{"line":3,"column":0},"end":{"line":3,"column":33}},"2":{"start":{"line":5,"column":21},"end":{"line":5,"column":29}},"3":{"start":{"line":6,"column":25},"end":{"line":6,"column":41}},"4":{"start":{"line":9,"column":17},"end":{"line":9,"column":56}},"5":{"start":{"line":10,"column":15},"end":{"line":10,"column":35}},"6":{"start":{"line":11,"column":2},"end":{"line":11,"column":42}},"7":{"start":{"line":8,"column":0},"end":{"line":8,"column":7}},"8":{"start":{"line":15,"column":17},"end":{"line":15,"column":56}},"9":{"start":{"line":16,"column":2},"end":{"line":16,"column":50}},"10":{"start":{"line":14,"column":0},"end":{"line":14,"column":7}},"11":{"start":{"line":20,"column":17},"end":{"line":20,"column":56}},"12":{"start":{"line":21,"column":2},"end":{"line":23,"column":5}},"13":{"start":{"line":22,"column":4},"end":{"line":22,"column":45}},"14":{"start":{"line":22,"column":23},"end":{"line":22,"column":45}},"15":{"start":{"line":19,"column":0},"end":{"line":19,"column":16}}},"fnMap":{"0":{"name":"getGlobalThemeSettings","decl":{"start":{"line":8,"column":22},"end":{"line":8,"column":44}},"loc":{"start":{"line":8,"column":44},"end":{"line":12,"column":1}}},"1":{"name":"setGlobalThemeSettings","decl":{"start":{"line":14,"column":22},"end":{"line":14,"column":44}},"loc":{"start":{"line":14,"column":58},"end":{"line":17,"column":1}}},"2":{"name":"subscribeToGlobalThemeSettings","decl":{"start":{"line":19,"column":16},"end":{"line":19,"column":46}},"loc":{"start":{"line":19,"column":80},"end":{"line":24,"column":1}}},"3":{"name":"(anonymous_3)","decl":{"start":{"line":21,"column":28},"end":{"line":21,"column":29}},"loc":{"start":{"line":21,"column":37},"end":{"line":23,"column":3}}}},"branchMap":{"0":{"loc":{"start":{"line":11,"column":9},"end":{"line":11,"column":41}},"type":"cond-expr","locations":[{"start":{"line":11,"column":25},"end":{"line":11,"column":36}},{"start":{"line":11,"column":39},"end":{"line":11,"column":41}}]},"1":{"loc":{"start":{"line":22,"column":4},"end":{"line":22,"column":45}},"type":"if","locations":[{"start":{"line":22,"column":4},"end":{"line":22,"column":45}},{"start":{},"end":{}}]}},"s":{"0":0,"1":0,"2":0,"3":0,"4":0,"5":0,"6":0,"7":0,"8":0,"9":0,"10":0,"11":0,"12":0,"13":0,"14":0,"15":0},"f":{"0":0,"1":0,"2":0,"3":0},"b":{"0":[0,0],"1":[0,0]}}
}
