TN:
SF:src/App.tsx
FN:104,removeClientFromInvoices
FN:108,(anonymous_1)
FN:112,removeProductFromInvoices
FN:116,(anonymous_3)
FN:118,(anonymous_4)
FN:119,(anonymous_5)
FN:121,(anonymous_6)
FN:127,updateProductInInvoices
FN:131,(anonymous_8)
FN:133,(anonymous_9)
FN:136,(anonymous_10)
FN:138,(anonymous_11)
FN:148,updateClientInInvoices
FN:152,(anonymous_13)
FN:159,App
FN:203,(anonymous_15)
FN:207,(anonymous_16)
FN:209,(anonymous_17)
FN:210,(anonymous_18)
FN:217,(anonymous_19)
FN:218,(anonymous_20)
FN:225,(anonymous_21)
FN:226,(anonymous_22)
FN:232,(anonymous_23)
FN:239,(anonymous_24)
FN:240,(anonymous_25)
FN:249,(anonymous_26)
FN:260,(anonymous_27)
FN:286,(anonymous_28)
FN:289,(anonymous_29)
FN:290,(anonymous_30)
FN:295,(anonymous_31)
FN:298,(anonymous_32)
FN:301,(anonymous_33)
FN:307,(anonymous_34)
FN:311,(anonymous_35)
FN:329,(anonymous_36)
FN:342,(anonymous_37)
FN:361,(anonymous_38)
FN:362,(anonymous_39)
FN:367,(anonymous_40)
FN:368,(anonymous_41)
FN:382,(anonymous_42)
FN:385,(anonymous_43)
FN:386,(anonymous_44)
FN:395,(anonymous_45)
FN:421,(anonymous_46)
FN:445,(anonymous_47)
FN:453,(anonymous_48)
FN:462,(anonymous_49)
FN:475,(anonymous_50)
FN:484,(anonymous_51)
FN:492,(anonymous_52)
FN:512,updateTotal
FN:514,(anonymous_54)
FN:523,(anonymous_55)
FN:525,(anonymous_56)
FN:531,(anonymous_57)
FN:532,(anonymous_58)
FN:535,(anonymous_59)
FN:542,(anonymous_60)
FN:548,(anonymous_61)
FN:550,(anonymous_62)
FN:557,(anonymous_63)
FN:559,(anonymous_64)
FN:561,(anonymous_65)
FN:575,(anonymous_66)
FN:703,PendingProductsWidget
FN:707,(anonymous_68)
FN:708,(anonymous_69)
FN:710,(anonymous_70)
FN:727,(anonymous_71)
FN:729,(anonymous_72)
FN:745,(anonymous_73)
FN:757,(anonymous_74)
FN:782,MissingRequiredItemsSection
FN:789,(anonymous_76)
FN:793,(anonymous_77)
FN:800,(anonymous_78)
FN:805,(anonymous_79)
FN:806,(anonymous_80)
FN:811,(anonymous_81)
FN:827,(anonymous_82)
FN:838,ManualConventionalProductsWidget
FN:842,(anonymous_84)
FN:844,(anonymous_85)
FN:850,(anonymous_86)
FN:863,(anonymous_87)
FN:931,(anonymous_88)
FN:946,(anonymous_89)
FN:989,(anonymous_90)
FN:990,(anonymous_91)
FN:995,(anonymous_92)
FN:1003,(anonymous_93)
FN:1008,(anonymous_94)
FN:1017,(anonymous_95)
FN:1022,(anonymous_96)
FN:1032,(anonymous_97)
FN:1045,(anonymous_98)
FN:1058,(anonymous_99)
FN:1059,(anonymous_100)
FN:1063,(anonymous_101)
FN:1119,(anonymous_102)
FN:1169,(anonymous_103)
FN:1174,(anonymous_104)
FN:1178,(anonymous_105)
FN:1179,(anonymous_106)
FN:1186,(anonymous_107)
FN:1187,(anonymous_108)
FN:1191,(anonymous_109)
FN:1203,(anonymous_110)
FN:1279,(anonymous_111)
FN:1305,(anonymous_112)
FN:1333,(anonymous_113)
FN:1359,(anonymous_114)
FN:1385,(anonymous_115)
FN:1414,(anonymous_116)
FN:1481,(anonymous_117)
FN:1506,(anonymous_118)
FN:1539,(anonymous_119)
FN:1540,(anonymous_120)
FN:1544,(anonymous_121)
FN:1565,(anonymous_122)
FN:1567,(anonymous_123)
FNF:124
FNH:0
FNDA:0,removeClientFromInvoices
FNDA:0,(anonymous_1)
FNDA:0,removeProductFromInvoices
FNDA:0,(anonymous_3)
FNDA:0,(anonymous_4)
FNDA:0,(anonymous_5)
FNDA:0,(anonymous_6)
FNDA:0,updateProductInInvoices
FNDA:0,(anonymous_8)
FNDA:0,(anonymous_9)
FNDA:0,(anonymous_10)
FNDA:0,(anonymous_11)
FNDA:0,updateClientInInvoices
FNDA:0,(anonymous_13)
FNDA:0,App
FNDA:0,(anonymous_15)
FNDA:0,(anonymous_16)
FNDA:0,(anonymous_17)
FNDA:0,(anonymous_18)
FNDA:0,(anonymous_19)
FNDA:0,(anonymous_20)
FNDA:0,(anonymous_21)
FNDA:0,(anonymous_22)
FNDA:0,(anonymous_23)
FNDA:0,(anonymous_24)
FNDA:0,(anonymous_25)
FNDA:0,(anonymous_26)
FNDA:0,(anonymous_27)
FNDA:0,(anonymous_28)
FNDA:0,(anonymous_29)
FNDA:0,(anonymous_30)
FNDA:0,(anonymous_31)
FNDA:0,(anonymous_32)
FNDA:0,(anonymous_33)
FNDA:0,(anonymous_34)
FNDA:0,(anonymous_35)
FNDA:0,(anonymous_36)
FNDA:0,(anonymous_37)
FNDA:0,(anonymous_38)
FNDA:0,(anonymous_39)
FNDA:0,(anonymous_40)
FNDA:0,(anonymous_41)
FNDA:0,(anonymous_42)
FNDA:0,(anonymous_43)
FNDA:0,(anonymous_44)
FNDA:0,(anonymous_45)
FNDA:0,(anonymous_46)
FNDA:0,(anonymous_47)
FNDA:0,(anonymous_48)
FNDA:0,(anonymous_49)
FNDA:0,(anonymous_50)
FNDA:0,(anonymous_51)
FNDA:0,(anonymous_52)
FNDA:0,updateTotal
FNDA:0,(anonymous_54)
FNDA:0,(anonymous_55)
FNDA:0,(anonymous_56)
FNDA:0,(anonymous_57)
FNDA:0,(anonymous_58)
FNDA:0,(anonymous_59)
FNDA:0,(anonymous_60)
FNDA:0,(anonymous_61)
FNDA:0,(anonymous_62)
FNDA:0,(anonymous_63)
FNDA:0,(anonymous_64)
FNDA:0,(anonymous_65)
FNDA:0,(anonymous_66)
FNDA:0,PendingProductsWidget
FNDA:0,(anonymous_68)
FNDA:0,(anonymous_69)
FNDA:0,(anonymous_70)
FNDA:0,(anonymous_71)
FNDA:0,(anonymous_72)
FNDA:0,(anonymous_73)
FNDA:0,(anonymous_74)
FNDA:0,MissingRequiredItemsSection
FNDA:0,(anonymous_76)
FNDA:0,(anonymous_77)
FNDA:0,(anonymous_78)
FNDA:0,(anonymous_79)
FNDA:0,(anonymous_80)
FNDA:0,(anonymous_81)
FNDA:0,(anonymous_82)
FNDA:0,ManualConventionalProductsWidget
FNDA:0,(anonymous_84)
FNDA:0,(anonymous_85)
FNDA:0,(anonymous_86)
FNDA:0,(anonymous_87)
FNDA:0,(anonymous_88)
FNDA:0,(anonymous_89)
FNDA:0,(anonymous_90)
FNDA:0,(anonymous_91)
FNDA:0,(anonymous_92)
FNDA:0,(anonymous_93)
FNDA:0,(anonymous_94)
FNDA:0,(anonymous_95)
FNDA:0,(anonymous_96)
FNDA:0,(anonymous_97)
FNDA:0,(anonymous_98)
FNDA:0,(anonymous_99)
FNDA:0,(anonymous_100)
FNDA:0,(anonymous_101)
FNDA:0,(anonymous_102)
FNDA:0,(anonymous_103)
FNDA:0,(anonymous_104)
FNDA:0,(anonymous_105)
FNDA:0,(anonymous_106)
FNDA:0,(anonymous_107)
FNDA:0,(anonymous_108)
FNDA:0,(anonymous_109)
FNDA:0,(anonymous_110)
FNDA:0,(anonymous_111)
FNDA:0,(anonymous_112)
FNDA:0,(anonymous_113)
FNDA:0,(anonymous_114)
FNDA:0,(anonymous_115)
FNDA:0,(anonymous_116)
FNDA:0,(anonymous_117)
FNDA:0,(anonymous_118)
FNDA:0,(anonymous_119)
FNDA:0,(anonymous_120)
FNDA:0,(anonymous_121)
FNDA:0,(anonymous_122)
FNDA:0,(anonymous_123)
DA:1,0
DA:2,0
DA:3,0
DA:4,0
DA:5,0
DA:6,0
DA:7,0
DA:8,0
DA:9,0
DA:10,0
DA:29,0
DA:30,0
DA:38,0
DA:39,0
DA:40,0
DA:41,0
DA:42,0
DA:44,0
DA:52,0
DA:53,0
DA:54,0
DA:55,0
DA:56,0
DA:57,0
DA:58,0
DA:59,0
DA:60,0
DA:61,0
DA:62,0
DA:63,0
DA:65,0
DA:66,0
DA:67,0
DA:68,0
DA:69,0
DA:70,0
DA:71,0
DA:72,0
DA:73,0
DA:75,0
DA:76,0
DA:77,0
DA:78,0
DA:79,0
DA:80,0
DA:81,0
DA:84,0
DA:85,0
DA:86,0
DA:87,0
DA:88,0
DA:89,0
DA:108,0
DA:116,0
DA:118,0
DA:119,0
DA:121,0
DA:131,0
DA:134,0
DA:136,0
DA:139,0
DA:152,0
DA:153,0
DA:160,0
DA:161,0
DA:172,0
DA:173,0
DA:174,0
DA:175,0
DA:176,0
DA:177,0
DA:178,0
DA:179,0
DA:182,0
DA:183,0
DA:184,0
DA:185,0
DA:188,0
DA:191,0
DA:196,0
DA:199,0
DA:200,0
DA:203,0
DA:204,0
DA:207,0
DA:209,0
DA:210,0
DA:214,0
DA:217,0
DA:218,0
DA:222,0
DA:225,0
DA:226,0
DA:230,0
DA:232,0
DA:233,0
DA:234,0
DA:235,0
DA:239,0
DA:240,0
DA:241,0
DA:243,0
DA:244,0
DA:246,0
DA:247,0
DA:250,0
DA:254,0
DA:257,0
DA:260,0
DA:261,0
DA:263,0
DA:264,0
DA:279,0
DA:281,0
DA:286,0
DA:287,0
DA:288,0
DA:289,0
DA:290,0
DA:295,0
DA:296,0
DA:299,0
DA:302,0
DA:307,0
DA:311,0
DA:314,0
DA:315,0
DA:318,0
DA:319,0
DA:320,0
DA:321,0
DA:322,0
DA:324,0
DA:329,0
DA:330,0
DA:331,0
DA:334,0
DA:335,0
DA:336,0
DA:338,0
DA:342,0
DA:346,0
DA:347,0
DA:348,0
DA:349,0
DA:355,0
DA:360,0
DA:361,0
DA:362,0
DA:363,0
DA:367,0
DA:368,0
DA:369,0
DA:370,0
DA:375,0
DA:378,0
DA:382,0
DA:383,0
DA:384,0
DA:385,0
DA:386,0
DA:388,0
DA:395,0
DA:396,0
DA:399,0
DA:402,0
DA:403,0
DA:404,0
DA:409,0
DA:415,0
DA:417,0
DA:421,0
DA:425,0
DA:426,0
DA:427,0
DA:428,0
DA:433,0
DA:437,0
DA:439,0
DA:441,0
DA:445,0
DA:446,0
DA:447,0
DA:449,0
DA:453,0
DA:454,0
DA:455,0
DA:457,0
DA:458,0
DA:462,0
DA:466,0
DA:467,0
DA:469,0
DA:470,0
DA:471,0
DA:475,0
DA:476,0
DA:477,0
DA:479,0
DA:484,0
DA:485,0
DA:486,0
DA:487,0
DA:492,0
DA:494,0
DA:495,0
DA:496,0
DA:497,0
DA:499,0
DA:504,0
DA:510,0
DA:511,0
DA:514,0
DA:515,0
DA:516,0
DA:517,0
DA:519,0
DA:521,0
DA:523,0
DA:524,0
DA:525,0
DA:526,0
DA:527,0
DA:529,0
DA:531,0
DA:532,0
DA:533,0
DA:535,0
DA:536,0
DA:537,0
DA:542,0
DA:543,0
DA:544,0
DA:547,0
DA:548,0
DA:549,0
DA:550,0
DA:551,0
DA:556,0
DA:557,0
DA:558,0
DA:559,0
DA:560,0
DA:561,0
DA:565,0
DA:567,0
DA:570,0
DA:571,0
DA:575,0
DA:591,0
DA:592,0
DA:593,0
DA:596,0
DA:666,0
DA:704,0
DA:705,0
DA:707,0
DA:708,0
DA:709,0
DA:710,0
DA:711,0
DA:712,0
DA:713,0
DA:715,0
DA:716,0
DA:723,0
DA:726,0
DA:727,0
DA:728,0
DA:729,0
DA:730,0
DA:742,0
DA:743,0
DA:745,0
DA:748,0
DA:749,0
DA:750,0
DA:751,0
DA:753,0
DA:758,0
DA:788,0
DA:789,0
DA:792,0
DA:793,0
DA:794,0
DA:795,0
DA:799,0
DA:800,0
DA:801,0
DA:802,0
DA:804,0
DA:805,0
DA:806,0
DA:807,0
DA:811,0
DA:812,0
DA:813,0
DA:820,0
DA:821,0
DA:828,0
DA:839,0
DA:840,0
DA:842,0
DA:843,0
DA:844,0
DA:845,0
DA:846,0
DA:847,0
DA:850,0
DA:851,0
DA:855,0
DA:856,0
DA:857,0
DA:859,0
DA:864,0
DA:886,0
DA:931,0
DA:946,0
DA:989,0
DA:991,0
DA:995,0
DA:1003,0
DA:1008,0
DA:1017,0
DA:1022,0
DA:1032,0
DA:1045,0
DA:1058,0
DA:1060,0
DA:1064,0
DA:1065,0
DA:1119,0
DA:1169,0
DA:1174,0
DA:1178,0
DA:1180,0
DA:1186,0
DA:1188,0
DA:1191,0
DA:1203,0
DA:1279,0
DA:1305,0
DA:1333,0
DA:1359,0
DA:1385,0
DA:1414,0
DA:1481,0
DA:1506,0
DA:1540,0
DA:1545,0
DA:1565,0
DA:1568,0
DA:1569,0
DA:1619,0
LF:354
LH:0
BRDA:134,0,0,0
BRDA:134,0,1,0
BRDA:139,1,0,0
BRDA:139,1,1,0
BRDA:153,2,0,0
BRDA:153,2,1,0
BRDA:186,3,0,0
BRDA:186,3,1,0
BRDA:189,4,0,0
BRDA:189,4,1,0
BRDA:204,5,0,0
BRDA:204,5,1,0
BRDA:261,6,0,0
BRDA:261,6,1,0
BRDA:263,7,0,0
BRDA:263,7,1,0
BRDA:265,8,0,0
BRDA:265,8,1,0
BRDA:267,9,0,0
BRDA:267,9,1,0
BRDA:269,10,0,0
BRDA:269,10,1,0
BRDA:271,11,0,0
BRDA:271,11,1,0
BRDA:273,12,0,0
BRDA:273,12,1,0
BRDA:275,13,0,0
BRDA:275,13,1,0
BRDA:287,14,0,0
BRDA:287,14,1,0
BRDA:318,15,0,0
BRDA:318,15,1,0
BRDA:319,16,0,0
BRDA:319,16,1,0
BRDA:327,17,0,0
BRDA:327,17,1,0
BRDA:330,18,0,0
BRDA:330,18,1,0
BRDA:348,19,0,0
BRDA:348,19,1,0
BRDA:363,20,0,0
BRDA:363,20,1,0
BRDA:369,21,0,0
BRDA:369,21,1,0
BRDA:399,22,0,0
BRDA:399,22,1,0
BRDA:402,23,0,0
BRDA:402,23,1,0
BRDA:403,24,0,0
BRDA:403,24,1,0
BRDA:427,25,0,0
BRDA:427,25,1,0
BRDA:486,26,0,0
BRDA:486,26,1,0
BRDA:516,27,0,0
BRDA:516,27,1,0
BRDA:516,28,0,0
BRDA:516,28,1,0
BRDA:517,29,0,0
BRDA:517,29,1,0
BRDA:527,30,0,0
BRDA:527,30,1,0
BRDA:536,31,0,0
BRDA:536,31,1,0
BRDA:537,32,0,0
BRDA:537,32,1,0
BRDA:543,33,0,0
BRDA:543,33,1,0
BRDA:544,34,0,0
BRDA:544,34,1,0
BRDA:547,35,0,0
BRDA:547,35,1,0
BRDA:563,36,0,0
BRDA:563,36,1,0
BRDA:565,37,0,0
BRDA:565,37,1,0
BRDA:570,38,0,0
BRDA:570,38,1,0
BRDA:602,39,0,0
BRDA:602,39,1,0
BRDA:602,39,2,0
BRDA:712,40,0,0
BRDA:712,40,1,0
BRDA:713,41,0,0
BRDA:713,41,1,0
BRDA:713,42,0,0
BRDA:713,42,1,0
BRDA:715,43,0,0
BRDA:715,43,1,0
BRDA:715,44,0,0
BRDA:715,44,1,0
BRDA:715,44,2,0
BRDA:726,45,0,0
BRDA:726,45,1,0
BRDA:726,46,0,0
BRDA:726,46,1,0
BRDA:728,47,0,0
BRDA:728,47,1,0
BRDA:728,48,0,0
BRDA:728,48,1,0
BRDA:748,49,0,0
BRDA:748,49,1,0
BRDA:750,50,0,0
BRDA:750,50,1,0
BRDA:761,51,0,0
BRDA:761,51,1,0
BRDA:758,52,0,0
BRDA:758,52,1,0
BRDA:794,53,0,0
BRDA:794,53,1,0
BRDA:802,54,0,0
BRDA:802,54,1,0
BRDA:811,55,0,0
BRDA:811,55,1,0
BRDA:812,56,0,0
BRDA:812,56,1,0
BRDA:815,57,0,0
BRDA:815,57,1,0
BRDA:820,58,0,0
BRDA:820,58,1,0
BRDA:845,59,0,0
BRDA:845,59,1,0
BRDA:855,60,0,0
BRDA:855,60,1,0
BRDA:857,61,0,0
BRDA:857,61,1,0
BRDA:868,62,0,0
BRDA:868,62,1,0
BRDA:873,63,0,0
BRDA:873,63,1,0
BRDA:864,64,0,0
BRDA:864,64,1,0
BRDA:991,65,0,0
BRDA:991,65,1,0
BRDA:995,66,0,0
BRDA:995,66,1,0
BRDA:1002,67,0,0
BRDA:1002,67,1,0
BRDA:1007,68,0,0
BRDA:1007,68,1,0
BRDA:1016,69,0,0
BRDA:1016,69,1,0
BRDA:1021,70,0,0
BRDA:1021,70,1,0
BRDA:1039,71,0,0
BRDA:1039,71,1,0
BRDA:1039,72,0,0
BRDA:1039,72,1,0
BRDA:1039,72,2,0
BRDA:1070,73,0,0
BRDA:1070,73,1,0
BRDA:1071,74,0,0
BRDA:1071,74,1,0
BRDA:1072,75,0,0
BRDA:1072,75,1,0
BRDA:1091,76,0,0
BRDA:1091,76,1,0
BRDA:1096,77,0,0
BRDA:1096,77,1,0
BRDA:1098,78,0,0
BRDA:1098,78,1,0
BRDA:1106,79,0,0
BRDA:1106,79,1,0
BRDA:1110,80,0,0
BRDA:1110,80,1,0
BRDA:1180,81,0,0
BRDA:1180,81,1,0
BRDA:1223,82,0,0
BRDA:1223,82,1,0
BRDA:1235,83,0,0
BRDA:1235,83,1,0
BRDA:1235,83,2,0
BRDA:1238,84,0,0
BRDA:1238,84,1,0
BRDA:1238,84,2,0
BRDA:1241,85,0,0
BRDA:1241,85,1,0
BRDA:1241,85,2,0
BRDA:1242,86,0,0
BRDA:1242,86,1,0
BRDA:1243,87,0,0
BRDA:1243,87,1,0
BRDA:1244,88,0,0
BRDA:1244,88,1,0
BRDA:1244,88,2,0
BRDA:1275,89,0,0
BRDA:1275,89,1,0
BRDA:1287,90,0,0
BRDA:1287,90,1,0
BRDA:1291,91,0,0
BRDA:1291,91,1,0
BRDA:1292,92,0,0
BRDA:1292,92,1,0
BRDA:1301,93,0,0
BRDA:1301,93,1,0
BRDA:1313,94,0,0
BRDA:1313,94,1,0
BRDA:1317,95,0,0
BRDA:1317,95,1,0
BRDA:1320,96,0,0
BRDA:1320,96,1,0
BRDA:1329,97,0,0
BRDA:1329,97,1,0
BRDA:1341,98,0,0
BRDA:1341,98,1,0
BRDA:1345,99,0,0
BRDA:1345,99,1,0
BRDA:1346,100,0,0
BRDA:1346,100,1,0
BRDA:1355,101,0,0
BRDA:1355,101,1,0
BRDA:1367,102,0,0
BRDA:1367,102,1,0
BRDA:1371,103,0,0
BRDA:1371,103,1,0
BRDA:1372,104,0,0
BRDA:1372,104,1,0
BRDA:1381,105,0,0
BRDA:1381,105,1,0
BRDA:1393,106,0,0
BRDA:1393,106,1,0
BRDA:1397,107,0,0
BRDA:1397,107,1,0
BRDA:1401,108,0,0
BRDA:1401,108,1,0
BRDA:1410,109,0,0
BRDA:1410,109,1,0
BRDA:1422,110,0,0
BRDA:1422,110,1,0
BRDA:1426,111,0,0
BRDA:1426,111,1,0
BRDA:1427,112,0,0
BRDA:1427,112,1,0
BRDA:1438,113,0,0
BRDA:1438,113,1,0
BRDA:1438,113,2,0
BRDA:1449,114,0,0
BRDA:1449,114,1,0
BRDA:1449,114,2,0
BRDA:1459,115,0,0
BRDA:1459,115,1,0
BRDA:1464,116,0,0
BRDA:1464,116,1,0
BRDA:1464,116,2,0
BRDA:1469,117,0,0
BRDA:1469,117,1,0
BRDA:1505,118,0,0
BRDA:1505,118,1,0
BRDA:1510,119,0,0
BRDA:1510,119,1,0
BRDA:1522,120,0,0
BRDA:1522,120,1,0
BRDA:1531,121,0,0
BRDA:1531,121,1,0
BRDA:1540,122,0,0
BRDA:1540,122,1,0
BRDA:1540,122,2,0
BRDA:1540,123,0,0
BRDA:1540,123,1,0
BRDA:1568,124,0,0
BRDA:1568,124,1,0
BRDA:1590,125,0,0
BRDA:1590,125,1,0
BRDA:1595,126,0,0
BRDA:1595,126,1,0
BRDA:1601,127,0,0
BRDA:1601,127,1,0
BRDA:1602,128,0,0
BRDA:1602,128,1,0
BRDA:1602,128,2,0
BRDA:1603,129,0,0
BRDA:1603,129,1,0
BRDA:1603,129,2,0
BRF:273
BRH:0
end_of_record
TN:
SF:src/Message.tsx
FN:3,Message
FNF:1
FNH:1
FNDA:3,Message
DA:4,3
DA:5,3
DA:6,3
DA:8,0
DA:11,1
LF:5
LH:4
BRDA:5,0,0,3
BRDA:5,0,1,0
BRF:2
BRH:1
end_of_record
TN:
SF:src/firebase.ts
FNF:0
FNH:0
DA:1,0
DA:2,0
DA:3,0
DA:5,0
DA:15,0
DA:16,0
DA:17,0
LF:7
LH:0
BRDA:15,0,0,0
BRDA:15,0,1,0
BRF:2
BRH:0
end_of_record
TN:
SF:src/main.tsx
FNF:0
FNH:0
DA:1,0
DA:2,0
DA:3,0
DA:4,0
DA:5,0
DA:7,0
LF:6
LH:0
BRF:0
BRH:0
end_of_record
TN:
SF:src/permissions.ts
FN:58,canRoleSeeComponent
FN:69,canUserSeeComponent
FNF:2
FNH:2
FNDA:50,canRoleSeeComponent
FNDA:23,canUserSeeComponent
DA:22,1
DA:58,1
DA:59,50
DA:69,1
DA:73,23
DA:74,20
DA:75,11
DA:77,9
LF:8
LH:8
BRDA:59,0,0,50
BRDA:59,0,1,1
BRDA:73,1,0,3
BRDA:73,1,1,20
BRDA:74,2,0,11
BRDA:74,2,1,9
BRF:6
BRH:6
end_of_record
TN:
SF:src/components/ActiveInvoices.tsx
FN:48,sanitizeCartItem
FN:62,getInitialCartsForGroup
FN:76,cartToLaundryCart
FN:85,hasUnnamedCart
FN:86,(anonymous_4)
FN:91,ActiveInvoices
FN:168,(anonymous_6)
FN:169,(anonymous_7)
FN:184,(anonymous_8)
FN:193,(anonymous_9)
FN:199,(anonymous_10)
FN:212,(anonymous_11)
FN:213,(anonymous_12)
FN:228,(anonymous_13)
FN:229,(anonymous_14)
FN:239,(anonymous_15)
FN:240,(anonymous_16)
FN:246,(anonymous_17)
FN:247,(anonymous_18)
FN:253,(anonymous_19)
FN:260,(anonymous_20)
FN:270,(anonymous_21)
FN:271,(anonymous_22)
FN:281,(anonymous_23)
FN:285,(anonymous_24)
FN:302,(anonymous_25)
FN:311,(anonymous_26)
FN:316,(anonymous_27)
FN:335,(anonymous_28)
FN:340,(anonymous_29)
FN:362,(anonymous_30)
FN:363,(anonymous_31)
FN:364,(anonymous_32)
FN:370,(anonymous_33)
FN:374,(anonymous_34)
FN:379,(anonymous_35)
FN:380,(anonymous_36)
FN:388,(anonymous_37)
FN:404,(anonymous_38)
FN:410,(anonymous_39)
FN:425,(anonymous_40)
FN:429,(anonymous_41)
FN:441,(anonymous_42)
FN:442,(anonymous_43)
FN:450,(anonymous_44)
FN:464,(anonymous_45)
FN:467,(anonymous_46)
FN:469,(anonymous_47)
FN:504,(anonymous_48)
FN:515,(anonymous_49)
FN:517,(anonymous_50)
FN:540,(anonymous_51)
FN:557,(anonymous_52)
FN:558,(anonymous_53)
FN:559,(anonymous_54)
FN:567,(anonymous_55)
FN:568,(anonymous_56)
FN:578,(anonymous_57)
FN:578,(anonymous_58)
FN:579,(anonymous_59)
FN:579,(anonymous_60)
FN:601,getStepIndex
FN:603,(anonymous_62)
FN:611,(anonymous_63)
FN:625,(anonymous_64)
FN:627,(anonymous_65)
FN:629,(anonymous_66)
FN:633,(anonymous_67)
FN:640,(anonymous_68)
FN:642,(anonymous_69)
FN:642,(anonymous_70)
FN:649,(anonymous_71)
FN:683,(anonymous_72)
FN:685,(anonymous_73)
FN:691,(anonymous_74)
FN:697,(anonymous_75)
FN:699,(anonymous_76)
FN:703,(anonymous_77)
FN:710,(anonymous_78)
FN:711,(anonymous_79)
FN:716,(anonymous_80)
FN:718,(anonymous_81)
FN:722,(anonymous_82)
FN:726,(anonymous_83)
FN:727,(anonymous_84)
FN:729,(anonymous_85)
FN:745,(anonymous_86)
FN:754,openPrintInvoice
FN:760,(anonymous_88)
FN:761,(anonymous_89)
FN:787,(anonymous_90)
FN:807,(anonymous_91)
FN:808,(anonymous_92)
FN:810,(anonymous_93)
FN:821,(anonymous_94)
FN:839,(anonymous_95)
FN:842,(anonymous_96)
FN:850,(anonymous_97)
FN:857,handleInvoiceClick
FN:858,(anonymous_99)
FN:869,handleCartSelect
FN:891,(anonymous_101)
FN:897,(anonymous_102)
FN:898,(anonymous_103)
FN:899,(anonymous_104)
FN:949,(anonymous_105)
FN:950,(anonymous_106)
FN:974,(anonymous_107)
FN:977,(anonymous_108)
FN:1002,(anonymous_109)
FN:1039,(anonymous_110)
FN:1040,(anonymous_111)
FN:1059,(anonymous_112)
FN:1102,(anonymous_113)
FN:1110,(anonymous_114)
FN:1111,(anonymous_115)
FN:1123,(anonymous_116)
FN:1130,(anonymous_117)
FN:1165,(anonymous_118)
FN:1211,(anonymous_119)
FN:1265,(anonymous_120)
FN:1345,(anonymous_121)
FN:1362,(anonymous_122)
FN:1367,(anonymous_123)
FN:1369,(anonymous_124)
FN:1373,(anonymous_125)
FN:1374,(anonymous_126)
FN:1389,(anonymous_127)
FN:1413,(anonymous_128)
FN:1415,(anonymous_129)
FN:1423,(anonymous_130)
FN:1429,(anonymous_131)
FN:1460,(anonymous_132)
FN:1471,(anonymous_133)
FN:1489,(anonymous_134)
FN:1504,(anonymous_135)
FN:1506,(anonymous_136)
FN:1511,(anonymous_137)
FN:1515,(anonymous_138)
FN:1518,(anonymous_139)
FN:1531,(anonymous_140)
FN:1538,(anonymous_141)
FN:1603,(anonymous_142)
FN:1613,(anonymous_143)
FN:1624,(anonymous_144)
FN:1646,(anonymous_145)
FN:1648,(anonymous_146)
FN:1652,(anonymous_147)
FN:1655,(anonymous_148)
FN:1664,(anonymous_149)
FN:1666,(anonymous_150)
FN:1670,(anonymous_151)
FN:1673,(anonymous_152)
FN:1682,(anonymous_153)
FN:1684,(anonymous_154)
FN:1692,(anonymous_155)
FN:1699,(anonymous_156)
FN:1712,(anonymous_157)
FN:1713,(anonymous_158)
FN:1724,(anonymous_159)
FN:1727,(anonymous_160)
FN:1739,(anonymous_161)
FN:1740,(anonymous_162)
FN:1756,(anonymous_163)
FN:1757,(anonymous_164)
FN:1762,(anonymous_165)
FN:1767,(anonymous_166)
FN:1770,(anonymous_167)
FN:1774,(anonymous_168)
FN:1786,(anonymous_169)
FN:1807,(anonymous_170)
FN:1830,(anonymous_171)
FN:1845,(anonymous_172)
FN:1864,(anonymous_173)
FN:1874,(anonymous_174)
FN:1883,(anonymous_175)
FN:1909,(anonymous_176)
FN:1916,(anonymous_177)
FN:1935,(anonymous_178)
FN:1955,(anonymous_179)
FN:1966,(anonymous_180)
FN:1978,(anonymous_181)
FN:1981,(anonymous_182)
FN:1983,(anonymous_183)
FN:1987,(anonymous_184)
FN:1990,(anonymous_185)
FN:2012,(anonymous_186)
FN:2026,(anonymous_187)
FN:2040,(anonymous_188)
FN:2054,(anonymous_189)
FN:2058,(anonymous_190)
FN:2078,(anonymous_191)
FN:2089,(anonymous_192)
FN:2102,(anonymous_193)
FN:2104,(anonymous_194)
FN:2109,(anonymous_195)
FN:2134,(anonymous_196)
FN:2135,(anonymous_197)
FN:2136,(anonymous_198)
FN:2137,(anonymous_199)
FN:2142,(anonymous_200)
FN:2155,(anonymous_201)
FN:2173,(anonymous_202)
FN:2235,(anonymous_203)
FN:2244,(anonymous_204)
FN:2247,(anonymous_205)
FN:2259,(anonymous_206)
FN:2262,(anonymous_207)
FN:2264,(anonymous_208)
FN:2268,(anonymous_209)
FN:2271,(anonymous_210)
FN:2292,(anonymous_211)
FN:2306,(anonymous_212)
FN:2320,(anonymous_213)
FN:2333,(anonymous_214)
FN:2337,(anonymous_215)
FN:2357,(anonymous_216)
FN:2368,(anonymous_217)
FN:2375,(anonymous_218)
FN:2392,(anonymous_219)
FN:2409,(anonymous_220)
FN:2421,(anonymous_221)
FN:2442,(anonymous_222)
FN:2483,(anonymous_223)
FN:2492,(anonymous_224)
FN:2502,(anonymous_225)
FN:2509,(anonymous_226)
FN:2512,(anonymous_227)
FN:2529,(anonymous_228)
FN:2533,(anonymous_229)
FN:2563,(anonymous_230)
FN:2566,(anonymous_231)
FN:2568,(anonymous_232)
FN:2578,(anonymous_233)
FN:2584,(anonymous_234)
FN:2585,(anonymous_235)
FN:2588,(anonymous_236)
FN:2602,(anonymous_237)
FN:2616,(anonymous_238)
FN:2617,(anonymous_239)
FN:2619,(anonymous_240)
FN:2623,(anonymous_241)
FN:2625,(anonymous_242)
FN:2631,(anonymous_243)
FN:2639,(anonymous_244)
FN:2654,(anonymous_245)
FN:2690,(anonymous_246)
FN:2693,(anonymous_247)
FN:2695,(anonymous_248)
FN:2696,(anonymous_249)
FN:2698,(anonymous_250)
FN:2703,(anonymous_251)
FN:2711,(anonymous_252)
FN:2727,(anonymous_253)
FN:2746,(anonymous_254)
FN:2754,(anonymous_255)
FN:2757,(anonymous_256)
FN:2763,(anonymous_257)
FN:2769,(anonymous_258)
FN:2808,(anonymous_259)
FN:2812,(anonymous_260)
FN:2814,(anonymous_261)
FN:2817,(anonymous_262)
FN:2821,(anonymous_263)
FN:2832,(anonymous_264)
FN:2852,(anonymous_265)
FNF:266
FNH:0
FNDA:0,sanitizeCartItem
FNDA:0,getInitialCartsForGroup
FNDA:0,cartToLaundryCart
FNDA:0,hasUnnamedCart
FNDA:0,(anonymous_4)
FNDA:0,ActiveInvoices
FNDA:0,(anonymous_6)
FNDA:0,(anonymous_7)
FNDA:0,(anonymous_8)
FNDA:0,(anonymous_9)
FNDA:0,(anonymous_10)
FNDA:0,(anonymous_11)
FNDA:0,(anonymous_12)
FNDA:0,(anonymous_13)
FNDA:0,(anonymous_14)
FNDA:0,(anonymous_15)
FNDA:0,(anonymous_16)
FNDA:0,(anonymous_17)
FNDA:0,(anonymous_18)
FNDA:0,(anonymous_19)
FNDA:0,(anonymous_20)
FNDA:0,(anonymous_21)
FNDA:0,(anonymous_22)
FNDA:0,(anonymous_23)
FNDA:0,(anonymous_24)
FNDA:0,(anonymous_25)
FNDA:0,(anonymous_26)
FNDA:0,(anonymous_27)
FNDA:0,(anonymous_28)
FNDA:0,(anonymous_29)
FNDA:0,(anonymous_30)
FNDA:0,(anonymous_31)
FNDA:0,(anonymous_32)
FNDA:0,(anonymous_33)
FNDA:0,(anonymous_34)
FNDA:0,(anonymous_35)
FNDA:0,(anonymous_36)
FNDA:0,(anonymous_37)
FNDA:0,(anonymous_38)
FNDA:0,(anonymous_39)
FNDA:0,(anonymous_40)
FNDA:0,(anonymous_41)
FNDA:0,(anonymous_42)
FNDA:0,(anonymous_43)
FNDA:0,(anonymous_44)
FNDA:0,(anonymous_45)
FNDA:0,(anonymous_46)
FNDA:0,(anonymous_47)
FNDA:0,(anonymous_48)
FNDA:0,(anonymous_49)
FNDA:0,(anonymous_50)
FNDA:0,(anonymous_51)
FNDA:0,(anonymous_52)
FNDA:0,(anonymous_53)
FNDA:0,(anonymous_54)
FNDA:0,(anonymous_55)
FNDA:0,(anonymous_56)
FNDA:0,(anonymous_57)
FNDA:0,(anonymous_58)
FNDA:0,(anonymous_59)
FNDA:0,(anonymous_60)
FNDA:0,getStepIndex
FNDA:0,(anonymous_62)
FNDA:0,(anonymous_63)
FNDA:0,(anonymous_64)
FNDA:0,(anonymous_65)
FNDA:0,(anonymous_66)
FNDA:0,(anonymous_67)
FNDA:0,(anonymous_68)
FNDA:0,(anonymous_69)
FNDA:0,(anonymous_70)
FNDA:0,(anonymous_71)
FNDA:0,(anonymous_72)
FNDA:0,(anonymous_73)
FNDA:0,(anonymous_74)
FNDA:0,(anonymous_75)
FNDA:0,(anonymous_76)
FNDA:0,(anonymous_77)
FNDA:0,(anonymous_78)
FNDA:0,(anonymous_79)
FNDA:0,(anonymous_80)
FNDA:0,(anonymous_81)
FNDA:0,(anonymous_82)
FNDA:0,(anonymous_83)
FNDA:0,(anonymous_84)
FNDA:0,(anonymous_85)
FNDA:0,(anonymous_86)
FNDA:0,openPrintInvoice
FNDA:0,(anonymous_88)
FNDA:0,(anonymous_89)
FNDA:0,(anonymous_90)
FNDA:0,(anonymous_91)
FNDA:0,(anonymous_92)
FNDA:0,(anonymous_93)
FNDA:0,(anonymous_94)
FNDA:0,(anonymous_95)
FNDA:0,(anonymous_96)
FNDA:0,(anonymous_97)
FNDA:0,handleInvoiceClick
FNDA:0,(anonymous_99)
FNDA:0,handleCartSelect
FNDA:0,(anonymous_101)
FNDA:0,(anonymous_102)
FNDA:0,(anonymous_103)
FNDA:0,(anonymous_104)
FNDA:0,(anonymous_105)
FNDA:0,(anonymous_106)
FNDA:0,(anonymous_107)
FNDA:0,(anonymous_108)
FNDA:0,(anonymous_109)
FNDA:0,(anonymous_110)
FNDA:0,(anonymous_111)
FNDA:0,(anonymous_112)
FNDA:0,(anonymous_113)
FNDA:0,(anonymous_114)
FNDA:0,(anonymous_115)
FNDA:0,(anonymous_116)
FNDA:0,(anonymous_117)
FNDA:0,(anonymous_118)
FNDA:0,(anonymous_119)
FNDA:0,(anonymous_120)
FNDA:0,(anonymous_121)
FNDA:0,(anonymous_122)
FNDA:0,(anonymous_123)
FNDA:0,(anonymous_124)
FNDA:0,(anonymous_125)
FNDA:0,(anonymous_126)
FNDA:0,(anonymous_127)
FNDA:0,(anonymous_128)
FNDA:0,(anonymous_129)
FNDA:0,(anonymous_130)
FNDA:0,(anonymous_131)
FNDA:0,(anonymous_132)
FNDA:0,(anonymous_133)
FNDA:0,(anonymous_134)
FNDA:0,(anonymous_135)
FNDA:0,(anonymous_136)
FNDA:0,(anonymous_137)
FNDA:0,(anonymous_138)
FNDA:0,(anonymous_139)
FNDA:0,(anonymous_140)
FNDA:0,(anonymous_141)
FNDA:0,(anonymous_142)
FNDA:0,(anonymous_143)
FNDA:0,(anonymous_144)
FNDA:0,(anonymous_145)
FNDA:0,(anonymous_146)
FNDA:0,(anonymous_147)
FNDA:0,(anonymous_148)
FNDA:0,(anonymous_149)
FNDA:0,(anonymous_150)
FNDA:0,(anonymous_151)
FNDA:0,(anonymous_152)
FNDA:0,(anonymous_153)
FNDA:0,(anonymous_154)
FNDA:0,(anonymous_155)
FNDA:0,(anonymous_156)
FNDA:0,(anonymous_157)
FNDA:0,(anonymous_158)
FNDA:0,(anonymous_159)
FNDA:0,(anonymous_160)
FNDA:0,(anonymous_161)
FNDA:0,(anonymous_162)
FNDA:0,(anonymous_163)
FNDA:0,(anonymous_164)
FNDA:0,(anonymous_165)
FNDA:0,(anonymous_166)
FNDA:0,(anonymous_167)
FNDA:0,(anonymous_168)
FNDA:0,(anonymous_169)
FNDA:0,(anonymous_170)
FNDA:0,(anonymous_171)
FNDA:0,(anonymous_172)
FNDA:0,(anonymous_173)
FNDA:0,(anonymous_174)
FNDA:0,(anonymous_175)
FNDA:0,(anonymous_176)
FNDA:0,(anonymous_177)
FNDA:0,(anonymous_178)
FNDA:0,(anonymous_179)
FNDA:0,(anonymous_180)
FNDA:0,(anonymous_181)
FNDA:0,(anonymous_182)
FNDA:0,(anonymous_183)
FNDA:0,(anonymous_184)
FNDA:0,(anonymous_185)
FNDA:0,(anonymous_186)
FNDA:0,(anonymous_187)
FNDA:0,(anonymous_188)
FNDA:0,(anonymous_189)
FNDA:0,(anonymous_190)
FNDA:0,(anonymous_191)
FNDA:0,(anonymous_192)
FNDA:0,(anonymous_193)
FNDA:0,(anonymous_194)
FNDA:0,(anonymous_195)
FNDA:0,(anonymous_196)
FNDA:0,(anonymous_197)
FNDA:0,(anonymous_198)
FNDA:0,(anonymous_199)
FNDA:0,(anonymous_200)
FNDA:0,(anonymous_201)
FNDA:0,(anonymous_202)
FNDA:0,(anonymous_203)
FNDA:0,(anonymous_204)
FNDA:0,(anonymous_205)
FNDA:0,(anonymous_206)
FNDA:0,(anonymous_207)
FNDA:0,(anonymous_208)
FNDA:0,(anonymous_209)
FNDA:0,(anonymous_210)
FNDA:0,(anonymous_211)
FNDA:0,(anonymous_212)
FNDA:0,(anonymous_213)
FNDA:0,(anonymous_214)
FNDA:0,(anonymous_215)
FNDA:0,(anonymous_216)
FNDA:0,(anonymous_217)
FNDA:0,(anonymous_218)
FNDA:0,(anonymous_219)
FNDA:0,(anonymous_220)
FNDA:0,(anonymous_221)
FNDA:0,(anonymous_222)
FNDA:0,(anonymous_223)
FNDA:0,(anonymous_224)
FNDA:0,(anonymous_225)
FNDA:0,(anonymous_226)
FNDA:0,(anonymous_227)
FNDA:0,(anonymous_228)
FNDA:0,(anonymous_229)
FNDA:0,(anonymous_230)
FNDA:0,(anonymous_231)
FNDA:0,(anonymous_232)
FNDA:0,(anonymous_233)
FNDA:0,(anonymous_234)
FNDA:0,(anonymous_235)
FNDA:0,(anonymous_236)
FNDA:0,(anonymous_237)
FNDA:0,(anonymous_238)
FNDA:0,(anonymous_239)
FNDA:0,(anonymous_240)
FNDA:0,(anonymous_241)
FNDA:0,(anonymous_242)
FNDA:0,(anonymous_243)
FNDA:0,(anonymous_244)
FNDA:0,(anonymous_245)
FNDA:0,(anonymous_246)
FNDA:0,(anonymous_247)
FNDA:0,(anonymous_248)
FNDA:0,(anonymous_249)
FNDA:0,(anonymous_250)
FNDA:0,(anonymous_251)
FNDA:0,(anonymous_252)
FNDA:0,(anonymous_253)
FNDA:0,(anonymous_254)
FNDA:0,(anonymous_255)
FNDA:0,(anonymous_256)
FNDA:0,(anonymous_257)
FNDA:0,(anonymous_258)
FNDA:0,(anonymous_259)
FNDA:0,(anonymous_260)
FNDA:0,(anonymous_261)
FNDA:0,(anonymous_262)
FNDA:0,(anonymous_263)
FNDA:0,(anonymous_264)
FNDA:0,(anonymous_265)
DA:1,0
DA:10,0
DA:11,0
DA:12,0
DA:13,0
DA:14,0
DA:20,0
DA:22,0
DA:23,0
DA:24,0
DA:25,0
DA:27,0
DA:28,0
DA:29,0
DA:30,0
DA:31,0
DA:49,0
DA:64,0
DA:77,0
DA:86,0
DA:87,0
DA:91,0
DA:101,0
DA:102,0
DA:103,0
DA:107,0
DA:111,0
DA:112,0
DA:113,0
DA:114,0
DA:115,0
DA:116,0
DA:117,0
DA:118,0
DA:119,0
DA:120,0
DA:121,0
DA:124,0
DA:125,0
DA:128,0
DA:129,0
DA:130,0
DA:131,0
DA:132,0
DA:133,0
DA:134,0
DA:135,0
DA:136,0
DA:137,0
DA:138,0
DA:139,0
DA:140,0
DA:141,0
DA:144,0
DA:145,0
DA:146,0
DA:147,0
DA:150,0
DA:151,0
DA:152,0
DA:155,0
DA:156,0
DA:159,0
DA:162,0
DA:163,0
DA:164,0
DA:165,0
DA:166,0
DA:168,0
DA:169,0
DA:173,0
DA:174,0
DA:177,0
DA:178,0
DA:179,0
DA:184,0
DA:185,0
DA:193,0
DA:194,0
DA:195,0
DA:196,0
DA:199,0
DA:201,0
DA:202,0
DA:203,0
DA:204,0
DA:205,0
DA:207,0
DA:212,0
DA:213,0
DA:214,0
DA:216,0
DA:217,0
DA:218,0
DA:219,0
DA:220,0
DA:223,0
DA:224,0
DA:228,0
DA:229,0
DA:239,0
DA:240,0
DA:241,0
DA:246,0
DA:247,0
DA:248,0
DA:253,0
DA:254,0
DA:256,0
DA:260,0
DA:261,0
DA:262,0
DA:263,0
DA:264,0
DA:267,0
DA:268,0
DA:269,0
DA:270,0
DA:271,0
DA:273,0
DA:274,0
DA:281,0
DA:285,0
DA:286,0
DA:287,0
DA:296,0
DA:297,0
DA:298,0
DA:302,0
DA:303,0
DA:310,0
DA:311,0
DA:312,0
DA:314,0
DA:315,0
DA:316,0
DA:319,0
DA:321,0
DA:328,0
DA:329,0
DA:331,0
DA:334,0
DA:335,0
DA:337,0
DA:338,0
DA:340,0
DA:341,0
DA:342,0
DA:352,0
DA:353,0
DA:354,0
DA:355,0
DA:356,0
DA:359,0
DA:362,0
DA:363,0
DA:364,0
DA:368,0
DA:370,0
DA:374,0
DA:375,0
DA:376,0
DA:379,0
DA:380,0
DA:381,0
DA:382,0
DA:383,0
DA:384,0
DA:388,0
DA:389,0
DA:390,0
DA:391,0
DA:400,0
DA:401,0
DA:404,0
DA:405,0
DA:406,0
DA:410,0
DA:411,0
DA:412,0
DA:413,0
DA:415,0
DA:416,0
DA:418,0
DA:419,0
DA:420,0
DA:421,0
DA:425,0
DA:426,0
DA:429,0
DA:430,0
DA:431,0
DA:432,0
DA:441,0
DA:442,0
DA:445,0
DA:446,0
DA:450,0
DA:451,0
DA:452,0
DA:453,0
DA:454,0
DA:455,0
DA:464,0
DA:465,0
DA:467,0
DA:468,0
DA:469,0
DA:470,0
DA:472,0
DA:474,0
DA:475,0
DA:477,0
DA:489,0
DA:490,0
DA:491,0
DA:492,0
DA:493,0
DA:499,0
DA:500,0
DA:501,0
DA:504,0
DA:506,0
DA:507,0
DA:511,0
DA:515,0
DA:516,0
DA:517,0
DA:521,0
DA:527,0
DA:529,0
DA:535,0
DA:539,0
DA:540,0
DA:542,0
DA:543,0
DA:546,0
DA:548,0
DA:550,0
DA:551,0
DA:552,0
DA:557,0
DA:558,0
DA:559,0
DA:567,0
DA:568,0
DA:569,0
DA:572,0
DA:573,0
DA:576,0
DA:577,0
DA:578,0
DA:579,0
DA:580,0
DA:587,0
DA:588,0
DA:589,0
DA:590,0
DA:594,0
DA:602,0
DA:604,0
DA:608,0
DA:611,0
DA:612,0
DA:613,0
DA:614,0
DA:615,0
DA:616,0
DA:617,0
DA:620,0
DA:625,0
DA:626,0
DA:627,0
DA:628,0
DA:629,0
DA:630,0
DA:631,0
DA:633,0
DA:636,0
DA:640,0
DA:641,0
DA:642,0
DA:646,0
DA:647,0
DA:649,0
DA:650,0
DA:651,0
DA:653,0
DA:654,0
DA:655,0
DA:656,0
DA:658,0
DA:660,0
DA:672,0
DA:675,0
DA:680,0
DA:681,0
DA:683,0
DA:684,0
DA:685,0
DA:686,0
DA:687,0
DA:688,0
DA:691,0
DA:692,0
DA:697,0
DA:698,0
DA:699,0
DA:703,0
DA:707,0
DA:710,0
DA:711,0
DA:716,0
DA:717,0
DA:718,0
DA:722,0
DA:723,0
DA:724,0
DA:726,0
DA:727,0
DA:728,0
DA:730,0
DA:737,0
DA:743,0
DA:744,0
DA:745,0
DA:746,0
DA:748,0
DA:749,0
DA:756,0
DA:759,0
DA:760,0
DA:761,0
DA:762,0
DA:763,0
DA:769,0
DA:770,0
DA:771,0
DA:775,0
DA:783,0
DA:784,0
DA:785,0
DA:787,0
DA:790,0
DA:794,0
DA:798,0
DA:799,0
DA:802,0
DA:807,0
DA:808,0
DA:810,0
DA:811,0
DA:812,0
DA:817,0
DA:818,0
DA:821,0
DA:822,0
DA:823,0
DA:824,0
DA:825,0
DA:827,0
DA:828,0
DA:830,0
DA:836,0
DA:839,0
DA:840,0
DA:841,0
DA:842,0
DA:844,0
DA:845,0
DA:846,0
DA:850,0
DA:851,0
DA:852,0
DA:853,0
DA:858,0
DA:859,0
DA:860,0
DA:861,0
DA:863,0
DA:864,0
DA:870,0
DA:874,0
DA:891,0
DA:897,0
DA:899,0
DA:900,0
DA:902,0
DA:903,0
DA:905,0
DA:908,0
DA:910,0
DA:911,0
DA:912,0
DA:914,0
DA:915,0
DA:917,0
DA:918,0
DA:920,0
DA:921,0
DA:924,0
DA:929,0
DA:930,0
DA:931,0
DA:932,0
DA:933,0
DA:934,0
DA:935,0
DA:940,0
DA:942,0
DA:949,0
DA:950,0
DA:974,0
DA:978,0
DA:979,0
DA:1003,0
DA:1004,0
DA:1040,0
DA:1060,0
DA:1109,0
DA:1110,0
DA:1111,0
DA:1112,0
DA:1113,0
DA:1118,0
DA:1122,0
DA:1123,0
DA:1125,0
DA:1126,0
DA:1130,0
DA:1131,0
DA:1166,0
DA:1168,0
DA:1169,0
DA:1172,0
DA:1173,0
DA:1179,0
DA:1212,0
DA:1213,0
DA:1214,0
DA:1217,0
DA:1219,0
DA:1224,0
DA:1225,0
DA:1226,0
DA:1227,0
DA:1228,0
DA:1231,0
DA:1266,0
DA:1267,0
DA:1268,0
DA:1271,0
DA:1273,0
DA:1274,0
DA:1345,0
DA:1362,0
DA:1368,0
DA:1369,0
DA:1371,0
DA:1372,0
DA:1373,0
DA:1374,0
DA:1379,0
DA:1380,0
DA:1385,0
DA:1390,0
DA:1414,0
DA:1415,0
DA:1417,0
DA:1418,0
DA:1419,0
DA:1420,0
DA:1424,0
DA:1428,0
DA:1429,0
DA:1430,0
DA:1431,0
DA:1436,0
DA:1439,0
DA:1461,0
DA:1462,0
DA:1466,0
DA:1471,0
DA:1472,0
DA:1476,0
DA:1479,0
DA:1490,0
DA:1505,0
DA:1506,0
DA:1508,0
DA:1509,0
DA:1510,0
DA:1511,0
DA:1513,0
DA:1514,0
DA:1516,0
DA:1519,0
DA:1532,0
DA:1533,0
DA:1534,0
DA:1539,0
DA:1540,0
DA:1545,0
DA:1558,0
DA:1559,0
DA:1572,0
DA:1603,0
DA:1614,0
DA:1624,0
DA:1647,0
DA:1648,0
DA:1650,0
DA:1651,0
DA:1653,0
DA:1655,0
DA:1665,0
DA:1666,0
DA:1668,0
DA:1669,0
DA:1671,0
DA:1673,0
DA:1683,0
DA:1684,0
DA:1686,0
DA:1687,0
DA:1688,0
DA:1689,0
DA:1693,0
DA:1699,0
DA:1701,0
DA:1713,0
DA:1725,0
DA:1728,0
DA:1740,0
DA:1757,0
DA:1761,0
DA:1762,0
DA:1764,0
DA:1766,0
DA:1768,0
DA:1769,0
DA:1770,0
DA:1773,0
DA:1774,0
DA:1775,0
DA:1785,0
DA:1786,0
DA:1788,0
DA:1800,0
DA:1803,0
DA:1806,0
DA:1807,0
DA:1830,0
DA:1845,0
DA:1864,0
DA:1874,0
DA:1883,0
DA:1909,0
DA:1917,0
DA:1935,0
DA:1955,0
DA:1967,0
DA:1978,0
DA:1982,0
DA:1983,0
DA:1985,0
DA:1986,0
DA:1988,0
DA:1991,0
DA:2012,0
DA:2026,0
DA:2040,0
DA:2054,0
DA:2059,0
DA:2078,0
DA:2089,0
DA:2103,0
DA:2104,0
DA:2106,0
DA:2108,0
DA:2110,0
DA:2113,0
DA:2115,0
DA:2116,0
DA:2120,0
DA:2134,0
DA:2136,0
DA:2138,0
DA:2141,0
DA:2142,0
DA:2145,0
DA:2146,0
DA:2150,0
DA:2153,0
DA:2154,0
DA:2155,0
DA:2157,0
DA:2158,0
DA:2165,0
DA:2166,0
DA:2171,0
DA:2172,0
DA:2173,0
DA:2175,0
DA:2176,0
DA:2178,0
DA:2187,0
DA:2189,0
DA:2207,0
DA:2211,0
DA:2235,0
DA:2244,0
DA:2248,0
DA:2259,0
DA:2263,0
DA:2264,0
DA:2266,0
DA:2267,0
DA:2269,0
DA:2272,0
DA:2292,0
DA:2306,0
DA:2320,0
DA:2333,0
DA:2338,0
DA:2357,0
DA:2368,0
DA:2376,0
DA:2377,0
DA:2378,0
DA:2379,0
DA:2384,0
DA:2387,0
DA:2388,0
DA:2391,0
DA:2393,0
DA:2396,0
DA:2397,0
DA:2400,0
DA:2401,0
DA:2404,0
DA:2408,0
DA:2409,0
DA:2410,0
DA:2411,0
DA:2418,0
DA:2420,0
DA:2421,0
DA:2423,0
DA:2424,0
DA:2426,0
DA:2433,0
DA:2434,0
DA:2435,0
DA:2436,0
DA:2437,0
DA:2438,0
DA:2441,0
DA:2442,0
DA:2444,0
DA:2445,0
DA:2447,0
DA:2449,0
DA:2452,0
DA:2454,0
DA:2458,0
DA:2483,0
DA:2493,0
DA:2502,0
DA:2511,0
DA:2512,0
DA:2514,0
DA:2515,0
DA:2519,0
DA:2520,0
DA:2527,0
DA:2528,0
DA:2529,0
DA:2532,0
DA:2533,0
DA:2535,0
DA:2536,0
DA:2542,0
DA:2545,0
DA:2563,0
DA:2567,0
DA:2568,0
DA:2569,0
DA:2575,0
DA:2576,0
DA:2579,0
DA:2585,0
DA:2586,0
DA:2588,0
DA:2602,0
DA:2616,0
DA:2619,0
DA:2620,0
DA:2624,0
DA:2625,0
DA:2627,0
DA:2629,0
DA:2630,0
DA:2631,0
DA:2632,0
DA:2633,0
DA:2636,0
DA:2637,0
DA:2638,0
DA:2639,0
DA:2640,0
DA:2642,0
DA:2643,0
DA:2646,0
DA:2647,0
DA:2648,0
DA:2649,0
DA:2650,0
DA:2652,0
DA:2655,0
DA:2658,0
DA:2660,0
DA:2667,0
DA:2670,0
DA:2672,0
DA:2673,0
DA:2681,0
DA:2690,0
DA:2693,0
DA:2695,0
DA:2697,0
DA:2698,0
DA:2700,0
DA:2701,0
DA:2702,0
DA:2703,0
DA:2704,0
DA:2705,0
DA:2706,0
DA:2708,0
DA:2709,0
DA:2710,0
DA:2711,0
DA:2712,0
DA:2714,0
DA:2715,0
DA:2716,0
DA:2719,0
DA:2720,0
DA:2721,0
DA:2722,0
DA:2723,0
DA:2725,0
DA:2728,0
DA:2731,0
DA:2733,0
DA:2740,0
DA:2743,0
DA:2744,0
DA:2753,0
DA:2754,0
DA:2756,0
DA:2757,0
DA:2758,0
DA:2760,0
DA:2762,0
DA:2763,0
DA:2767,0
DA:2768,0
DA:2769,0
DA:2770,0
DA:2771,0
DA:2772,0
DA:2774,0
DA:2786,0
DA:2788,0
DA:2789,0
DA:2808,0
DA:2813,0
DA:2814,0
DA:2816,0
DA:2817,0
DA:2818,0
DA:2822,0
DA:2833,0
DA:2852,0
LF:786
LH:0
BRDA:52,0,0,0
BRDA:52,0,1,0
BRDA:52,1,0,0
BRDA:52,1,1,0
BRDA:54,2,0,0
BRDA:54,2,1,0
BRDA:54,3,0,0
BRDA:54,3,1,0
BRDA:57,4,0,0
BRDA:57,4,1,0
BRDA:86,5,0,0
BRDA:86,5,1,0
BRDA:107,6,0,0
BRDA:107,6,1,0
BRDA:111,7,0,0
BRDA:111,7,1,0
BRDA:187,8,0,0
BRDA:187,8,1,0
BRDA:187,8,2,0
BRDA:201,9,0,0
BRDA:201,9,1,0
BRDA:201,10,0,0
BRDA:201,10,1,0
BRDA:214,11,0,0
BRDA:214,11,1,0
BRDA:254,12,0,0
BRDA:254,12,1,0
BRDA:261,13,0,0
BRDA:261,13,1,0
BRDA:262,14,0,0
BRDA:262,14,1,0
BRDA:283,15,0,0
BRDA:283,15,1,0
BRDA:286,16,0,0
BRDA:286,16,1,0
BRDA:303,17,0,0
BRDA:303,17,1,0
BRDA:304,18,0,0
BRDA:304,18,1,0
BRDA:304,18,2,0
BRDA:304,18,3,0
BRDA:304,18,4,0
BRDA:312,19,0,0
BRDA:312,19,1,0
BRDA:319,20,0,0
BRDA:319,20,1,0
BRDA:323,21,0,0
BRDA:323,21,1,0
BRDA:337,22,0,0
BRDA:337,22,1,0
BRDA:341,23,0,0
BRDA:341,23,1,0
BRDA:347,24,0,0
BRDA:347,24,1,0
BRDA:390,25,0,0
BRDA:390,25,1,0
BRDA:411,26,0,0
BRDA:411,26,1,0
BRDA:430,27,0,0
BRDA:430,27,1,0
BRDA:431,28,0,0
BRDA:431,28,1,0
BRDA:435,29,0,0
BRDA:435,29,1,0
BRDA:454,30,0,0
BRDA:454,30,1,0
BRDA:465,31,0,0
BRDA:465,31,1,0
BRDA:465,32,0,0
BRDA:465,32,1,0
BRDA:465,32,2,0
BRDA:468,33,0,0
BRDA:468,33,1,0
BRDA:470,34,0,0
BRDA:470,34,1,0
BRDA:474,35,0,0
BRDA:474,35,1,0
BRDA:484,36,0,0
BRDA:484,36,1,0
BRDA:492,37,0,0
BRDA:492,37,1,0
BRDA:507,38,0,0
BRDA:507,38,1,0
BRDA:508,39,0,0
BRDA:508,39,1,0
BRDA:516,40,0,0
BRDA:516,40,1,0
BRDA:521,41,0,0
BRDA:521,41,1,0
BRDA:522,42,0,0
BRDA:522,42,1,0
BRDA:522,42,2,0
BRDA:522,42,3,0
BRDA:527,43,0,0
BRDA:527,43,1,0
BRDA:530,44,0,0
BRDA:530,44,1,0
BRDA:535,45,0,0
BRDA:535,45,1,0
BRDA:536,46,0,0
BRDA:536,46,1,0
BRDA:536,46,2,0
BRDA:542,47,0,0
BRDA:542,47,1,0
BRDA:542,48,0,0
BRDA:542,48,1,0
BRDA:548,49,0,0
BRDA:548,49,1,0
BRDA:559,50,0,0
BRDA:559,50,1,0
BRDA:569,51,0,0
BRDA:569,51,1,0
BRDA:576,52,0,0
BRDA:576,52,1,0
BRDA:577,53,0,0
BRDA:577,53,1,0
BRDA:577,54,0,0
BRDA:577,54,1,0
BRDA:577,54,2,0
BRDA:604,55,0,0
BRDA:604,55,1,0
BRDA:604,55,2,0
BRDA:604,55,3,0
BRDA:608,56,0,0
BRDA:608,56,1,0
BRDA:626,57,0,0
BRDA:626,57,1,0
BRDA:628,58,0,0
BRDA:628,58,1,0
BRDA:630,59,0,0
BRDA:630,59,1,0
BRDA:650,60,0,0
BRDA:650,60,1,0
BRDA:651,61,0,0
BRDA:651,61,1,0
BRDA:651,62,0,0
BRDA:651,62,1,0
BRDA:653,63,0,0
BRDA:653,63,1,0
BRDA:654,64,0,0
BRDA:654,64,1,0
BRDA:658,65,0,0
BRDA:658,65,1,0
BRDA:686,66,0,0
BRDA:686,66,1,0
BRDA:699,67,0,0
BRDA:699,67,1,0
BRDA:699,67,2,0
BRDA:711,68,0,0
BRDA:711,68,1,0
BRDA:718,69,0,0
BRDA:718,69,1,0
BRDA:724,70,0,0
BRDA:724,70,1,0
BRDA:726,71,0,0
BRDA:726,71,1,0
BRDA:726,72,0,0
BRDA:726,72,1,0
BRDA:730,73,0,0
BRDA:730,73,1,0
BRDA:756,74,0,0
BRDA:756,74,1,0
BRDA:762,75,0,0
BRDA:762,75,1,0
BRDA:769,76,0,0
BRDA:769,76,1,0
BRDA:770,77,0,0
BRDA:770,77,1,0
BRDA:780,78,0,0
BRDA:780,78,1,0
BRDA:780,78,2,0
BRDA:783,79,0,0
BRDA:783,79,1,0
BRDA:783,79,2,0
BRDA:811,80,0,0
BRDA:811,80,1,0
BRDA:822,81,0,0
BRDA:822,81,1,0
BRDA:828,82,0,0
BRDA:828,82,1,0
BRDA:828,83,0,0
BRDA:828,83,1,0
BRDA:840,84,0,0
BRDA:840,84,1,0
BRDA:842,85,0,0
BRDA:842,85,1,0
BRDA:844,86,0,0
BRDA:844,86,1,0
BRDA:845,87,0,0
BRDA:845,87,1,0
BRDA:845,88,0,0
BRDA:845,88,1,0
BRDA:851,89,0,0
BRDA:851,89,1,0
BRDA:851,90,0,0
BRDA:851,90,1,0
BRDA:852,91,0,0
BRDA:852,91,1,0
BRDA:852,92,0,0
BRDA:852,92,1,0
BRDA:859,93,0,0
BRDA:859,93,1,0
BRDA:863,94,0,0
BRDA:863,94,1,0
BRDA:891,95,0,0
BRDA:891,95,1,0
BRDA:900,96,0,0
BRDA:900,96,1,0
BRDA:902,97,0,0
BRDA:902,97,1,0
BRDA:905,98,0,0
BRDA:905,98,1,0
BRDA:908,99,0,0
BRDA:908,99,1,0
BRDA:911,100,0,0
BRDA:911,100,1,0
BRDA:914,101,0,0
BRDA:914,101,1,0
BRDA:917,102,0,0
BRDA:917,102,1,0
BRDA:920,103,0,0
BRDA:920,103,1,0
BRDA:930,104,0,0
BRDA:930,104,1,0
BRDA:934,105,0,0
BRDA:934,105,1,0
BRDA:940,106,0,0
BRDA:940,106,1,0
BRDA:947,107,0,0
BRDA:947,107,1,0
BRDA:954,108,0,0
BRDA:954,108,1,0
BRDA:978,109,0,0
BRDA:978,109,1,0
BRDA:978,110,0,0
BRDA:978,110,1,0
BRDA:1059,111,0,0
BRDA:1059,111,1,0
BRDA:1059,112,0,0
BRDA:1059,112,1,0
BRDA:1069,113,0,0
BRDA:1069,113,1,0
BRDA:1110,114,0,0
BRDA:1110,114,1,0
BRDA:1112,115,0,0
BRDA:1112,115,1,0
BRDA:1119,116,0,0
BRDA:1119,116,1,0
BRDA:1125,117,0,0
BRDA:1125,117,1,0
BRDA:1168,118,0,0
BRDA:1168,118,1,0
BRDA:1172,119,0,0
BRDA:1172,119,1,0
BRDA:1182,120,0,0
BRDA:1182,120,1,0
BRDA:1191,121,0,0
BRDA:1191,121,1,0
BRDA:1213,122,0,0
BRDA:1213,122,1,0
BRDA:1233,123,0,0
BRDA:1233,123,1,0
BRDA:1235,124,0,0
BRDA:1235,124,1,0
BRDA:1237,125,0,0
BRDA:1237,125,1,0
BRDA:1245,126,0,0
BRDA:1245,126,1,0
BRDA:1267,127,0,0
BRDA:1267,127,1,0
BRDA:1277,128,0,0
BRDA:1277,128,1,0
BRDA:1280,129,0,0
BRDA:1280,129,1,0
BRDA:1282,130,0,0
BRDA:1282,130,1,0
BRDA:1294,131,0,0
BRDA:1294,131,1,0
BRDA:1294,131,2,0
BRDA:1299,132,0,0
BRDA:1299,132,1,0
BRDA:1302,133,0,0
BRDA:1302,133,1,0
BRDA:1306,134,0,0
BRDA:1306,134,1,0
BRDA:1317,135,0,0
BRDA:1317,135,1,0
BRDA:1340,136,0,0
BRDA:1340,136,1,0
BRDA:1350,137,0,0
BRDA:1350,137,1,0
BRDA:1350,137,2,0
BRDA:1371,138,0,0
BRDA:1371,138,1,0
BRDA:1372,139,0,0
BRDA:1372,139,1,0
BRDA:1379,140,0,0
BRDA:1379,140,1,0
BRDA:1403,141,0,0
BRDA:1403,141,1,0
BRDA:1417,142,0,0
BRDA:1417,142,1,0
BRDA:1418,143,0,0
BRDA:1418,143,1,0
BRDA:1419,144,0,0
BRDA:1419,144,1,0
BRDA:1424,145,0,0
BRDA:1424,145,1,0
BRDA:1424,146,0,0
BRDA:1424,146,1,0
BRDA:1430,147,0,0
BRDA:1430,147,1,0
BRDA:1437,148,0,0
BRDA:1437,148,1,0
BRDA:1447,149,0,0
BRDA:1447,149,1,0
BRDA:1466,150,0,0
BRDA:1466,150,1,0
BRDA:1467,151,0,0
BRDA:1467,151,1,0
BRDA:1467,151,2,0
BRDA:1471,152,0,0
BRDA:1471,152,1,0
BRDA:1472,153,0,0
BRDA:1472,153,1,0
BRDA:1508,154,0,0
BRDA:1508,154,1,0
BRDA:1509,155,0,0
BRDA:1509,155,1,0
BRDA:1513,156,0,0
BRDA:1513,156,1,0
BRDA:1522,157,0,0
BRDA:1522,157,1,0
BRDA:1540,158,0,0
BRDA:1540,158,1,0
BRDA:1541,159,0,0
BRDA:1541,159,1,0
BRDA:1541,159,2,0
BRDA:1558,160,0,0
BRDA:1558,160,1,0
BRDA:1589,161,0,0
BRDA:1589,161,1,0
BRDA:1589,161,2,0
BRDA:1650,162,0,0
BRDA:1650,162,1,0
BRDA:1651,163,0,0
BRDA:1651,163,1,0
BRDA:1655,164,0,0
BRDA:1655,164,1,0
BRDA:1668,165,0,0
BRDA:1668,165,1,0
BRDA:1669,166,0,0
BRDA:1669,166,1,0
BRDA:1673,167,0,0
BRDA:1673,167,1,0
BRDA:1686,168,0,0
BRDA:1686,168,1,0
BRDA:1687,169,0,0
BRDA:1687,169,1,0
BRDA:1688,170,0,0
BRDA:1688,170,1,0
BRDA:1693,171,0,0
BRDA:1693,171,1,0
BRDA:1699,172,0,0
BRDA:1699,172,1,0
BRDA:1752,173,0,0
BRDA:1752,173,1,0
BRDA:1752,173,2,0
BRDA:1764,174,0,0
BRDA:1764,174,1,0
BRDA:1768,175,0,0
BRDA:1768,175,1,0
BRDA:1773,176,0,0
BRDA:1773,176,1,0
BRDA:1775,177,0,0
BRDA:1775,177,1,0
BRDA:1779,178,0,0
BRDA:1779,178,1,0
BRDA:1795,179,0,0
BRDA:1795,179,1,0
BRDA:1841,180,0,0
BRDA:1841,180,1,0
BRDA:1850,181,0,0
BRDA:1850,181,1,0
BRDA:1850,181,2,0
BRDA:1897,182,0,0
BRDA:1897,182,1,0
BRDA:1897,182,2,0
BRDA:1913,183,0,0
BRDA:1913,183,1,0
BRDA:1913,184,0,0
BRDA:1913,184,1,0
BRDA:1920,185,0,0
BRDA:1920,185,1,0
BRDA:1924,186,0,0
BRDA:1924,186,1,0
BRDA:1943,187,0,0
BRDA:1943,187,1,0
BRDA:1943,187,2,0
BRDA:1963,188,0,0
BRDA:1963,188,1,0
BRDA:1967,189,0,0
BRDA:1967,189,1,0
BRDA:1985,190,0,0
BRDA:1985,190,1,0
BRDA:1992,191,0,0
BRDA:1992,191,1,0
BRDA:2048,192,0,0
BRDA:2048,192,1,0
BRDA:2057,193,0,0
BRDA:2057,193,1,0
BRDA:2059,194,0,0
BRDA:2059,194,1,0
BRDA:2067,195,0,0
BRDA:2067,195,1,0
BRDA:2067,195,2,0
BRDA:2071,196,0,0
BRDA:2071,196,1,0
BRDA:2082,197,0,0
BRDA:2082,197,1,0
BRDA:2096,198,0,0
BRDA:2096,198,1,0
BRDA:2096,198,2,0
BRDA:2096,198,3,0
BRDA:2096,198,4,0
BRDA:2096,198,5,0
BRDA:2106,199,0,0
BRDA:2106,199,1,0
BRDA:2110,200,0,0
BRDA:2110,200,1,0
BRDA:2113,201,0,0
BRDA:2113,201,1,0
BRDA:2145,202,0,0
BRDA:2145,202,1,0
BRDA:2150,203,0,0
BRDA:2150,203,1,0
BRDA:2153,204,0,0
BRDA:2153,204,1,0
BRDA:2157,205,0,0
BRDA:2157,205,1,0
BRDA:2175,206,0,0
BRDA:2175,206,1,0
BRDA:2183,207,0,0
BRDA:2183,207,1,0
BRDA:2192,208,0,0
BRDA:2192,208,1,0
BRDA:2200,209,0,0
BRDA:2200,209,1,0
BRDA:2223,210,0,0
BRDA:2223,210,1,0
BRDA:2248,211,0,0
BRDA:2248,211,1,0
BRDA:2266,212,0,0
BRDA:2266,212,1,0
BRDA:2273,213,0,0
BRDA:2273,213,1,0
BRDA:2327,214,0,0
BRDA:2327,214,1,0
BRDA:2336,215,0,0
BRDA:2336,215,1,0
BRDA:2338,216,0,0
BRDA:2338,216,1,0
BRDA:2346,217,0,0
BRDA:2346,217,1,0
BRDA:2346,217,2,0
BRDA:2350,218,0,0
BRDA:2350,218,1,0
BRDA:2361,219,0,0
BRDA:2361,219,1,0
BRDA:2379,220,0,0
BRDA:2379,220,1,0
BRDA:2380,221,0,0
BRDA:2380,221,1,0
BRDA:2380,221,2,0
BRDA:2380,221,3,0
BRDA:2393,222,0,0
BRDA:2393,222,1,0
BRDA:2393,222,2,0
BRDA:2396,223,0,0
BRDA:2396,223,1,0
BRDA:2404,224,0,0
BRDA:2404,224,1,0
BRDA:2408,225,0,0
BRDA:2408,225,1,0
BRDA:2410,226,0,0
BRDA:2410,226,1,0
BRDA:2423,227,0,0
BRDA:2423,227,1,0
BRDA:2430,228,0,0
BRDA:2430,228,1,0
BRDA:2433,229,0,0
BRDA:2433,229,1,0
BRDA:2435,230,0,0
BRDA:2435,230,1,0
BRDA:2437,231,0,0
BRDA:2437,231,1,0
BRDA:2444,232,0,0
BRDA:2444,232,1,0
BRDA:2455,233,0,0
BRDA:2455,233,1,0
BRDA:2471,234,0,0
BRDA:2471,234,1,0
BRDA:2514,235,0,0
BRDA:2514,235,1,0
BRDA:2519,236,0,0
BRDA:2519,236,1,0
BRDA:2527,237,0,0
BRDA:2527,237,1,0
BRDA:2535,238,0,0
BRDA:2535,238,1,0
BRDA:2557,239,0,0
BRDA:2557,239,1,0
BRDA:2569,240,0,0
BRDA:2569,240,1,0
BRDA:2569,240,2,0
BRDA:2569,240,3,0
BRDA:2569,240,4,0
BRDA:2569,240,5,0
BRDA:2569,240,6,0
BRDA:2569,240,7,0
BRDA:2575,241,0,0
BRDA:2575,241,1,0
BRDA:2586,242,0,0
BRDA:2586,242,1,0
BRDA:2593,243,0,0
BRDA:2593,243,1,0
BRDA:2593,244,0,0
BRDA:2593,244,1,0
BRDA:2613,245,0,0
BRDA:2613,245,1,0
BRDA:2620,246,0,0
BRDA:2620,246,1,0
BRDA:2627,247,0,0
BRDA:2627,247,1,0
BRDA:2629,248,0,0
BRDA:2629,248,1,0
BRDA:2636,249,0,0
BRDA:2636,249,1,0
BRDA:2640,250,0,0
BRDA:2640,250,1,0
BRDA:2646,251,0,0
BRDA:2646,251,1,0
BRDA:2652,252,0,0
BRDA:2652,252,1,0
BRDA:2672,253,0,0
BRDA:2672,253,1,0
BRDA:2677,254,0,0
BRDA:2677,254,1,0
BRDA:2687,255,0,0
BRDA:2687,255,1,0
BRDA:2687,255,2,0
BRDA:2690,256,0,0
BRDA:2690,256,1,0
BRDA:2700,257,0,0
BRDA:2700,257,1,0
BRDA:2701,258,0,0
BRDA:2701,258,1,0
BRDA:2708,259,0,0
BRDA:2708,259,1,0
BRDA:2712,260,0,0
BRDA:2712,260,1,0
BRDA:2719,261,0,0
BRDA:2719,261,1,0
BRDA:2725,262,0,0
BRDA:2725,262,1,0
BRDA:2756,263,0,0
BRDA:2756,263,1,0
BRDA:2758,264,0,0
BRDA:2758,264,1,0
BRDA:2760,265,0,0
BRDA:2760,265,1,0
BRDA:2760,266,0,0
BRDA:2760,266,1,0
BRDA:2763,267,0,0
BRDA:2763,267,1,0
BRDA:2770,268,0,0
BRDA:2770,268,1,0
BRDA:2781,269,0,0
BRDA:2781,269,1,0
BRDA:2796,270,0,0
BRDA:2796,270,1,0
BRDA:2816,271,0,0
BRDA:2816,271,1,0
BRF:583
BRH:0
end_of_record
TN:
SF:src/components/AnalyticsPage.tsx
FN:5,(anonymous_0)
FN:11,(anonymous_1)
FN:13,(anonymous_2)
FN:19,(anonymous_3)
FN:26,(anonymous_4)
FN:31,(anonymous_5)
FN:35,(anonymous_6)
FN:36,fetchAvgFirstEntry
FN:49,(anonymous_8)
FN:57,(anonymous_9)
FN:60,(anonymous_10)
FN:68,(anonymous_11)
FN:69,(anonymous_12)
FN:72,(anonymous_13)
FN:81,(anonymous_14)
FN:95,(anonymous_15)
FN:108,(anonymous_16)
FN:109,fetchTypicalArrivalTimes
FN:113,(anonymous_18)
FN:121,(anonymous_19)
FN:124,(anonymous_20)
FN:136,(anonymous_21)
FN:140,(anonymous_22)
FN:140,(anonymous_23)
FN:146,(anonymous_24)
FN:155,(anonymous_25)
FN:157,(anonymous_26)
FN:169,(anonymous_27)
FN:170,fetchHourlyWeightAnalytics
FN:173,(anonymous_29)
FN:179,(anonymous_30)
FN:182,(anonymous_31)
FN:194,(anonymous_32)
FN:205,(anonymous_33)
FN:229,(anonymous_34)
FN:244,(anonymous_35)
FN:252,(anonymous_36)
FN:263,(anonymous_37)
FN:267,(anonymous_38)
FN:284,(anonymous_39)
FN:299,(anonymous_40)
FN:301,(anonymous_41)
FN:326,(anonymous_42)
FN:326,(anonymous_43)
FN:356,(anonymous_44)
FN:362,(anonymous_45)
FN:365,(anonymous_46)
FNF:47
FNH:0
FNDA:0,(anonymous_0)
FNDA:0,(anonymous_1)
FNDA:0,(anonymous_2)
FNDA:0,(anonymous_3)
FNDA:0,(anonymous_4)
FNDA:0,(anonymous_5)
FNDA:0,(anonymous_6)
FNDA:0,fetchAvgFirstEntry
FNDA:0,(anonymous_8)
FNDA:0,(anonymous_9)
FNDA:0,(anonymous_10)
FNDA:0,(anonymous_11)
FNDA:0,(anonymous_12)
FNDA:0,(anonymous_13)
FNDA:0,(anonymous_14)
FNDA:0,(anonymous_15)
FNDA:0,(anonymous_16)
FNDA:0,fetchTypicalArrivalTimes
FNDA:0,(anonymous_18)
FNDA:0,(anonymous_19)
FNDA:0,(anonymous_20)
FNDA:0,(anonymous_21)
FNDA:0,(anonymous_22)
FNDA:0,(anonymous_23)
FNDA:0,(anonymous_24)
FNDA:0,(anonymous_25)
FNDA:0,(anonymous_26)
FNDA:0,(anonymous_27)
FNDA:0,fetchHourlyWeightAnalytics
FNDA:0,(anonymous_29)
FNDA:0,(anonymous_30)
FNDA:0,(anonymous_31)
FNDA:0,(anonymous_32)
FNDA:0,(anonymous_33)
FNDA:0,(anonymous_34)
FNDA:0,(anonymous_35)
FNDA:0,(anonymous_36)
FNDA:0,(anonymous_37)
FNDA:0,(anonymous_38)
FNDA:0,(anonymous_39)
FNDA:0,(anonymous_40)
FNDA:0,(anonymous_41)
FNDA:0,(anonymous_42)
FNDA:0,(anonymous_43)
FNDA:0,(anonymous_44)
FNDA:0,(anonymous_45)
FNDA:0,(anonymous_46)
DA:1,0
DA:2,0
DA:3,0
DA:5,0
DA:7,0
DA:8,0
DA:9,0
DA:11,0
DA:12,0
DA:13,0
DA:14,0
DA:18,0
DA:19,0
DA:20,0
DA:22,0
DA:26,0
DA:27,0
DA:28,0
DA:29,0
DA:31,0
DA:32,0
DA:33,0
DA:35,0
DA:37,0
DA:39,0
DA:40,0
DA:41,0
DA:42,0
DA:43,0
DA:48,0
DA:49,0
DA:50,0
DA:51,0
DA:57,0
DA:59,0
DA:60,0
DA:61,0
DA:62,0
DA:63,0
DA:64,0
DA:67,0
DA:68,0
DA:69,0
DA:71,0
DA:72,0
DA:73,0
DA:74,0
DA:77,0
DA:78,0
DA:80,0
DA:82,0
DA:83,0
DA:87,0
DA:88,0
DA:89,0
DA:90,0
DA:91,0
DA:95,0
DA:96,0
DA:97,0
DA:99,0
DA:103,0
DA:104,0
DA:105,0
DA:106,0
DA:108,0
DA:110,0
DA:112,0
DA:113,0
DA:114,0
DA:115,0
DA:121,0
DA:123,0
DA:124,0
DA:125,0
DA:126,0
DA:127,0
DA:128,0
DA:129,0
DA:130,0
DA:131,0
DA:132,0
DA:135,0
DA:136,0
DA:137,0
DA:138,0
DA:139,0
DA:140,0
DA:141,0
DA:142,0
DA:143,0
DA:145,0
DA:146,0
DA:148,0
DA:149,0
DA:150,0
DA:152,0
DA:155,0
DA:156,0
DA:157,0
DA:158,0
DA:160,0
DA:164,0
DA:165,0
DA:166,0
DA:167,0
DA:169,0
DA:171,0
DA:172,0
DA:173,0
DA:174,0
DA:175,0
DA:179,0
DA:181,0
DA:182,0
DA:183,0
DA:184,0
DA:185,0
DA:186,0
DA:187,0
DA:188,0
DA:189,0
DA:190,0
DA:193,0
DA:194,0
DA:195,0
DA:196,0
DA:197,0
DA:198,0
DA:199,0
DA:200,0
DA:201,0
DA:202,0
DA:203,0
DA:205,0
DA:206,0
DA:209,0
DA:211,0
DA:212,0
DA:213,0
DA:214,0
DA:216,0
DA:219,0
DA:229,0
DA:245,0
DA:252,0
DA:263,0
DA:267,0
DA:285,0
DA:299,0
DA:302,0
DA:326,0
DA:327,0
DA:357,0
DA:363,0
DA:366,0
DA:379,0
LF:157
LH:0
BRDA:53,0,0,0
BRDA:53,0,1,0
BRDA:55,1,0,0
BRDA:55,1,1,0
BRDA:57,2,0,0
BRDA:57,2,1,0
BRDA:57,2,2,0
BRDA:62,3,0,0
BRDA:62,3,1,0
BRDA:63,4,0,0
BRDA:63,4,1,0
BRDA:73,5,0,0
BRDA:73,5,1,0
BRDA:73,6,0,0
BRDA:73,6,1,0
BRDA:78,7,0,0
BRDA:78,7,1,0
BRDA:95,8,0,0
BRDA:95,8,1,0
BRDA:117,9,0,0
BRDA:117,9,1,0
BRDA:118,10,0,0
BRDA:118,10,1,0
BRDA:121,11,0,0
BRDA:121,11,1,0
BRDA:121,11,2,0
BRDA:129,12,0,0
BRDA:129,12,1,0
BRDA:130,13,0,0
BRDA:130,13,1,0
BRDA:131,14,0,0
BRDA:131,14,1,0
BRDA:139,15,0,0
BRDA:139,15,1,0
BRDA:140,16,0,0
BRDA:140,16,1,0
BRDA:141,17,0,0
BRDA:141,17,1,0
BRDA:176,18,0,0
BRDA:176,18,1,0
BRDA:177,19,0,0
BRDA:177,19,1,0
BRDA:179,20,0,0
BRDA:179,20,1,0
BRDA:187,21,0,0
BRDA:187,21,1,0
BRDA:188,22,0,0
BRDA:188,22,1,0
BRDA:189,23,0,0
BRDA:189,23,1,0
BRDA:200,24,0,0
BRDA:200,24,1,0
BRDA:202,25,0,0
BRDA:202,25,1,0
BRDA:231,26,0,0
BRDA:231,26,1,0
BRDA:233,27,0,0
BRDA:233,27,1,0
BRDA:246,28,0,0
BRDA:246,28,1,0
BRDA:247,29,0,0
BRDA:247,29,1,0
BRDA:252,30,0,0
BRDA:252,30,1,0
BRDA:270,31,0,0
BRDA:270,31,1,0
BRDA:272,32,0,0
BRDA:272,32,1,0
BRDA:306,33,0,0
BRDA:306,33,1,0
BRDA:308,34,0,0
BRDA:308,34,1,0
BRDA:326,35,0,0
BRDA:326,35,1,0
BRDA:346,36,0,0
BRDA:346,36,1,0
BRDA:348,37,0,0
BRDA:348,37,1,0
BRDA:363,38,0,0
BRDA:363,38,1,0
BRF:80
BRH:0
end_of_record
TN:
SF:src/components/App.tsx
FN:10,App
FN:79,(anonymous_1)
FN:84,(anonymous_2)
FN:86,(anonymous_3)
FN:93,(anonymous_4)
FN:95,(anonymous_5)
FN:97,(anonymous_6)
FNF:7
FNH:0
FNDA:0,App
FNDA:0,(anonymous_1)
FNDA:0,(anonymous_2)
FNDA:0,(anonymous_3)
FNDA:0,(anonymous_4)
FNDA:0,(anonymous_5)
FNDA:0,(anonymous_6)
DA:1,0
DA:2,0
DA:4,0
DA:5,0
DA:6,0
DA:8,0
DA:11,0
DA:14,0
DA:37,0
DA:79,0
DA:80,0
DA:81,0
DA:83,0
DA:84,0
DA:85,0
DA:86,0
DA:87,0
DA:88,0
DA:92,0
DA:93,0
DA:94,0
DA:95,0
DA:96,0
DA:97,0
DA:101,0
DA:205,0
LF:26
LH:0
BRDA:80,0,0,0
BRDA:80,0,1,0
BRDA:81,1,0,0
BRDA:81,1,1,0
BRDA:83,2,0,0
BRDA:83,2,1,0
BRF:6
BRH:0
end_of_record
TN:
SF:src/components/AppTheme.tsx
FN:3,AppTheme
FNF:1
FNH:0
FNDA:0,AppTheme
DA:1,0
DA:3,0
DA:5,0
LF:3
LH:0
BRF:0
BRH:0
end_of_record
TN:
SF:src/components/AuthContext.tsx
FN:23,getStoredUser
FN:33,AuthProvider
FN:38,(anonymous_2)
FN:41,(anonymous_3)
FN:42,(anonymous_4)
FN:43,(anonymous_5)
FN:44,(anonymous_6)
FN:46,(anonymous_7)
FN:53,(anonymous_8)
FN:58,(anonymous_9)
FN:62,(anonymous_10)
FN:79,(anonymous_11)
FN:91,useAuth
FNF:13
FNH:0
FNDA:0,getStoredUser
FNDA:0,AuthProvider
FNDA:0,(anonymous_2)
FNDA:0,(anonymous_3)
FNDA:0,(anonymous_4)
FNDA:0,(anonymous_5)
FNDA:0,(anonymous_6)
FNDA:0,(anonymous_7)
FNDA:0,(anonymous_8)
FNDA:0,(anonymous_9)
FNDA:0,(anonymous_10)
FNDA:0,(anonymous_11)
FNDA:0,useAuth
DA:1,0
DA:2,0
DA:21,0
DA:24,0
DA:25,0
DA:26,0
DA:27,0
DA:29,0
DA:33,0
DA:34,0
DA:35,0
DA:38,0
DA:39,0
DA:41,0
DA:42,0
DA:43,0
DA:44,0
DA:45,0
DA:46,0
DA:53,0
DA:54,0
DA:58,0
DA:59,0
DA:61,0
DA:62,0
DA:63,0
DA:65,0
DA:66,0
DA:74,0
DA:75,0
DA:76,0
DA:79,0
DA:80,0
DA:81,0
DA:84,0
DA:91,0
DA:92,0
DA:93,0
DA:94,0
DA:96,0
DA:99,0
LF:41
LH:0
BRDA:25,0,0,0
BRDA:25,0,1,0
BRDA:39,1,0,0
BRDA:39,1,1,0
BRDA:54,2,0,0
BRDA:54,2,1,0
BRDA:59,3,0,0
BRDA:59,3,1,0
BRDA:61,4,0,0
BRDA:61,4,1,0
BRDA:63,5,0,0
BRDA:63,5,1,0
BRDA:65,6,0,0
BRDA:65,6,1,0
BRDA:65,7,0,0
BRDA:65,7,1,0
BRDA:72,8,0,0
BRDA:72,8,1,0
BRDA:93,9,0,0
BRDA:93,9,1,0
BRF:20
BRH:0
end_of_record
TN:
SF:src/components/BillingPage.tsx
FN:22,(anonymous_0)
FN:50,(anonymous_1)
FN:53,(anonymous_2)
FN:55,(anonymous_3)
FN:57,(anonymous_4)
FN:63,(anonymous_5)
FN:64,(anonymous_6)
FN:66,(anonymous_7)
FN:72,(anonymous_8)
FN:77,(anonymous_9)
FN:84,(anonymous_10)
FN:93,(anonymous_11)
FN:98,(anonymous_12)
FN:99,(anonymous_13)
FN:100,(anonymous_14)
FN:112,(anonymous_15)
FN:120,(anonymous_16)
FN:121,(anonymous_17)
FN:122,(anonymous_18)
FN:148,(anonymous_19)
FN:154,(anonymous_20)
FN:155,(anonymous_21)
FN:156,(anonymous_22)
FN:174,(anonymous_23)
FN:175,(anonymous_24)
FN:179,(anonymous_25)
FN:184,(anonymous_26)
FN:187,(anonymous_27)
FN:231,(anonymous_28)
FN:244,(anonymous_29)
FN:248,sendInvoiceByEmail
FN:282,blobToBase64
FN:283,(anonymous_32)
FN:285,(anonymous_33)
FN:292,(anonymous_34)
FN:294,(anonymous_35)
FN:298,(anonymous_36)
FN:304,(anonymous_37)
FN:304,(anonymous_38)
FN:319,(anonymous_39)
FN:324,(anonymous_40)
FN:325,(anonymous_41)
FN:347,(anonymous_42)
FN:348,(anonymous_43)
FN:380,(anonymous_44)
FN:400,(anonymous_45)
FN:412,(anonymous_46)
FN:412,(anonymous_47)
FN:424,(anonymous_48)
FN:441,(anonymous_49)
FN:441,(anonymous_50)
FN:453,(anonymous_51)
FN:465,(anonymous_52)
FN:465,(anonymous_53)
FN:477,(anonymous_54)
FN:493,(anonymous_55)
FN:518,(anonymous_56)
FN:521,(anonymous_57)
FN:523,(anonymous_58)
FN:535,(anonymous_59)
FN:541,(anonymous_60)
FN:542,(anonymous_61)
FN:543,(anonymous_62)
FN:546,(anonymous_63)
FN:548,(anonymous_64)
FN:552,(anonymous_65)
FN:553,(anonymous_66)
FN:554,(anonymous_67)
FN:559,(anonymous_68)
FN:560,(anonymous_69)
FN:582,(anonymous_70)
FN:596,(anonymous_71)
FN:606,(anonymous_72)
FN:608,(anonymous_73)
FN:610,(anonymous_74)
FN:615,(anonymous_75)
FN:618,(anonymous_76)
FN:631,(anonymous_77)
FN:637,(anonymous_78)
FN:641,(anonymous_79)
FN:642,(anonymous_80)
FN:654,(anonymous_81)
FN:676,(anonymous_82)
FN:681,(anonymous_83)
FN:684,(anonymous_84)
FN:787,(anonymous_85)
FN:796,(anonymous_86)
FN:797,(anonymous_87)
FN:804,(anonymous_88)
FN:808,(anonymous_89)
FN:817,(anonymous_90)
FN:822,(anonymous_91)
FN:825,(anonymous_92)
FN:901,(anonymous_93)
FN:907,(anonymous_94)
FN:913,(anonymous_95)
FN:932,(anonymous_96)
FN:933,(anonymous_97)
FN:935,(anonymous_98)
FN:950,(anonymous_99)
FN:970,(anonymous_100)
FN:978,(anonymous_101)
FN:981,(anonymous_102)
FN:987,(anonymous_103)
FN:992,(anonymous_104)
FN:1027,(anonymous_105)
FN:1156,(anonymous_106)
FN:1159,(anonymous_107)
FN:1160,(anonymous_108)
FN:1171,(anonymous_109)
FN:1176,(anonymous_110)
FN:1187,(anonymous_111)
FN:1188,(anonymous_112)
FN:1262,(anonymous_113)
FN:1268,(anonymous_114)
FN:1287,(anonymous_115)
FN:1329,(anonymous_116)
FNF:117
FNH:0
FNDA:0,(anonymous_0)
FNDA:0,(anonymous_1)
FNDA:0,(anonymous_2)
FNDA:0,(anonymous_3)
FNDA:0,(anonymous_4)
FNDA:0,(anonymous_5)
FNDA:0,(anonymous_6)
FNDA:0,(anonymous_7)
FNDA:0,(anonymous_8)
FNDA:0,(anonymous_9)
FNDA:0,(anonymous_10)
FNDA:0,(anonymous_11)
FNDA:0,(anonymous_12)
FNDA:0,(anonymous_13)
FNDA:0,(anonymous_14)
FNDA:0,(anonymous_15)
FNDA:0,(anonymous_16)
FNDA:0,(anonymous_17)
FNDA:0,(anonymous_18)
FNDA:0,(anonymous_19)
FNDA:0,(anonymous_20)
FNDA:0,(anonymous_21)
FNDA:0,(anonymous_22)
FNDA:0,(anonymous_23)
FNDA:0,(anonymous_24)
FNDA:0,(anonymous_25)
FNDA:0,(anonymous_26)
FNDA:0,(anonymous_27)
FNDA:0,(anonymous_28)
FNDA:0,(anonymous_29)
FNDA:0,sendInvoiceByEmail
FNDA:0,blobToBase64
FNDA:0,(anonymous_32)
FNDA:0,(anonymous_33)
FNDA:0,(anonymous_34)
FNDA:0,(anonymous_35)
FNDA:0,(anonymous_36)
FNDA:0,(anonymous_37)
FNDA:0,(anonymous_38)
FNDA:0,(anonymous_39)
FNDA:0,(anonymous_40)
FNDA:0,(anonymous_41)
FNDA:0,(anonymous_42)
FNDA:0,(anonymous_43)
FNDA:0,(anonymous_44)
FNDA:0,(anonymous_45)
FNDA:0,(anonymous_46)
FNDA:0,(anonymous_47)
FNDA:0,(anonymous_48)
FNDA:0,(anonymous_49)
FNDA:0,(anonymous_50)
FNDA:0,(anonymous_51)
FNDA:0,(anonymous_52)
FNDA:0,(anonymous_53)
FNDA:0,(anonymous_54)
FNDA:0,(anonymous_55)
FNDA:0,(anonymous_56)
FNDA:0,(anonymous_57)
FNDA:0,(anonymous_58)
FNDA:0,(anonymous_59)
FNDA:0,(anonymous_60)
FNDA:0,(anonymous_61)
FNDA:0,(anonymous_62)
FNDA:0,(anonymous_63)
FNDA:0,(anonymous_64)
FNDA:0,(anonymous_65)
FNDA:0,(anonymous_66)
FNDA:0,(anonymous_67)
FNDA:0,(anonymous_68)
FNDA:0,(anonymous_69)
FNDA:0,(anonymous_70)
FNDA:0,(anonymous_71)
FNDA:0,(anonymous_72)
FNDA:0,(anonymous_73)
FNDA:0,(anonymous_74)
FNDA:0,(anonymous_75)
FNDA:0,(anonymous_76)
FNDA:0,(anonymous_77)
FNDA:0,(anonymous_78)
FNDA:0,(anonymous_79)
FNDA:0,(anonymous_80)
FNDA:0,(anonymous_81)
FNDA:0,(anonymous_82)
FNDA:0,(anonymous_83)
FNDA:0,(anonymous_84)
FNDA:0,(anonymous_85)
FNDA:0,(anonymous_86)
FNDA:0,(anonymous_87)
FNDA:0,(anonymous_88)
FNDA:0,(anonymous_89)
FNDA:0,(anonymous_90)
FNDA:0,(anonymous_91)
FNDA:0,(anonymous_92)
FNDA:0,(anonymous_93)
FNDA:0,(anonymous_94)
FNDA:0,(anonymous_95)
FNDA:0,(anonymous_96)
FNDA:0,(anonymous_97)
FNDA:0,(anonymous_98)
FNDA:0,(anonymous_99)
FNDA:0,(anonymous_100)
FNDA:0,(anonymous_101)
FNDA:0,(anonymous_102)
FNDA:0,(anonymous_103)
FNDA:0,(anonymous_104)
FNDA:0,(anonymous_105)
FNDA:0,(anonymous_106)
FNDA:0,(anonymous_107)
FNDA:0,(anonymous_108)
FNDA:0,(anonymous_109)
FNDA:0,(anonymous_110)
FNDA:0,(anonymous_111)
FNDA:0,(anonymous_112)
FNDA:0,(anonymous_113)
FNDA:0,(anonymous_114)
FNDA:0,(anonymous_115)
FNDA:0,(anonymous_116)
DA:1,0
DA:3,0
DA:8,0
DA:16,0
DA:17,0
DA:18,0
DA:20,0
DA:22,0
DA:23,0
DA:24,0
DA:25,0
DA:28,0
DA:31,0
DA:34,0
DA:37,0
DA:38,0
DA:39,0
DA:40,0
DA:43,0
DA:44,0
DA:47,0
DA:50,0
DA:52,0
DA:53,0
DA:54,0
DA:55,0
DA:57,0
DA:58,0
DA:59,0
DA:63,0
DA:64,0
DA:65,0
DA:66,0
DA:67,0
DA:72,0
DA:73,0
DA:74,0
DA:75,0
DA:77,0
DA:78,0
DA:82,0
DA:83,0
DA:84,0
DA:85,0
DA:86,0
DA:88,0
DA:93,0
DA:94,0
DA:95,0
DA:96,0
DA:98,0
DA:99,0
DA:100,0
DA:101,0
DA:102,0
DA:103,0
DA:104,0
DA:106,0
DA:112,0
DA:113,0
DA:114,0
DA:115,0
DA:116,0
DA:117,0
DA:118,0
DA:120,0
DA:121,0
DA:122,0
DA:123,0
DA:124,0
DA:125,0
DA:126,0
DA:127,0
DA:132,0
DA:133,0
DA:139,0
DA:140,0
DA:141,0
DA:142,0
DA:148,0
DA:149,0
DA:150,0
DA:151,0
DA:152,0
DA:154,0
DA:155,0
DA:156,0
DA:157,0
DA:158,0
DA:159,0
DA:160,0
DA:161,0
DA:167,0
DA:168,0
DA:174,0
DA:175,0
DA:179,0
DA:180,0
DA:181,0
DA:182,0
DA:183,0
DA:185,0
DA:189,0
DA:203,0
DA:219,0
DA:220,0
DA:222,0
DA:227,0
DA:228,0
DA:231,0
DA:232,0
DA:233,0
DA:237,0
DA:240,0
DA:241,0
DA:244,0
DA:245,0
DA:249,0
DA:250,0
DA:251,0
DA:252,0
DA:254,0
DA:255,0
DA:256,0
DA:257,0
DA:259,0
DA:260,0
DA:261,0
DA:262,0
DA:272,0
DA:273,0
DA:275,0
DA:278,0
DA:283,0
DA:284,0
DA:285,0
DA:286,0
DA:287,0
DA:292,0
DA:293,0
DA:294,0
DA:298,0
DA:299,0
DA:300,0
DA:301,0
DA:302,0
DA:303,0
DA:304,0
DA:305,0
DA:307,0
DA:311,0
DA:319,0
DA:324,0
DA:326,0
DA:347,0
DA:349,0
DA:350,0
DA:351,0
DA:352,0
DA:381,0
DA:400,0
DA:412,0
DA:424,0
DA:441,0
DA:453,0
DA:465,0
DA:477,0
DA:493,0
DA:520,0
DA:521,0
DA:523,0
DA:524,0
DA:525,0
DA:526,0
DA:528,0
DA:529,0
DA:532,0
DA:533,0
DA:534,0
DA:535,0
DA:536,0
DA:540,0
DA:541,0
DA:542,0
DA:543,0
DA:546,0
DA:548,0
DA:549,0
DA:551,0
DA:553,0
DA:554,0
DA:555,0
DA:556,0
DA:557,0
DA:560,0
DA:561,0
DA:583,0
DA:597,0
DA:598,0
DA:599,0
DA:600,0
DA:604,0
DA:608,0
DA:609,0
DA:611,0
DA:615,0
DA:619,0
DA:626,0
DA:627,0
DA:630,0
DA:632,0
DA:635,0
DA:636,0
DA:637,0
DA:638,0
DA:641,0
DA:642,0
DA:648,0
DA:651,0
DA:652,0
DA:653,0
DA:654,0
DA:655,0
DA:656,0
DA:657,0
DA:661,0
DA:662,0
DA:663,0
DA:666,0
DA:669,0
DA:675,0
DA:677,0
DA:681,0
DA:685,0
DA:692,0
DA:693,0
DA:694,0
DA:695,0
DA:696,0
DA:697,0
DA:698,0
DA:706,0
DA:707,0
DA:713,0
DA:715,0
DA:718,0
DA:719,0
DA:720,0
DA:721,0
DA:724,0
DA:725,0
DA:726,0
DA:727,0
DA:732,0
DA:736,0
DA:741,0
DA:745,0
DA:750,0
DA:755,0
DA:756,0
DA:789,0
DA:793,0
DA:796,0
DA:797,0
DA:798,0
DA:804,0
DA:809,0
DA:810,0
DA:816,0
DA:818,0
DA:822,0
DA:826,0
DA:833,0
DA:834,0
DA:835,0
DA:836,0
DA:837,0
DA:838,0
DA:839,0
DA:847,0
DA:848,0
DA:854,0
DA:856,0
DA:901,0
DA:907,0
DA:913,0
DA:932,0
DA:933,0
DA:937,0
DA:938,0
DA:939,0
DA:940,0
DA:941,0
DA:947,0
DA:948,0
DA:949,0
DA:950,0
DA:951,0
DA:953,0
DA:954,0
DA:955,0
DA:958,0
DA:965,0
DA:966,0
DA:967,0
DA:968,0
DA:977,0
DA:978,0
DA:980,0
DA:981,0
DA:982,0
DA:984,0
DA:986,0
DA:988,0
DA:992,0
DA:993,0
DA:1004,0
DA:1006,0
DA:1007,0
DA:1027,0
DA:1158,0
DA:1159,0
DA:1160,0
DA:1161,0
DA:1162,0
DA:1164,0
DA:1170,0
DA:1172,0
DA:1175,0
DA:1177,0
DA:1180,0
DA:1182,0
DA:1183,0
DA:1186,0
DA:1187,0
DA:1189,0
DA:1190,0
DA:1235,0
DA:1236,0
DA:1251,0
DA:1262,0
DA:1270,0
DA:1271,0
DA:1273,0
DA:1275,0
DA:1280,0
DA:1285,0
DA:1287,0
DA:1288,0
DA:1309,0
DA:1310,0
DA:1311,0
DA:1312,0
DA:1329,0
DA:1361,0
LF:355
LH:0
BRDA:54,0,0,0
BRDA:54,0,1,0
BRDA:73,1,0,0
BRDA:73,1,1,0
BRDA:94,2,0,0
BRDA:94,2,1,0
BRDA:103,3,0,0
BRDA:103,3,1,0
BRDA:104,4,0,0
BRDA:104,4,1,0
BRDA:113,5,0,0
BRDA:113,5,1,0
BRDA:125,6,0,0
BRDA:125,6,1,0
BRDA:128,7,0,0
BRDA:128,7,1,0
BRDA:134,8,0,0
BRDA:134,8,1,0
BRDA:149,9,0,0
BRDA:149,9,1,0
BRDA:159,10,0,0
BRDA:159,10,1,0
BRDA:162,11,0,0
BRDA:162,11,1,0
BRDA:180,12,0,0
BRDA:180,12,1,0
BRDA:207,13,0,0
BRDA:207,13,1,0
BRDA:209,14,0,0
BRDA:209,14,1,0
BRDA:213,15,0,0
BRDA:213,15,1,0
BRDA:215,16,0,0
BRDA:215,16,1,0
BRDA:245,17,0,0
BRDA:245,17,1,0
BRDA:250,18,0,0
BRDA:250,18,1,0
BRDA:255,19,0,0
BRDA:255,19,1,0
BRDA:272,20,0,0
BRDA:272,20,1,0
BRDA:299,21,0,0
BRDA:299,21,1,0
BRDA:334,22,0,0
BRDA:334,22,1,0
BRDA:350,23,0,0
BRDA:350,23,1,0
BRDA:355,24,0,0
BRDA:355,24,1,0
BRDA:355,25,0,0
BRDA:355,25,1,0
BRDA:355,25,2,0
BRDA:376,26,0,0
BRDA:376,26,1,0
BRDA:379,27,0,0
BRDA:379,27,1,0
BRDA:504,28,0,0
BRDA:504,28,1,0
BRDA:507,29,0,0
BRDA:507,29,1,0
BRDA:520,30,0,0
BRDA:520,30,1,0
BRDA:524,31,0,0
BRDA:524,31,1,0
BRDA:528,32,0,0
BRDA:528,32,1,0
BRDA:534,33,0,0
BRDA:534,33,1,0
BRDA:555,34,0,0
BRDA:555,34,1,0
BRDA:555,34,2,0
BRDA:556,35,0,0
BRDA:556,35,1,0
BRDA:556,35,2,0
BRDA:564,36,0,0
BRDA:564,36,1,0
BRDA:597,37,0,0
BRDA:597,37,1,0
BRDA:597,38,0,0
BRDA:597,38,1,0
BRDA:599,39,0,0
BRDA:599,39,1,0
BRDA:599,40,0,0
BRDA:599,40,1,0
BRDA:609,41,0,0
BRDA:609,41,1,0
BRDA:613,42,0,0
BRDA:613,42,1,0
BRDA:619,43,0,0
BRDA:619,43,1,0
BRDA:627,44,0,0
BRDA:627,44,1,0
BRDA:627,44,2,0
BRDA:632,45,0,0
BRDA:632,45,1,0
BRDA:636,46,0,0
BRDA:636,46,1,0
BRDA:637,47,0,0
BRDA:637,47,1,0
BRDA:640,48,0,0
BRDA:640,48,1,0
BRDA:642,49,0,0
BRDA:642,49,1,0
BRDA:648,50,0,0
BRDA:648,50,1,0
BRDA:648,51,0,0
BRDA:648,51,1,0
BRDA:655,52,0,0
BRDA:655,52,1,0
BRDA:657,53,0,0
BRDA:657,53,1,0
BRDA:658,54,0,0
BRDA:658,54,1,0
BRDA:662,55,0,0
BRDA:662,55,1,0
BRDA:662,56,0,0
BRDA:662,56,1,0
BRDA:675,57,0,0
BRDA:675,57,1,0
BRDA:679,58,0,0
BRDA:679,58,1,0
BRDA:685,59,0,0
BRDA:685,59,1,0
BRDA:694,60,0,0
BRDA:694,60,1,0
BRDA:694,61,0,0
BRDA:694,61,1,0
BRDA:706,62,0,0
BRDA:706,62,1,0
BRDA:718,63,0,0
BRDA:718,63,1,0
BRDA:720,64,0,0
BRDA:720,64,1,0
BRDA:720,65,0,0
BRDA:720,65,1,0
BRDA:727,66,0,0
BRDA:727,66,1,0
BRDA:728,67,0,0
BRDA:728,67,1,0
BRDA:728,67,2,0
BRDA:736,68,0,0
BRDA:736,68,1,0
BRDA:737,69,0,0
BRDA:737,69,1,0
BRDA:737,69,2,0
BRDA:745,70,0,0
BRDA:745,70,1,0
BRDA:746,71,0,0
BRDA:746,71,1,0
BRDA:746,71,2,0
BRDA:759,72,0,0
BRDA:759,72,1,0
BRDA:761,73,0,0
BRDA:761,73,1,0
BRDA:763,74,0,0
BRDA:763,74,1,0
BRDA:767,75,0,0
BRDA:767,75,1,0
BRDA:769,76,0,0
BRDA:769,76,1,0
BRDA:776,77,0,0
BRDA:776,77,1,0
BRDA:789,78,0,0
BRDA:789,78,1,0
BRDA:798,79,0,0
BRDA:798,79,1,0
BRDA:809,80,0,0
BRDA:809,80,1,0
BRDA:816,81,0,0
BRDA:816,81,1,0
BRDA:820,82,0,0
BRDA:820,82,1,0
BRDA:826,83,0,0
BRDA:826,83,1,0
BRDA:835,84,0,0
BRDA:835,84,1,0
BRDA:835,85,0,0
BRDA:835,85,1,0
BRDA:847,86,0,0
BRDA:847,86,1,0
BRDA:860,87,0,0
BRDA:860,87,1,0
BRDA:867,88,0,0
BRDA:867,88,1,0
BRDA:874,89,0,0
BRDA:874,89,1,0
BRDA:881,90,0,0
BRDA:881,90,1,0
BRDA:888,91,0,0
BRDA:888,91,1,0
BRDA:895,92,0,0
BRDA:895,92,1,0
BRDA:929,93,0,0
BRDA:929,93,1,0
BRDA:929,93,2,0
BRDA:937,94,0,0
BRDA:937,94,1,0
BRDA:947,95,0,0
BRDA:947,95,1,0
BRDA:950,96,0,0
BRDA:950,96,1,0
BRDA:951,97,0,0
BRDA:951,97,1,0
BRDA:965,98,0,0
BRDA:965,98,1,0
BRDA:980,99,0,0
BRDA:980,99,1,0
BRDA:982,100,0,0
BRDA:982,100,1,0
BRDA:984,101,0,0
BRDA:984,101,1,0
BRDA:988,102,0,0
BRDA:988,102,1,0
BRDA:997,103,0,0
BRDA:997,103,1,0
BRDA:999,104,0,0
BRDA:999,104,1,0
BRDA:999,105,0,0
BRDA:999,105,1,0
BRDA:1013,106,0,0
BRDA:1013,106,1,0
BRDA:1087,107,0,0
BRDA:1087,107,1,0
BRDA:1092,108,0,0
BRDA:1092,108,1,0
BRDA:1092,108,2,0
BRDA:1098,109,0,0
BRDA:1098,109,1,0
BRDA:1103,110,0,0
BRDA:1103,110,1,0
BRDA:1107,111,0,0
BRDA:1107,111,1,0
BRDA:1161,112,0,0
BRDA:1161,112,1,0
BRDA:1165,113,0,0
BRDA:1165,113,1,0
BRDA:1172,114,0,0
BRDA:1172,114,1,0
BRDA:1177,115,0,0
BRDA:1177,115,1,0
BRDA:1180,116,0,0
BRDA:1180,116,1,0
BRDA:1182,117,0,0
BRDA:1182,117,1,0
BRDA:1204,118,0,0
BRDA:1204,118,1,0
BRDA:1204,119,0,0
BRDA:1204,119,1,0
BRDA:1204,119,2,0
BRDA:1235,120,0,0
BRDA:1235,120,1,0
BRDA:1271,121,0,0
BRDA:1271,121,1,0
BRDA:1285,122,0,0
BRDA:1285,122,1,0
BRDA:1338,123,0,0
BRDA:1338,123,1,0
BRDA:1342,124,0,0
BRDA:1342,124,1,0
BRF:260
BRH:0
end_of_record
TN:
SF:src/components/ClientForm.tsx
FN:34,(anonymous_0)
FN:57,(anonymous_1)
FN:99,(anonymous_2)
FN:113,(anonymous_3)
FN:124,(anonymous_4)
FN:125,(anonymous_5)
FN:127,(anonymous_6)
FN:133,(anonymous_7)
FN:134,(anonymous_8)
FN:140,(anonymous_9)
FN:173,(anonymous_10)
FN:187,(anonymous_11)
FN:195,(anonymous_12)
FN:196,(anonymous_13)
FN:212,(anonymous_14)
FN:248,(anonymous_15)
FN:268,(anonymous_16)
FN:285,(anonymous_17)
FN:308,(anonymous_18)
FN:322,(anonymous_19)
FN:342,(anonymous_20)
FN:356,(anonymous_21)
FN:399,(anonymous_22)
FN:400,(anonymous_23)
FN:420,(anonymous_24)
FN:422,(anonymous_25)
FN:449,(anonymous_26)
FN:477,(anonymous_27)
FN:504,(anonymous_28)
FN:510,(anonymous_29)
FN:561,(anonymous_30)
FN:575,(anonymous_31)
FN:585,(anonymous_32)
FN:586,(anonymous_33)
FN:605,(anonymous_34)
FN:641,(anonymous_35)
FN:664,(anonymous_36)
FN:681,(anonymous_37)
FN:704,(anonymous_38)
FN:721,(anonymous_39)
FN:744,(anonymous_40)
FN:761,(anonymous_41)
FN:802,(anonymous_42)
FN:803,(anonymous_43)
FNF:44
FNH:0
FNDA:0,(anonymous_0)
FNDA:0,(anonymous_1)
FNDA:0,(anonymous_2)
FNDA:0,(anonymous_3)
FNDA:0,(anonymous_4)
FNDA:0,(anonymous_5)
FNDA:0,(anonymous_6)
FNDA:0,(anonymous_7)
FNDA:0,(anonymous_8)
FNDA:0,(anonymous_9)
FNDA:0,(anonymous_10)
FNDA:0,(anonymous_11)
FNDA:0,(anonymous_12)
FNDA:0,(anonymous_13)
FNDA:0,(anonymous_14)
FNDA:0,(anonymous_15)
FNDA:0,(anonymous_16)
FNDA:0,(anonymous_17)
FNDA:0,(anonymous_18)
FNDA:0,(anonymous_19)
FNDA:0,(anonymous_20)
FNDA:0,(anonymous_21)
FNDA:0,(anonymous_22)
FNDA:0,(anonymous_23)
FNDA:0,(anonymous_24)
FNDA:0,(anonymous_25)
FNDA:0,(anonymous_26)
FNDA:0,(anonymous_27)
FNDA:0,(anonymous_28)
FNDA:0,(anonymous_29)
FNDA:0,(anonymous_30)
FNDA:0,(anonymous_31)
FNDA:0,(anonymous_32)
FNDA:0,(anonymous_33)
FNDA:0,(anonymous_34)
FNDA:0,(anonymous_35)
FNDA:0,(anonymous_36)
FNDA:0,(anonymous_37)
FNDA:0,(anonymous_38)
FNDA:0,(anonymous_39)
FNDA:0,(anonymous_40)
FNDA:0,(anonymous_41)
FNDA:0,(anonymous_42)
FNDA:0,(anonymous_43)
DA:1,0
DA:4,0
DA:5,0
DA:34,0
DA:41,0
DA:42,0
DA:43,0
DA:44,0
DA:45,0
DA:48,0
DA:49,0
DA:50,0
DA:51,0
DA:52,0
DA:53,0
DA:57,0
DA:58,0
DA:59,0
DA:60,0
DA:69,0
DA:70,0
DA:72,0
DA:73,0
DA:74,0
DA:78,0
DA:80,0
DA:81,0
DA:82,0
DA:87,0
DA:88,0
DA:89,0
DA:90,0
DA:91,0
DA:92,0
DA:93,0
DA:99,0
DA:100,0
DA:104,0
DA:105,0
DA:106,0
DA:107,0
DA:108,0
DA:109,0
DA:110,0
DA:113,0
DA:114,0
DA:115,0
DA:116,0
DA:117,0
DA:118,0
DA:119,0
DA:120,0
DA:121,0
DA:124,0
DA:125,0
DA:126,0
DA:127,0
DA:129,0
DA:130,0
DA:131,0
DA:132,0
DA:133,0
DA:134,0
DA:136,0
DA:140,0
DA:141,0
DA:142,0
DA:143,0
DA:144,0
DA:145,0
DA:146,0
DA:148,0
DA:150,0
DA:155,0
DA:173,0
DA:187,0
DA:195,0
DA:197,0
DA:212,0
DA:248,0
DA:268,0
DA:285,0
DA:308,0
DA:322,0
DA:342,0
DA:356,0
DA:399,0
DA:401,0
DA:421,0
DA:422,0
DA:424,0
DA:451,0
DA:454,0
DA:455,0
DA:456,0
DA:457,0
DA:461,0
DA:463,0
DA:478,0
DA:479,0
DA:480,0
DA:481,0
DA:482,0
DA:486,0
DA:488,0
DA:504,0
DA:510,0
DA:561,0
DA:576,0
DA:585,0
DA:587,0
DA:605,0
DA:641,0
DA:664,0
DA:681,0
DA:704,0
DA:721,0
DA:744,0
DA:761,0
DA:802,0
DA:804,0
DA:805,0
DA:806,0
DA:810,0
LF:124
LH:0
BRDA:59,0,0,0
BRDA:59,0,1,0
BRDA:69,1,0,0
BRDA:69,1,1,0
BRDA:72,2,0,0
BRDA:72,2,1,0
BRDA:107,3,0,0
BRDA:107,3,1,0
BRDA:108,4,0,0
BRDA:108,4,1,0
BRDA:110,5,0,0
BRDA:110,5,1,0
BRDA:126,6,0,0
BRDA:126,6,1,0
BRDA:129,7,0,0
BRDA:129,7,1,0
BRDA:142,8,0,0
BRDA:142,8,1,0
BRDA:162,9,0,0
BRDA:162,9,1,0
BRDA:187,10,0,0
BRDA:187,10,1,0
BRDA:200,11,0,0
BRDA:200,11,1,0
BRDA:216,12,0,0
BRDA:216,12,1,0
BRDA:376,13,0,0
BRDA:376,13,1,0
BRDA:379,14,0,0
BRDA:379,14,1,0
BRDA:404,15,0,0
BRDA:404,15,1,0
BRDA:419,16,0,0
BRDA:419,16,1,0
BRDA:424,17,0,0
BRDA:424,17,1,0
BRDA:438,18,0,0
BRDA:438,18,1,0
BRDA:441,19,0,0
BRDA:441,19,1,0
BRDA:451,20,0,0
BRDA:451,20,1,0
BRDA:467,21,0,0
BRDA:467,21,1,0
BRDA:473,22,0,0
BRDA:473,22,1,0
BRDA:492,23,0,0
BRDA:492,23,1,0
BRDA:496,24,0,0
BRDA:496,24,1,0
BRDA:524,25,0,0
BRDA:524,25,1,0
BRDA:576,26,0,0
BRDA:576,26,1,0
BRDA:593,27,0,0
BRDA:593,27,1,0
BRDA:609,28,0,0
BRDA:609,28,1,0
BRDA:790,29,0,0
BRDA:790,29,1,0
BRDA:793,30,0,0
BRDA:793,30,1,0
BRDA:804,31,0,0
BRDA:804,31,1,0
BRF:64
BRH:0
end_of_record
TN:
SF:src/components/ColorModeSelect.tsx
FN:3,ColorModeSelect
FNF:1
FNH:0
FNDA:0,ColorModeSelect
DA:3,0
DA:5,0
LF:2
LH:0
BRF:0
BRH:0
end_of_record
TN:
SF:src/components/Content.tsx
FN:9,(anonymous_0)
FN:23,(anonymous_1)
FN:24,(anonymous_2)
FN:25,(anonymous_3)
FN:26,(anonymous_4)
FNF:5
FNH:0
FNDA:0,(anonymous_0)
FNDA:0,(anonymous_1)
FNDA:0,(anonymous_2)
FNDA:0,(anonymous_3)
FNDA:0,(anonymous_4)
DA:1,0
DA:2,0
DA:9,0
DA:10,0
DA:23,0
DA:24,0
DA:25,0
DA:26,0
DA:39,0
LF:9
LH:0
BRDA:12,0,0,0
BRDA:12,0,1,0
BRDA:19,1,0,0
BRDA:19,1,1,0
BRF:4
BRH:0
end_of_record
TN:
SF:src/components/DeleteConfirmationModal.tsx
FN:15,(anonymous_0)
FNF:1
FNH:0
FNDA:0,(anonymous_0)
DA:1,0
DA:13,0
DA:15,0
DA:24,0
DA:25,0
LF:5
LH:0
BRDA:16,0,0,0
BRDA:19,1,0,0
BRDA:20,2,0,0
BRDA:24,3,0,0
BRDA:24,3,1,0
BRDA:34,4,0,0
BRDA:34,4,1,0
BRDA:40,5,0,0
BRDA:40,5,1,0
BRDA:50,6,0,0
BRDA:50,6,1,0
BRF:11
BRH:0
end_of_record
TN:
SF:src/components/DriverManagement.tsx
FN:14,(anonymous_0)
FN:19,(anonymous_1)
FN:32,(anonymous_2)
FN:47,(anonymous_3)
FN:77,(anonymous_4)
FN:83,(anonymous_5)
FNF:6
FNH:0
FNDA:0,(anonymous_0)
FNDA:0,(anonymous_1)
FNDA:0,(anonymous_2)
FNDA:0,(anonymous_3)
FNDA:0,(anonymous_4)
FNDA:0,(anonymous_5)
DA:1,0
DA:2,0
DA:3,0
DA:14,0
DA:15,0
DA:16,0
DA:17,0
DA:19,0
DA:20,0
DA:21,0
DA:22,0
DA:23,0
DA:24,0
DA:26,0
DA:27,0
DA:28,0
DA:29,0
DA:32,0
DA:33,0
DA:34,0
DA:35,0
DA:38,0
DA:47,0
DA:78,0
DA:83,0
DA:100,0
LF:26
LH:0
BRDA:22,0,0,0
BRDA:22,0,1,0
BRDA:62,1,0,0
BRDA:62,1,1,0
BRDA:65,2,0,0
BRDA:65,2,1,0
BRF:6
BRH:0
end_of_record
TN:
SF:src/components/GlobalActivityLog.tsx
FN:13,GlobalActivityLog
FN:19,(anonymous_1)
FN:20,(anonymous_2)
FN:24,(anonymous_3)
FN:40,(anonymous_4)
FN:55,(anonymous_5)
FN:76,(anonymous_6)
FN:84,(anonymous_7)
FN:96,(anonymous_8)
FNF:9
FNH:0
FNDA:0,GlobalActivityLog
FNDA:0,(anonymous_1)
FNDA:0,(anonymous_2)
FNDA:0,(anonymous_3)
FNDA:0,(anonymous_4)
FNDA:0,(anonymous_5)
FNDA:0,(anonymous_6)
FNDA:0,(anonymous_7)
FNDA:0,(anonymous_8)
DA:1,0
DA:2,0
DA:3,0
DA:13,0
DA:14,0
DA:15,0
DA:16,0
DA:17,0
DA:19,0
DA:20,0
DA:21,0
DA:22,0
DA:23,0
DA:24,0
DA:25,0
DA:26,0
DA:34,0
DA:35,0
DA:36,0
DA:37,0
DA:38,0
DA:39,0
DA:41,0
DA:42,0
DA:43,0
DA:47,0
DA:49,0
DA:51,0
DA:55,0
DA:56,0
DA:57,0
DA:58,0
DA:65,0
DA:76,0
DA:84,0
DA:97,0
LF:36
LH:0
BRDA:28,0,0,0
BRDA:28,0,1,0
BRDA:29,1,0,0
BRDA:29,1,1,0
BRDA:30,2,0,0
BRDA:30,2,1,0
BRDA:34,3,0,0
BRDA:34,3,1,0
BRDA:41,4,0,0
BRDA:41,4,1,0
BRDA:43,5,0,0
BRDA:43,5,1,0
BRDA:56,6,0,0
BRDA:56,6,1,0
BRDA:59,7,0,0
BRDA:59,7,1,0
BRDA:59,7,2,0
BRDA:61,8,0,0
BRDA:61,8,1,0
BRDA:87,9,0,0
BRDA:87,9,1,0
BRDA:89,10,0,0
BRDA:89,10,1,0
BRDA:105,11,0,0
BRDA:105,11,1,0
BRDA:106,12,0,0
BRDA:106,12,1,0
BRF:27
BRH:0
end_of_record
TN:
SF:src/components/HomeLoginPage.tsx
FN:86,(anonymous_0)
FN:92,(anonymous_1)
FN:103,(anonymous_2)
FN:110,(anonymous_3)
FN:120,(anonymous_4)
FN:188,(anonymous_5)
FN:201,(anonymous_6)
FN:216,(anonymous_7)
FN:230,(anonymous_8)
FN:246,(anonymous_9)
FNF:10
FNH:0
FNDA:0,(anonymous_0)
FNDA:0,(anonymous_1)
FNDA:0,(anonymous_2)
FNDA:0,(anonymous_3)
FNDA:0,(anonymous_4)
FNDA:0,(anonymous_5)
FNDA:0,(anonymous_6)
FNDA:0,(anonymous_7)
FNDA:0,(anonymous_8)
FNDA:0,(anonymous_9)
DA:3,0
DA:4,0
DA:5,0
DA:6,0
DA:8,0
DA:16,0
DA:28,0
DA:40,0
DA:50,0
DA:59,0
DA:66,0
DA:72,0
DA:86,0
DA:87,0
DA:88,0
DA:89,0
DA:90,0
DA:92,0
DA:93,0
DA:94,0
DA:95,0
DA:96,0
DA:97,0
DA:98,0
DA:100,0
DA:103,0
DA:104,0
DA:105,0
DA:106,0
DA:107,0
DA:109,0
DA:110,0
DA:111,0
DA:112,0
DA:114,0
DA:115,0
DA:116,0
DA:117,0
DA:119,0
DA:120,0
DA:125,0
DA:189,0
DA:201,0
DA:216,0
DA:230,0
DA:246,0
DA:288,0
LF:47
LH:0
BRDA:97,0,0,0
BRDA:97,0,1,0
BRDA:104,1,0,0
BRDA:104,1,1,0
BRDA:109,2,0,0
BRDA:109,2,1,0
BRDA:114,3,0,0
BRDA:114,3,1,0
BRDA:114,4,0,0
BRDA:114,4,1,0
BRDA:119,5,0,0
BRDA:119,5,1,0
BRDA:177,6,0,0
BRDA:177,6,1,0
BRDA:267,7,0,0
BRDA:267,7,1,0
BRDA:269,8,0,0
BRDA:269,8,1,0
BRF:18
BRH:0
end_of_record
TN:
SF:src/components/InvoiceDetailsModal.tsx
FN:22,(anonymous_0)
FN:56,(anonymous_1)
FN:60,(anonymous_2)
FN:64,(anonymous_3)
FN:68,(anonymous_4)
FN:71,(anonymous_5)
FN:79,(anonymous_6)
FN:81,(anonymous_7)
FN:92,isItemAddedAfterDelivery
FN:116,(anonymous_9)
FN:136,(anonymous_10)
FN:141,(anonymous_11)
FN:146,(anonymous_12)
FN:157,(anonymous_13)
FN:187,(anonymous_14)
FN:202,(anonymous_15)
FN:215,(anonymous_16)
FN:216,(anonymous_17)
FN:232,(anonymous_18)
FN:255,(anonymous_19)
FN:327,(anonymous_20)
FN:345,(anonymous_21)
FN:346,(anonymous_22)
FN:350,(anonymous_23)
FN:377,(anonymous_24)
FN:393,(anonymous_25)
FN:407,(anonymous_26)
FN:423,(anonymous_27)
FN:433,(anonymous_28)
FN:457,(anonymous_29)
FN:459,(anonymous_30)
FN:475,(anonymous_31)
FN:505,(anonymous_32)
FN:508,(anonymous_33)
FN:531,(anonymous_34)
FN:539,(anonymous_35)
FN:591,(anonymous_36)
FN:609,(anonymous_37)
FN:618,(anonymous_38)
FN:631,(anonymous_39)
FN:675,(anonymous_40)
FN:690,(anonymous_41)
FN:706,(anonymous_42)
FN:716,(anonymous_43)
FN:721,(anonymous_44)
FN:722,(anonymous_45)
FN:729,(anonymous_46)
FN:771,(anonymous_47)
FN:773,(anonymous_48)
FN:791,(anonymous_49)
FN:792,(anonymous_50)
FN:794,(anonymous_51)
FN:797,(anonymous_52)
FN:798,(anonymous_53)
FN:800,(anonymous_54)
FN:832,(anonymous_55)
FN:929,(anonymous_56)
FN:960,(anonymous_57)
FNF:58
FNH:0
FNDA:0,(anonymous_0)
FNDA:0,(anonymous_1)
FNDA:0,(anonymous_2)
FNDA:0,(anonymous_3)
FNDA:0,(anonymous_4)
FNDA:0,(anonymous_5)
FNDA:0,(anonymous_6)
FNDA:0,(anonymous_7)
FNDA:0,isItemAddedAfterDelivery
FNDA:0,(anonymous_9)
FNDA:0,(anonymous_10)
FNDA:0,(anonymous_11)
FNDA:0,(anonymous_12)
FNDA:0,(anonymous_13)
FNDA:0,(anonymous_14)
FNDA:0,(anonymous_15)
FNDA:0,(anonymous_16)
FNDA:0,(anonymous_17)
FNDA:0,(anonymous_18)
FNDA:0,(anonymous_19)
FNDA:0,(anonymous_20)
FNDA:0,(anonymous_21)
FNDA:0,(anonymous_22)
FNDA:0,(anonymous_23)
FNDA:0,(anonymous_24)
FNDA:0,(anonymous_25)
FNDA:0,(anonymous_26)
FNDA:0,(anonymous_27)
FNDA:0,(anonymous_28)
FNDA:0,(anonymous_29)
FNDA:0,(anonymous_30)
FNDA:0,(anonymous_31)
FNDA:0,(anonymous_32)
FNDA:0,(anonymous_33)
FNDA:0,(anonymous_34)
FNDA:0,(anonymous_35)
FNDA:0,(anonymous_36)
FNDA:0,(anonymous_37)
FNDA:0,(anonymous_38)
FNDA:0,(anonymous_39)
FNDA:0,(anonymous_40)
FNDA:0,(anonymous_41)
FNDA:0,(anonymous_42)
FNDA:0,(anonymous_43)
FNDA:0,(anonymous_44)
FNDA:0,(anonymous_45)
FNDA:0,(anonymous_46)
FNDA:0,(anonymous_47)
FNDA:0,(anonymous_48)
FNDA:0,(anonymous_49)
FNDA:0,(anonymous_50)
FNDA:0,(anonymous_51)
FNDA:0,(anonymous_52)
FNDA:0,(anonymous_53)
FNDA:0,(anonymous_54)
FNDA:0,(anonymous_55)
FNDA:0,(anonymous_56)
FNDA:0,(anonymous_57)
DA:1,0
DA:3,0
DA:4,0
DA:22,0
DA:31,0
DA:32,0
DA:35,0
DA:36,0
DA:37,0
DA:38,0
DA:39,0
DA:43,0
DA:46,0
DA:47,0
DA:48,0
DA:51,0
DA:52,0
DA:53,0
DA:56,0
DA:57,0
DA:60,0
DA:61,0
DA:64,0
DA:65,0
DA:68,0
DA:69,0
DA:70,0
DA:71,0
DA:73,0
DA:74,0
DA:75,0
DA:79,0
DA:80,0
DA:81,0
DA:86,0
DA:93,0
DA:94,0
DA:100,0
DA:116,0
DA:117,0
DA:118,0
DA:119,0
DA:121,0
DA:122,0
DA:124,0
DA:126,0
DA:128,0
DA:130,0
DA:131,0
DA:136,0
DA:141,0
DA:142,0
DA:143,0
DA:146,0
DA:150,0
DA:152,0
DA:153,0
DA:157,0
DA:158,0
DA:159,0
DA:160,0
DA:168,0
DA:171,0
DA:189,0
DA:190,0
DA:202,0
DA:215,0
DA:217,0
DA:218,0
DA:232,0
DA:255,0
DA:328,0
DA:329,0
DA:330,0
DA:345,0
DA:346,0
DA:351,0
DA:352,0
DA:355,0
DA:365,0
DA:366,0
DA:367,0
DA:368,0
DA:378,0
DA:379,0
DA:380,0
DA:394,0
DA:407,0
DA:424,0
DA:434,0
DA:435,0
DA:437,0
DA:438,0
DA:448,0
DA:449,0
DA:450,0
DA:451,0
DA:452,0
DA:454,0
DA:456,0
DA:457,0
DA:459,0
DA:476,0
DA:506,0
DA:507,0
DA:508,0
DA:510,0
DA:511,0
DA:512,0
DA:522,0
DA:532,0
DA:533,0
DA:538,0
DA:540,0
DA:545,0
DA:548,0
DA:549,0
DA:559,0
DA:561,0
DA:591,0
DA:610,0
DA:611,0
DA:612,0
DA:619,0
DA:632,0
DA:633,0
DA:637,0
DA:676,0
DA:677,0
DA:690,0
DA:707,0
DA:717,0
DA:718,0
DA:719,0
DA:721,0
DA:722,0
DA:723,0
DA:727,0
DA:728,0
DA:730,0
DA:733,0
DA:755,0
DA:760,0
DA:761,0
DA:762,0
DA:763,0
DA:764,0
DA:765,0
DA:767,0
DA:768,0
DA:770,0
DA:771,0
DA:773,0
DA:792,0
DA:796,0
DA:797,0
DA:798,0
DA:799,0
DA:800,0
DA:803,0
DA:833,0
DA:834,0
DA:839,0
DA:850,0
DA:851,0
DA:856,0
DA:857,0
DA:862,0
DA:863,0
DA:871,0
DA:872,0
DA:880,0
DA:881,0
DA:889,0
DA:890,0
DA:895,0
DA:896,0
DA:901,0
DA:930,0
DA:961,0
DA:999,0
LF:181
LH:0
BRDA:52,0,0,0
BRDA:52,0,1,0
BRDA:65,1,0,0
BRDA:65,1,1,0
BRDA:69,2,0,0
BRDA:69,2,1,0
BRDA:71,3,0,0
BRDA:71,3,1,0
BRDA:73,4,0,0
BRDA:73,4,1,0
BRDA:74,5,0,0
BRDA:74,5,1,0
BRDA:74,6,0,0
BRDA:74,6,1,0
BRDA:80,7,0,0
BRDA:80,7,1,0
BRDA:86,8,0,0
BRDA:86,8,1,0
BRDA:86,8,2,0
BRDA:86,8,3,0
BRDA:93,9,0,0
BRDA:93,9,1,0
BRDA:93,10,0,0
BRDA:93,10,1,0
BRDA:117,11,0,0
BRDA:117,11,1,0
BRDA:117,12,0,0
BRDA:117,12,1,0
BRDA:124,13,0,0
BRDA:124,13,1,0
BRDA:128,14,0,0
BRDA:128,14,1,0
BRDA:142,15,0,0
BRDA:142,15,1,0
BRDA:146,16,0,0
BRDA:146,16,1,0
BRDA:153,17,0,0
BRDA:153,17,1,0
BRDA:159,18,0,0
BRDA:159,18,1,0
BRDA:163,19,0,0
BRDA:163,19,1,0
BRDA:189,20,0,0
BRDA:189,20,1,0
BRDA:208,21,0,0
BRDA:208,21,1,0
BRDA:217,22,0,0
BRDA:217,22,1,0
BRDA:218,23,0,0
BRDA:218,23,1,0
BRDA:226,24,0,0
BRDA:226,24,1,0
BRDA:240,25,0,0
BRDA:240,25,1,0
BRDA:272,26,0,0
BRDA:272,26,1,0
BRDA:275,27,0,0
BRDA:275,27,1,0
BRDA:286,28,0,0
BRDA:286,28,1,0
BRDA:291,29,0,0
BRDA:291,29,1,0
BRDA:291,29,2,0
BRDA:291,29,3,0
BRDA:299,30,0,0
BRDA:299,30,1,0
BRDA:299,30,2,0
BRDA:303,31,0,0
BRDA:303,31,1,0
BRDA:308,32,0,0
BRDA:308,32,1,0
BRDA:310,33,0,0
BRDA:310,33,1,0
BRDA:313,34,0,0
BRDA:313,34,1,0
BRDA:323,35,0,0
BRDA:323,35,1,0
BRDA:351,36,0,0
BRDA:351,36,1,0
BRDA:368,37,0,0
BRDA:368,37,1,0
BRDA:388,38,0,0
BRDA:388,38,1,0
BRDA:394,39,0,0
BRDA:394,39,1,0
BRDA:434,40,0,0
BRDA:434,40,1,0
BRDA:435,41,0,0
BRDA:435,41,1,0
BRDA:451,42,0,0
BRDA:451,42,1,0
BRDA:456,43,0,0
BRDA:456,43,1,0
BRDA:490,44,0,0
BRDA:490,44,1,0
BRDA:506,45,0,0
BRDA:506,45,1,0
BRDA:511,46,0,0
BRDA:511,46,1,0
BRDA:517,47,0,0
BRDA:517,47,1,0
BRDA:522,48,0,0
BRDA:522,48,1,0
BRDA:533,49,0,0
BRDA:533,49,1,0
BRDA:534,50,0,0
BRDA:534,50,1,0
BRDA:534,50,2,0
BRDA:540,51,0,0
BRDA:540,51,1,0
BRDA:548,52,0,0
BRDA:548,52,1,0
BRDA:554,53,0,0
BRDA:554,53,1,0
BRDA:559,54,0,0
BRDA:559,54,1,0
BRDA:562,55,0,0
BRDA:562,55,1,0
BRDA:597,56,0,0
BRDA:597,56,1,0
BRDA:622,57,0,0
BRDA:622,57,1,0
BRDA:640,58,0,0
BRDA:640,58,1,0
BRDA:670,59,0,0
BRDA:670,59,1,0
BRDA:676,60,0,0
BRDA:676,60,1,0
BRDA:717,61,0,0
BRDA:717,61,1,0
BRDA:719,62,0,0
BRDA:719,62,1,0
BRDA:719,63,0,0
BRDA:719,63,1,0
BRDA:723,64,0,0
BRDA:723,64,1,0
BRDA:740,65,0,0
BRDA:740,65,1,0
BRDA:744,66,0,0
BRDA:744,66,1,0
BRDA:746,67,0,0
BRDA:746,67,1,0
BRDA:760,68,0,0
BRDA:760,68,1,0
BRDA:770,69,0,0
BRDA:770,69,1,0
BRDA:821,70,0,0
BRDA:821,70,1,0
BRDA:834,71,0,0
BRDA:834,71,1,0
BRDA:835,72,0,0
BRDA:835,72,1,0
BRDA:835,72,2,0
BRDA:850,73,0,0
BRDA:850,73,1,0
BRDA:856,74,0,0
BRDA:856,74,1,0
BRDA:862,75,0,0
BRDA:862,75,1,0
BRDA:871,76,0,0
BRDA:871,76,1,0
BRDA:880,77,0,0
BRDA:880,77,1,0
BRDA:889,78,0,0
BRDA:889,78,1,0
BRDA:895,79,0,0
BRDA:895,79,1,0
BRDA:942,80,0,0
BRDA:942,80,1,0
BRDA:943,81,0,0
BRDA:943,81,1,0
BRF:171
BRH:0
end_of_record
TN:
SF:src/components/InvoiceForm.tsx
FN:11,InvoiceForm
FN:25,(anonymous_1)
FN:29,(anonymous_2)
FN:34,(anonymous_3)
FN:36,(anonymous_4)
FN:69,(anonymous_5)
FN:74,(anonymous_6)
FN:87,(anonymous_7)
FN:140,(anonymous_8)
FN:149,(anonymous_9)
FN:174,(anonymous_10)
FN:180,(anonymous_11)
FNF:12
FNH:0
FNDA:0,InvoiceForm
FNDA:0,(anonymous_1)
FNDA:0,(anonymous_2)
FNDA:0,(anonymous_3)
FNDA:0,(anonymous_4)
FNDA:0,(anonymous_5)
FNDA:0,(anonymous_6)
FNDA:0,(anonymous_7)
FNDA:0,(anonymous_8)
FNDA:0,(anonymous_9)
FNDA:0,(anonymous_10)
FNDA:0,(anonymous_11)
DA:1,0
DA:11,0
DA:17,0
DA:18,0
DA:19,0
DA:22,0
DA:25,0
DA:26,0
DA:29,0
DA:30,0
DA:31,0
DA:34,0
DA:35,0
DA:36,0
DA:37,0
DA:38,0
DA:47,0
DA:48,0
DA:49,0
DA:51,0
DA:52,0
DA:56,0
DA:69,0
DA:75,0
DA:87,0
DA:140,0
DA:149,0
DA:174,0
DA:180,0
LF:29
LH:0
BRDA:35,0,0,0
BRDA:35,0,1,0
BRDA:37,1,0,0
BRDA:37,1,1,0
BRDA:78,2,0,0
BRDA:78,2,1,0
BRDA:90,3,0,0
BRDA:90,3,1,0
BRDA:121,4,0,0
BRDA:121,4,1,0
BRDA:121,4,2,0
BRDA:160,5,0,0
BRDA:160,5,1,0
BRDA:160,5,2,0
BRF:14
BRH:0
end_of_record
TN:
SF:src/components/LaundryCartModal.tsx
FN:12,LaundryCartModal
FN:25,(anonymous_1)
FN:26,(anonymous_2)
FN:33,(anonymous_3)
FN:40,(anonymous_4)
FN:78,(anonymous_5)
FN:82,(anonymous_6)
FN:83,(anonymous_7)
FN:84,(anonymous_8)
FN:102,(anonymous_9)
FN:106,(anonymous_10)
FN:120,(anonymous_11)
FN:137,(anonymous_12)
FN:143,(anonymous_13)
FN:149,(anonymous_14)
FN:149,(anonymous_15)
FN:166,(anonymous_16)
FN:177,(anonymous_17)
FN:191,(anonymous_18)
FN:204,(anonymous_19)
FN:216,(anonymous_20)
FNF:21
FNH:0
FNDA:0,LaundryCartModal
FNDA:0,(anonymous_1)
FNDA:0,(anonymous_2)
FNDA:0,(anonymous_3)
FNDA:0,(anonymous_4)
FNDA:0,(anonymous_5)
FNDA:0,(anonymous_6)
FNDA:0,(anonymous_7)
FNDA:0,(anonymous_8)
FNDA:0,(anonymous_9)
FNDA:0,(anonymous_10)
FNDA:0,(anonymous_11)
FNDA:0,(anonymous_12)
FNDA:0,(anonymous_13)
[...]
FNDA:0,(anonymous_13)
FNDA:0,(anonymous_14)
FNDA:0,(anonymous_15)
FNDA:0,(anonymous_16)
FNDA:0,(anonymous_17)
FNDA:0,(anonymous_18)
FNDA:0,(anonymous_19)
FNDA:0,(anonymous_20)
FNDA:0,(anonymous_21)
FNDA:0,(anonymous_22)
FNDA:0,(anonymous_23)
FNDA:0,(anonymous_24)
FNDA:0,(anonymous_25)
FNDA:0,(anonymous_26)
FNDA:0,(anonymous_27)
FNDA:0,(anonymous_28)
FNDA:0,(anonymous_29)
FNDA:0,(anonymous_30)
FNDA:0,(anonymous_31)
FNDA:0,(anonymous_32)
FNDA:0,(anonymous_33)
FNDA:0,(anonymous_34)
FNDA:0,(anonymous_35)
FNDA:0,(anonymous_36)
FNDA:0,(anonymous_37)
FNDA:0,(anonymous_38)
FNDA:0,(anonymous_39)
FNDA:0,(anonymous_40)
FNDA:0,(anonymous_41)
FNDA:0,(anonymous_42)
FNDA:0,(anonymous_43)
FNDA:0,(anonymous_44)
FNDA:0,(anonymous_45)
FNDA:0,(anonymous_46)
FNDA:0,(anonymous_47)
FNDA:0,(anonymous_48)
FNDA:0,(anonymous_49)
FNDA:0,(anonymous_50)
FNDA:0,(anonymous_51)
FNDA:0,(anonymous_52)
FNDA:0,(anonymous_53)
FNDA:0,(anonymous_54)
FNDA:0,(anonymous_55)
FNDA:0,(anonymous_56)
FNDA:0,(anonymous_57)
FNDA:0,(anonymous_58)
FNDA:0,(anonymous_59)
FNDA:0,(anonymous_60)
FNDA:0,(anonymous_61)
FNDA:0,(anonymous_62)
FNDA:0,(anonymous_63)
FNDA:0,(anonymous_64)
FNDA:0,(anonymous_65)
FNDA:0,(anonymous_66)
FNDA:0,(anonymous_67)
FNDA:0,(anonymous_68)
FNDA:0,(anonymous_69)
FNDA:0,(anonymous_70)
FNDA:0,(anonymous_71)
FNDA:0,(anonymous_72)
FNDA:0,(anonymous_73)
FNDA:0,(anonymous_74)
FNDA:0,(anonymous_75)
FNDA:0,(anonymous_76)
FNDA:0,(anonymous_77)
FNDA:0,(anonymous_78)
FNDA:0,(anonymous_79)
FNDA:0,(anonymous_80)
FNDA:0,(anonymous_81)
FNDA:0,(anonymous_82)
FNDA:0,(anonymous_83)
FNDA:0,(anonymous_84)
FNDA:0,(anonymous_85)
FNDA:0,(anonymous_86)
FNDA:0,(anonymous_87)
FNDA:0,(anonymous_88)
FNDA:0,(anonymous_89)
FNDA:0,(anonymous_90)
FNDA:0,(anonymous_91)
FNDA:0,(anonymous_92)
FNDA:0,(anonymous_93)
FNDA:0,(anonymous_94)
FNDA:0,(anonymous_95)
FNDA:0,(anonymous_96)
FNDA:0,(anonymous_97)
FNDA:0,(anonymous_98)
FNDA:0,(anonymous_99)
FNDA:0,(anonymous_100)
FNDA:0,(anonymous_101)
FNDA:0,(anonymous_102)
FNDA:0,(anonymous_103)
FNDA:0,(anonymous_104)
FNDA:0,(anonymous_105)
FNDA:0,(anonymous_106)
FNDA:0,(anonymous_107)
FNDA:0,(anonymous_108)
FNDA:0,(anonymous_109)
FNDA:0,(anonymous_110)
FNDA:0,(anonymous_111)
FNDA:0,(anonymous_112)
FNDA:0,(anonymous_113)
FNDA:0,(anonymous_114)
FNDA:0,(anonymous_115)
FNDA:0,(anonymous_116)
FNDA:0,(anonymous_117)
FNDA:0,(anonymous_118)
FNDA:0,(anonymous_119)
FNDA:0,(anonymous_120)
FNDA:0,(anonymous_121)
FNDA:0,(anonymous_122)
FNDA:0,(anonymous_123)
FNDA:0,(anonymous_124)
FNDA:0,(anonymous_125)
FNDA:0,(anonymous_126)
FNDA:0,(anonymous_127)
FNDA:0,(anonymous_128)
FNDA:0,(anonymous_129)
FNDA:0,(anonymous_130)
FNDA:0,(anonymous_131)
FNDA:0,(anonymous_132)
FNDA:0,(anonymous_133)
FNDA:0,(anonymous_134)
FNDA:0,(anonymous_135)
FNDA:0,(anonymous_136)
FNDA:0,(anonymous_137)
FNDA:0,(anonymous_138)
FNDA:0,(anonymous_139)
FNDA:0,(anonymous_140)
FNDA:0,(anonymous_141)
FNDA:0,(anonymous_142)
FNDA:0,(anonymous_143)
FNDA:0,(anonymous_144)
FNDA:0,(anonymous_145)
FNDA:0,(anonymous_146)
FNDA:0,(anonymous_147)
FNDA:0,(anonymous_148)
FNDA:0,(anonymous_149)
FNDA:0,(anonymous_150)
FNDA:0,(anonymous_151)
FNDA:0,(anonymous_152)
FNDA:0,(anonymous_153)
FNDA:0,(anonymous_154)
FNDA:0,(anonymous_155)
FNDA:0,(anonymous_156)
FNDA:0,(anonymous_157)
FNDA:0,(anonymous_158)
FNDA:0,(anonymous_159)
FNDA:0,(anonymous_160)
FNDA:0,(anonymous_161)
FNDA:0,(anonymous_162)
FNDA:0,(anonymous_163)
DA:1,0
DA:2,0
DA:3,0
DA:4,0
DA:5,0
DA:14,0
DA:15,0
DA:16,0
DA:17,0
DA:23,0
DA:24,0
DA:27,0
DA:28,0
DA:29,0
DA:30,0
DA:31,0
DA:34,0
DA:35,0
DA:38,0
DA:41,0
DA:44,0
DA:48,0
DA:50,0
DA:52,0
DA:54,0
DA:55,0
DA:56,0
DA:58,0
DA:59,0
DA:62,0
DA:67,0
DA:70,0
DA:73,0
DA:74,0
DA:77,0
DA:81,0
DA:83,0
DA:85,0
DA:86,0
DA:88,0
DA:89,0
DA:90,0
DA:91,0
DA:92,0
DA:105,0
DA:106,0
DA:108,0
DA:110,0
DA:111,0
DA:112,0
DA:113,0
DA:114,0
DA:115,0
DA:117,0
DA:121,0
DA:123,0
DA:124,0
DA:125,0
DA:126,0
DA:127,0
DA:132,0
DA:133,0
DA:134,0
DA:135,0
DA:144,0
DA:146,0
DA:150,0
DA:151,0
DA:152,0
DA:153,0
DA:154,0
DA:155,0
DA:156,0
DA:159,0
DA:162,0
DA:166,0
DA:167,0
DA:168,0
DA:169,0
DA:170,0
DA:176,0
DA:177,0
DA:178,0
DA:179,0
DA:180,0
DA:183,0
DA:188,0
DA:192,0
DA:194,0
DA:196,0
DA:198,0
DA:199,0
DA:200,0
DA:202,0
DA:203,0
DA:204,0
DA:211,0
DA:212,0
DA:214,0
DA:217,0
DA:218,0
DA:221,0
DA:223,0
DA:224,0
DA:225,0
DA:226,0
DA:227,0
DA:229,0
DA:230,0
DA:234,0
DA:235,0
DA:236,0
DA:237,0
DA:239,0
DA:240,0
DA:242,0
DA:244,0
DA:245,0
DA:246,0
DA:247,0
DA:249,0
DA:250,0
DA:252,0
DA:257,0
DA:258,0
DA:259,0
DA:260,0
DA:261,0
DA:263,0
DA:268,0
DA:269,0
DA:270,0
DA:272,0
DA:282,0
DA:285,0
DA:286,0
DA:287,0
DA:291,0
DA:292,0
DA:293,0
DA:294,0
DA:295,0
DA:300,0
DA:303,0
DA:304,0
DA:307,0
DA:308,0
DA:309,0
DA:311,0
DA:312,0
DA:314,0
DA:317,0
DA:320,0
DA:321,0
DA:323,0
DA:324,0
DA:343,0
DA:353,0
DA:354,0
DA:355,0
DA:356,0
DA:357,0
DA:358,0
DA:359,0
DA:360,0
DA:365,0
DA:366,0
DA:372,0
DA:374,0
DA:375,0
DA:376,0
DA:377,0
DA:378,0
DA:383,0
DA:384,0
DA:386,0
DA:388,0
DA:395,0
DA:396,0
DA:397,0
DA:398,0
DA:399,0
DA:400,0
DA:405,0
DA:406,0
DA:408,0
DA:410,0
DA:417,0
DA:421,0
DA:422,0
DA:424,0
DA:428,0
DA:430,0
DA:435,0
DA:436,0
DA:438,0
DA:439,0
DA:440,0
DA:441,0
DA:443,0
DA:444,0
DA:445,0
DA:447,0
DA:448,0
DA:449,0
DA:462,0
DA:463,0
DA:467,0
DA:472,0
DA:473,0
DA:474,0
DA:476,0
DA:477,0
DA:479,0
DA:480,0
DA:481,0
DA:483,0
DA:487,0
DA:488,0
DA:489,0
DA:490,0
DA:491,0
DA:493,0
DA:494,0
DA:496,0
DA:497,0
DA:499,0
DA:500,0
DA:501,0
DA:502,0
DA:504,0
DA:506,0
DA:507,0
DA:510,0
DA:512,0
DA:513,0
DA:514,0
DA:516,0
DA:522,0
DA:524,0
DA:529,0
DA:531,0
DA:532,0
DA:533,0
DA:534,0
DA:535,0
DA:536,0
DA:537,0
DA:538,0
DA:541,0
DA:544,0
DA:548,0
DA:550,0
DA:551,0
DA:552,0
DA:560,0
DA:561,0
DA:562,0
DA:563,0
DA:564,0
DA:565,0
DA:566,0
DA:568,0
DA:573,0
DA:574,0
DA:575,0
DA:576,0
DA:577,0
DA:578,0
DA:581,0
DA:582,0
DA:587,0
DA:588,0
DA:591,0
DA:592,0
DA:594,0
DA:602,0
DA:604,0
DA:609,0
DA:610,0
DA:619,0
DA:620,0
DA:624,0
DA:625,0
DA:627,0
DA:632,0
DA:633,0
DA:643,0
DA:644,0
DA:646,0
DA:647,0
DA:648,0
DA:651,0
DA:656,0
DA:661,0
DA:662,0
DA:663,0
DA:664,0
DA:665,0
DA:670,0
DA:671,0
DA:672,0
DA:673,0
DA:674,0
DA:675,0
DA:678,0
DA:679,0
DA:680,0
DA:691,0
DA:692,0
DA:693,0
DA:694,0
DA:695,0
DA:696,0
DA:700,0
DA:702,0
DA:703,0
DA:705,0
DA:706,0
DA:707,0
DA:711,0
DA:712,0
DA:717,0
DA:719,0
DA:720,0
DA:721,0
DA:728,0
DA:732,0
DA:739,0
DA:749,0
DA:804,0
DA:805,0
DA:807,0
DA:808,0
DA:809,0
DA:811,0
DA:812,0
DA:870,0
DA:871,0
DA:875,0
DA:879,0
DA:897,0
DA:898,0
DA:899,0
DA:903,0
DA:922,0
DA:923,0
DA:924,0
DA:927,0
DA:930,0
DA:931,0
DA:935,0
DA:942,0
DA:943,0
DA:944,0
DA:958,0
DA:959,0
DA:985,0
DA:998,0
DA:999,0
DA:1000,0
DA:1001,0
DA:1004,0
DA:1006,0
DA:1007,0
DA:1014,0
DA:1015,0
DA:1016,0
DA:1019,0
DA:1021,0
DA:1023,0
DA:1025,0
DA:1026,0
DA:1030,0
DA:1034,0
DA:1038,0
DA:1040,0
DA:1056,0
DA:1057,0
DA:1082,0
DA:1083,0
DA:1087,0
DA:1091,0
DA:1105,0
DA:1106,0
DA:1107,0
DA:1111,0
DA:1131,0
DA:1132,0
DA:1137,0
DA:1138,0
DA:1142,0
DA:1148,0
DA:1149,0
DA:1150,0
DA:1157,0
DA:1160,0
DA:1164,0
DA:1168,0
DA:1174,0
DA:1177,0
DA:1187,0
DA:1190,0
DA:1202,0
DA:1206,0
DA:1207,0
DA:1208,0
DA:1209,0
DA:1210,0
DA:1221,0
DA:1225,0
DA:1251,0
DA:1262,0
DA:1272,0
DA:1300,0
DA:1316,0
DA:1317,0
DA:1333,0
DA:1339,0
DA:1351,0
DA:1357,0
DA:1374,0
DA:1388,0
DA:1402,0
DA:1424,0
DA:1458,0
DA:1460,0
DA:1478,0
DA:1508,0
DA:1509,0
DA:1510,0
DA:1511,0
DA:1513,0
DA:1516,0
DA:1518,0
DA:1620,0
DA:1631,0
DA:1644,0
DA:1657,0
DA:1673,0
DA:1733,0
LF:441
LH:0
BRDA:83,0,0,0
BRDA:83,0,1,0
BRDA:96,1,0,0
BRDA:96,1,1,0
BRDA:100,2,0,0
BRDA:100,2,1,0
BRDA:139,3,0,0
BRDA:139,3,1,0
BRDA:154,4,0,0
BRDA:154,4,1,0
BRDA:170,5,0,0
BRDA:170,5,1,0
BRDA:171,6,0,0
BRDA:171,6,1,0
BRDA:171,6,2,0
BRDA:176,7,0,0
BRDA:176,7,1,0
BRDA:178,8,0,0
BRDA:178,8,1,0
BRDA:179,9,0,0
BRDA:179,9,1,0
BRDA:183,10,0,0
BRDA:183,10,1,0
BRDA:194,11,0,0
BRDA:194,11,1,0
BRDA:196,12,0,0
BRDA:196,12,1,0
BRDA:196,13,0,0
BRDA:196,13,1,0
BRDA:199,14,0,0
BRDA:199,14,1,0
BRDA:200,15,0,0
BRDA:200,15,1,0
BRDA:200,16,0,0
BRDA:200,16,1,0
BRDA:207,17,0,0
BRDA:207,17,1,0
BRDA:214,18,0,0
BRDA:214,18,1,0
BRDA:214,19,0,0
BRDA:214,19,1,0
BRDA:226,20,0,0
BRDA:226,20,1,0
BRDA:229,21,0,0
BRDA:229,21,1,0
BRDA:237,22,0,0
BRDA:237,22,1,0
BRDA:240,23,0,0
BRDA:240,23,1,0
BRDA:242,24,0,0
BRDA:242,24,1,0
BRDA:247,25,0,0
BRDA:247,25,1,0
BRDA:250,26,0,0
BRDA:250,26,1,0
BRDA:252,27,0,0
BRDA:252,27,1,0
BRDA:258,28,0,0
BRDA:258,28,1,0
BRDA:260,29,0,0
BRDA:260,29,1,0
BRDA:269,30,0,0
BRDA:269,30,1,0
BRDA:287,31,0,0
BRDA:287,31,1,0
BRDA:287,32,0,0
BRDA:287,32,1,0
BRDA:295,33,0,0
BRDA:295,33,1,0
BRDA:296,34,0,0
BRDA:296,34,1,0
BRDA:296,34,2,0
BRDA:311,35,0,0
BRDA:311,35,1,0
BRDA:312,36,0,0
BRDA:312,36,1,0
BRDA:321,37,0,0
BRDA:321,37,1,0
BRDA:323,38,0,0
BRDA:323,38,1,0
BRDA:333,39,0,0
BRDA:333,39,1,0
BRDA:335,40,0,0
BRDA:335,40,1,0
BRDA:365,41,0,0
BRDA:365,41,1,0
BRDA:374,42,0,0
BRDA:374,42,1,0
BRDA:378,43,0,0
BRDA:378,43,1,0
BRDA:379,44,0,0
BRDA:379,44,1,0
BRDA:379,44,2,0
BRDA:388,45,0,0
BRDA:388,45,1,0
BRDA:396,46,0,0
BRDA:396,46,1,0
BRDA:400,47,0,0
BRDA:400,47,1,0
BRDA:401,48,0,0
BRDA:401,48,1,0
BRDA:401,48,2,0
BRDA:410,49,0,0
BRDA:410,49,1,0
BRDA:424,50,0,0
BRDA:424,50,1,0
BRDA:424,50,2,0
BRDA:430,51,0,0
BRDA:430,51,1,0
BRDA:430,51,2,0
BRDA:436,52,0,0
BRDA:436,52,1,0
BRDA:436,53,0,0
BRDA:436,53,1,0
BRDA:439,54,0,0
BRDA:439,54,1,0
BRDA:440,55,0,0
BRDA:440,55,1,0
BRDA:441,56,0,0
BRDA:441,56,1,0
BRDA:441,57,0,0
BRDA:441,57,1,0
BRDA:443,58,0,0
BRDA:443,58,1,0
BRDA:444,59,0,0
BRDA:444,59,1,0
BRDA:474,60,0,0
BRDA:474,60,1,0
BRDA:477,61,0,0
BRDA:477,61,1,0
BRDA:479,62,0,0
BRDA:479,62,1,0
BRDA:479,63,0,0
BRDA:479,63,1,0
BRDA:491,64,0,0
BRDA:491,64,1,0
BRDA:494,65,0,0
BRDA:494,65,1,0
BRDA:497,66,0,0
BRDA:497,66,1,0
BRDA:497,67,0,0
BRDA:497,67,1,0
BRDA:500,68,0,0
BRDA:500,68,1,0
BRDA:501,69,0,0
BRDA:501,69,1,0
BRDA:502,70,0,0
BRDA:502,70,1,0
BRDA:502,71,0,0
BRDA:502,71,1,0
BRDA:532,72,0,0
BRDA:532,72,1,0
BRDA:535,73,0,0
BRDA:535,73,1,0
BRDA:536,74,0,0
BRDA:536,74,1,0
BRDA:536,75,0,0
BRDA:536,75,1,0
BRDA:561,76,0,0
BRDA:561,76,1,0
BRDA:576,77,0,0
BRDA:576,77,1,0
BRDA:592,78,0,0
BRDA:592,78,1,0
BRDA:616,79,0,0
BRDA:616,79,1,0
BRDA:617,80,0,0
BRDA:617,80,1,0
BRDA:620,81,0,0
BRDA:620,81,1,0
BRDA:639,82,0,0
BRDA:639,82,1,0
BRDA:640,83,0,0
BRDA:640,83,1,0
BRDA:644,84,0,0
BRDA:644,84,1,0
BRDA:648,85,0,0
BRDA:648,85,1,0
BRDA:662,86,0,0
BRDA:662,86,1,0
BRDA:662,87,0,0
BRDA:662,87,1,0
BRDA:662,87,2,0
BRDA:665,88,0,0
BRDA:665,88,1,0
BRDA:666,89,0,0
BRDA:666,89,1,0
BRDA:666,89,2,0
BRDA:671,90,0,0
BRDA:671,90,1,0
BRDA:672,91,0,0
BRDA:672,91,1,0
BRDA:673,92,0,0
BRDA:673,92,1,0
BRDA:674,93,0,0
BRDA:674,93,1,0
BRDA:680,94,0,0
BRDA:680,94,1,0
BRDA:693,95,0,0
BRDA:693,95,1,0
BRDA:694,96,0,0
BRDA:694,96,1,0
BRDA:696,97,0,0
BRDA:696,97,1,0
BRDA:697,98,0,0
BRDA:697,98,1,0
BRDA:702,99,0,0
BRDA:702,99,1,0
BRDA:705,100,0,0
BRDA:705,100,1,0
BRDA:712,101,0,0
BRDA:712,101,1,0
BRDA:738,102,0,0
BRDA:738,102,1,0
BRDA:747,103,0,0
BRDA:747,103,1,0
BRDA:756,104,0,0
BRDA:756,104,1,0
BRDA:786,105,0,0
BRDA:786,105,1,0
BRDA:790,106,0,0
BRDA:790,106,1,0
BRDA:805,107,0,0
BRDA:805,107,1,0
BRDA:807,108,0,0
BRDA:807,108,1,0
BRDA:817,109,0,0
BRDA:817,109,1,0
BRDA:848,110,0,0
BRDA:848,110,1,0
BRDA:855,111,0,0
BRDA:855,111,1,0
BRDA:868,112,0,0
BRDA:868,112,1,0
BRDA:870,113,0,0
BRDA:870,113,1,0
BRDA:895,114,0,0
BRDA:895,114,1,0
BRDA:897,115,0,0
BRDA:897,115,1,0
BRDA:911,116,0,0
BRDA:911,116,1,0
BRDA:922,117,0,0
BRDA:922,117,1,0
BRDA:923,118,0,0
BRDA:923,118,1,0
BRDA:951,119,0,0
BRDA:951,119,1,0
BRDA:954,120,0,0
BRDA:954,120,1,0
BRDA:958,121,0,0
BRDA:958,121,1,0
BRDA:971,122,0,0
BRDA:971,122,1,0
BRDA:990,123,0,0
BRDA:990,123,1,0
BRDA:998,124,0,0
BRDA:998,124,1,0
BRDA:1000,125,0,0
BRDA:1000,125,1,0
BRDA:1006,126,0,0
BRDA:1006,126,1,0
BRDA:1008,127,0,0
BRDA:1008,127,1,0
BRDA:1015,128,0,0
BRDA:1015,128,1,0
BRDA:1056,129,0,0
BRDA:1056,129,1,0
BRDA:1078,130,0,0
BRDA:1078,130,1,0
BRDA:1082,131,0,0
BRDA:1082,131,1,0
BRDA:1103,132,0,0
BRDA:1103,132,1,0
BRDA:1105,133,0,0
BRDA:1105,133,1,0
BRDA:1121,134,0,0
BRDA:1121,134,1,0
BRDA:1125,135,0,0
BRDA:1125,135,1,0
BRDA:1125,135,2,0
BRDA:1125,135,3,0
BRDA:1131,136,0,0
BRDA:1131,136,1,0
BRDA:1132,137,0,0
BRDA:1132,137,1,0
BRDA:1133,138,0,0
BRDA:1133,138,1,0
BRDA:1133,138,2,0
BRDA:1157,139,0,0
BRDA:1157,139,1,0
BRDA:1160,140,0,0
BRDA:1160,140,1,0
BRDA:1161,141,0,0
BRDA:1161,141,1,0
BRDA:1183,142,0,0
BRDA:1183,142,1,0
BRDA:1184,143,0,0
BRDA:1184,143,1,0
BRDA:1206,144,0,0
BRDA:1206,144,1,0
BRDA:1210,145,0,0
BRDA:1210,145,1,0
BRDA:1243,146,0,0
BRDA:1243,146,1,0
BRDA:1249,147,0,0
BRDA:1249,147,1,0
BRDA:1259,148,0,0
BRDA:1259,148,1,0
BRDA:1285,149,0,0
BRDA:1285,149,1,0
BRDA:1311,150,0,0
BRDA:1311,150,1,0
BRDA:1412,151,0,0
BRDA:1412,151,1,0
BRDA:1414,152,0,0
BRDA:1414,152,1,0
BRDA:1434,153,0,0
BRDA:1434,153,1,0
BRDA:1434,153,2,0
BRDA:1434,153,3,0
BRDA:1443,154,0,0
BRDA:1443,154,1,0
BRDA:1452,155,0,0
BRDA:1452,155,1,0
BRDA:1455,156,0,0
BRDA:1455,156,1,0
BRDA:1474,157,0,0
BRDA:1474,157,1,0
BRDA:1484,158,0,0
BRDA:1484,158,1,0
BRDA:1494,159,0,0
BRDA:1494,159,1,0
BRDA:1496,160,0,0
BRDA:1496,160,1,0
BRDA:1509,161,0,0
BRDA:1509,161,1,0
BRDA:1510,162,0,0
BRDA:1510,162,1,0
BRDA:1511,163,0,0
BRDA:1511,163,1,0
BRDA:1516,164,0,0
BRDA:1516,164,1,0
BRDA:1524,165,0,0
BRDA:1524,165,1,0
BRDA:1541,166,0,0
BRDA:1541,166,1,0
BRDA:1571,167,0,0
BRDA:1571,167,1,0
BRDA:1586,168,0,0
BRDA:1586,168,1,0
BRDA:1597,169,0,0
BRDA:1597,169,1,0
BRDA:1613,170,0,0
BRDA:1613,170,1,0
BRDA:1613,170,2,0
BRDA:1644,171,0,0
BRDA:1644,171,1,0
BRDA:1653,172,0,0
BRDA:1653,172,1,0
BRDA:1653,172,2,0
BRDA:1663,173,0,0
BRDA:1663,173,1,0
BRDA:1663,173,2,0
BRDA:1669,174,0,0
BRDA:1669,174,1,0
BRDA:1691,175,0,0
BRDA:1691,175,1,0
BRF:368
BRH:0
end_of_record
TN:
SF:src/services/firebaseService.ts
FN:19,(anonymous_0)
FN:31,(anonymous_1)
FN:42,(anonymous_2)
FN:46,(anonymous_3)
FN:50,(anonymous_4)
FN:63,(anonymous_5)
FN:77,(anonymous_6)
FN:82,(anonymous_7)
FN:86,(anonymous_8)
FN:90,(anonymous_9)
FN:105,(anonymous_10)
FN:109,(anonymous_11)
FN:118,(anonymous_12)
FN:138,(anonymous_13)
FN:144,(anonymous_14)
FN:146,(anonymous_15)
FN:158,(anonymous_16)
FN:166,(anonymous_17)
FN:176,sanitizeForFirestore
FN:196,(anonymous_19)
FN:220,(anonymous_20)
FN:231,(anonymous_21)
FN:235,(anonymous_22)
FN:239,(anonymous_23)
FN:252,(anonymous_24)
FN:260,logActivity
FN:273,(anonymous_26)
FN:304,(anonymous_27)
FN:314,(anonymous_28)
FN:324,(anonymous_29)
FN:368,(anonymous_30)
FN:377,(anonymous_31)
FN:388,(anonymous_32)
FN:399,(anonymous_33)
FN:401,(anonymous_34)
FN:413,(anonymous_35)
FN:436,(anonymous_36)
FN:447,(anonymous_37)
FN:451,(anonymous_38)
FN:456,autoFixSegregatedCartsForTunnelClients
FN:482,(anonymous_40)
FN:502,(anonymous_41)
FN:512,getClientAvatarUrl
FN:520,(anonymous_43)
FN:524,(anonymous_44)
FN:528,(anonymous_45)
FN:536,(anonymous_46)
FN:538,(anonymous_47)
FNF:48
FNH:2
FNDA:0,(anonymous_0)
FNDA:0,(anonymous_1)
FNDA:0,(anonymous_2)
FNDA:0,(anonymous_3)
FNDA:0,(anonymous_4)
FNDA:0,(anonymous_5)
FNDA:0,(anonymous_6)
FNDA:0,(anonymous_7)
FNDA:0,(anonymous_8)
FNDA:0,(anonymous_9)
FNDA:0,(anonymous_10)
FNDA:0,(anonymous_11)
FNDA:0,(anonymous_12)
FNDA:0,(anonymous_13)
FNDA:0,(anonymous_14)
FNDA:0,(anonymous_15)
FNDA:0,(anonymous_16)
FNDA:0,(anonymous_17)
FNDA:0,sanitizeForFirestore
FNDA:0,(anonymous_19)
FNDA:0,(anonymous_20)
FNDA:0,(anonymous_21)
FNDA:0,(anonymous_22)
FNDA:0,(anonymous_23)
FNDA:0,(anonymous_24)
FNDA:0,logActivity
FNDA:0,(anonymous_26)
FNDA:0,(anonymous_27)
FNDA:0,(anonymous_28)
FNDA:0,(anonymous_29)
FNDA:0,(anonymous_30)
FNDA:0,(anonymous_31)
FNDA:0,(anonymous_32)
FNDA:0,(anonymous_33)
FNDA:0,(anonymous_34)
FNDA:0,(anonymous_35)
FNDA:0,(anonymous_36)
FNDA:0,(anonymous_37)
FNDA:0,(anonymous_38)
FNDA:1,autoFixSegregatedCartsForTunnelClients
FNDA:0,(anonymous_40)
FNDA:0,(anonymous_41)
FNDA:6,getClientAvatarUrl
FNDA:0,(anonymous_43)
FNDA:0,(anonymous_44)
FNDA:0,(anonymous_45)
FNDA:0,(anonymous_46)
FNDA:0,(anonymous_47)
DA:1,1
DA:13,1
DA:14,1
DA:19,1
DA:20,0
DA:21,0
DA:22,0
DA:23,0
DA:24,0
DA:26,0
DA:27,0
DA:31,1
DA:32,0
DA:34,0
DA:39,0
DA:42,1
DA:43,0
DA:46,1
DA:47,0
DA:48,0
DA:49,0
DA:50,0
DA:54,0
DA:55,0
DA:57,0
DA:58,0
DA:63,1
DA:64,0
DA:66,0
DA:67,0
DA:68,0
DA:69,0
DA:70,0
DA:72,0
DA:73,0
DA:77,1
DA:78,0
DA:79,0
DA:82,1
DA:83,0
DA:86,1
DA:87,0
DA:88,0
DA:89,0
DA:90,0
DA:94,0
DA:95,0
DA:97,0
DA:98,0
DA:103,1
DA:105,1
DA:107,0
DA:108,0
DA:109,0
DA:110,0
DA:111,0
DA:112,0
DA:115,0
DA:118,1
DA:119,0
DA:120,0
DA:121,0
DA:122,0
DA:124,0
DA:138,1
DA:140,0
DA:141,0
DA:144,1
DA:145,0
DA:146,0
DA:147,0
DA:148,0
DA:158,1
DA:159,0
DA:160,0
DA:161,0
DA:162,0
DA:166,1
DA:167,0
DA:168,0
DA:169,0
DA:170,0
DA:171,0
DA:177,0
DA:178,0
DA:179,0
DA:180,0
DA:181,0
DA:182,0
DA:183,0
DA:184,0
DA:185,0
DA:186,0
DA:188,0
DA:191,0
DA:193,0
DA:196,1
DA:200,0
DA:201,0
DA:202,0
DA:203,0
DA:204,0
DA:205,0
DA:208,0
DA:212,0
DA:213,0
DA:215,0
DA:216,0
DA:220,1
DA:224,0
DA:225,0
DA:231,1
DA:232,0
DA:235,1
DA:236,0
DA:237,0
DA:238,0
DA:239,0
DA:243,0
DA:244,0
DA:246,0
DA:247,0
DA:252,1
DA:253,0
DA:254,0
DA:255,0
DA:260,1
DA:261,0
DA:262,0
DA:273,1
DA:283,0
DA:284,0
DA:288,0
DA:289,0
DA:291,0
DA:296,0
DA:298,0
DA:299,0
DA:304,1
DA:305,0
DA:306,0
DA:308,0
DA:309,0
DA:314,1
DA:315,0
DA:316,0
DA:318,0
DA:319,0
DA:324,1
DA:336,0
DA:338,0
DA:340,0
DA:341,0
DA:342,0
DA:343,0
DA:345,0
DA:346,0
DA:348,0
DA:352,0
DA:354,0
DA:361,0
DA:363,0
DA:364,0
DA:368,1
DA:369,0
DA:370,0
DA:372,0
DA:373,0
DA:377,1
DA:378,0
DA:379,0
DA:380,0
DA:381,0
DA:382,0
DA:387,0
DA:388,0
DA:389,0
DA:390,0
DA:399,1
DA:400,0
DA:401,0
DA:402,0
DA:403,0
DA:413,1
DA:422,0
DA:423,0
DA:432,0
DA:436,1
DA:437,0
DA:438,0
DA:439,0
DA:440,0
DA:441,0
DA:446,0
DA:447,0
DA:451,1
DA:452,0
DA:456,1
DA:457,1
DA:458,1
DA:459,1
DA:460,0
DA:461,0
DA:462,0
DA:463,0
DA:464,0
DA:465,0
DA:471,0
DA:482,1
DA:483,0
DA:484,0
DA:485,0
DA:486,0
DA:487,0
DA:488,0
DA:489,0
DA:490,0
DA:495,0
DA:502,1
DA:506,0
DA:512,1
DA:513,6
DA:514,2
DA:516,4
DA:520,1
DA:522,0
DA:523,0
DA:524,0
DA:525,0
DA:526,0
DA:528,0
DA:529,0
DA:530,0
DA:531,0
DA:533,0
DA:536,0
DA:539,0
DA:540,0
DA:541,0
DA:547,0
DA:550,0
DA:551,0
DA:558,0
LF:243
LH:45
BRDA:36,0,0,0
BRDA:36,0,1,0
BRDA:37,1,0,0
BRDA:37,1,1,0
BRDA:111,2,0,0
BRDA:111,2,1,0
BRDA:111,3,0,0
BRDA:111,3,1,0
BRDA:120,4,0,0
BRDA:120,4,1,0
BRDA:152,5,0,0
BRDA:152,5,1,0
BRDA:153,6,0,0
BRDA:153,6,1,0
BRDA:177,7,0,0
BRDA:177,7,1,0
BRDA:179,8,0,0
BRDA:179,8,1,0
BRDA:179,9,0,0
BRDA:179,9,1,0
BRDA:182,10,0,0
BRDA:182,10,1,0
BRDA:183,11,0,0
BRDA:183,11,1,0
BRDA:185,12,0,0
BRDA:185,12,1,0
BRDA:204,13,0,0
BRDA:204,13,1,0
BRDA:265,14,0,0
BRDA:265,14,1,0
BRDA:286,15,0,0
BRDA:286,15,1,0
BRDA:338,16,0,0
BRDA:338,16,1,0
BRDA:343,17,0,0
BRDA:343,17,1,0
BRDA:345,18,0,0
BRDA:345,18,1,0
BRDA:345,19,0,0
BRDA:345,19,1,0
BRDA:345,19,2,0
BRDA:358,20,0,0
BRDA:358,20,1,0
BRDA:359,21,0,0
BRDA:359,21,1,0
BRDA:393,22,0,0
BRDA:393,22,1,0
BRDA:394,23,0,0
BRDA:394,23,1,0
BRDA:406,24,0,0
BRDA:406,24,1,0
BRDA:407,25,0,0
BRDA:407,25,1,0
BRDA:430,26,0,0
BRDA:430,26,1,0
BRDA:430,27,0,0
BRDA:430,27,1,0
BRDA:436,28,0,0
BRDA:461,29,0,0
BRDA:461,29,1,0
BRDA:463,30,0,0
BRDA:463,30,1,0
BRDA:465,31,0,0
BRDA:465,31,1,0
BRDA:466,32,0,0
BRDA:466,32,1,0
BRDA:466,32,2,0
BRDA:466,32,3,0
BRDA:484,33,0,0
BRDA:484,33,1,0
BRDA:486,34,0,0
BRDA:486,34,1,0
BRDA:488,35,0,0
BRDA:488,35,1,0
BRDA:490,36,0,0
BRDA:490,36,1,0
BRDA:491,37,0,0
BRDA:491,37,1,0
BRDA:491,37,2,0
BRDA:513,38,0,2
BRDA:513,38,1,4
BRDA:513,39,0,6
BRDA:513,39,1,5
BRDA:513,39,2,4
BRDA:528,40,0,0
BRDA:528,40,1,0
BRDA:529,41,0,0
BRDA:529,41,1,0
BRDA:536,42,0,0
BRDA:536,42,1,0
BRDA:538,43,0,0
BRDA:538,43,1,0
BRDA:539,44,0,0
BRDA:539,44,1,0
BRDA:543,45,0,0
BRDA:543,45,1,0
BRDA:544,46,0,0
BRDA:544,46,1,0
BRDA:550,47,0,0
BRDA:550,47,1,0
BRF:100
BRH:5
end_of_record
TN:
SF:src/services/themeService.ts
FN:8,getGlobalThemeSettings
FN:14,setGlobalThemeSettings
FN:19,subscribeToGlobalThemeSettings
FN:21,(anonymous_3)
FNF:4
FNH:0
FNDA:0,getGlobalThemeSettings
FNDA:0,setGlobalThemeSettings
FNDA:0,subscribeToGlobalThemeSettings
FNDA:0,(anonymous_3)
DA:2,0
DA:3,0
DA:5,0
DA:6,0
DA:8,0
DA:9,0
DA:10,0
DA:11,0
DA:14,0
DA:15,0
DA:16,0
DA:19,0
DA:20,0
DA:21,0
DA:22,0
LF:15
LH:0
BRDA:11,0,0,0
BRDA:11,0,1,0
BRDA:22,1,0,0
BRDA:22,1,1,0
BRF:4
BRH:0
end_of_record
